<?xml version="1.0" encoding="UTF-8"?>
<testsuites name="SmokeTest" time="225" tests="5" failures="1" errors="0">
   <testsuite name="SmokeTest" tests="5" failures="1" errors="0" time="225" timestamp="2019-05-27 23:11:42" hostname="Promantus Inc - G10PROLT021" id="Test Suites/SmokeTest">
      <properties>
         <property name="deviceName" value=""/>
         <property name="devicePlatform" value=""/>
         <property name="logFolder" value="C:\\Users\\Promantus Inc\\Katalon Studio\\Usgbc_LeedOnline_ScoreCard\\Reports\\SmokeTest\\20190527_231135"/>
         <property name="logFiles" value="C:\\Users\\Promantus Inc\\Katalon Studio\\Usgbc_LeedOnline_ScoreCard\\Reports\\SmokeTest\\20190527_231135\\execution0.log"/>
         <property name="attachments" value="C:\\Users\\Promantus Inc\\Katalon Studio\\Usgbc_LeedOnline_ScoreCard\\Reports\\SmokeTest\\20190527_231135\\1558978935324.png, C:\\Users\\Promantus Inc\\Katalon Studio\\Usgbc_LeedOnline_ScoreCard\\Reports\\SmokeTest\\20190527_231135\\1558978935730.png"/>
         <property name="hostName" value="Promantus Inc - G10PROLT021"/>
         <property name="os" value="Windows 10 64bit"/>
         <property name="katalonVersion" value="6.0.5.4"/>
         <property name="browser" value="Chrome 74.0.3729.169"/>
         <property name="hostAddress" value="192.168.0.104"/>
         <property name="sessionId" value="d0be1d4fd4edddd17bdb27dba5730b19"/>
         <property name="seleniumVersion" value="3.7.1"/>
         <property name="proxyInformation" value="ProxyInformation{proxyOption=NO_PROXY, proxyServerType=HTTP, password=, proxyServerAddress=, proxyServerPort=0}"/>
         <property name="platform" value="Windows 10"/>
      </properties>
      <testcase name="Test Cases/LightPollutionReduction/TC_LPR_FixtureSheildingForm" classname="Test Cases/LightPollutionReduction/TC_LPR_FixtureSheildingForm" status="FAILED">
         <failure type="FAILED" message="Test Cases/LightPollutionReduction/TC_LPR_FixtureSheildingForm FAILED.
Reason:
com.kms.katalon.core.exception.StepFailedException: These following reason:
 [Unable to verify object 'Object Repository/LightPollutionReduction/FixtureShielding/input_Option 1. Fixture Shielding_exteriorFixtures' is checked]
	at com.kms.katalon.core.keyword.internal.KeywordMain.stepFailed(KeywordMain.groovy:48)
	at com.kms.katalon.core.keyword.internal.KeywordMain.stepFailed(KeywordMain.groovy)
	at com.kms.katalon.core.keyword.internal.KeywordMain.stepFailed(KeywordMain.groovy:21)
	at com.kms.katalon.core.keyword.internal.KeywordMain$stepFailed$0.call(Unknown Source)
	at com.kms.katalon.core.cucumber.keyword.CucumberBuiltinKeywords$_runWithCucumberRunner_closure3.doCall(CucumberBuiltinKeywords.groovy:272)
	at com.kms.katalon.core.cucumber.keyword.CucumberBuiltinKeywords$_runWithCucumberRunner_closure3.doCall(CucumberBuiltinKeywords.groovy)
	at com.kms.katalon.core.keyword.internal.KeywordMain.runKeyword(KeywordMain.groovy:66)
	at com.kms.katalon.core.keyword.internal.KeywordMain$runKeyword.call(Unknown Source)
	at com.kms.katalon.core.cucumber.keyword.CucumberBuiltinKeywords.runWithCucumberRunner(CucumberBuiltinKeywords.groovy:257)
	at com.kms.katalon.core.cucumber.keyword.CucumberBuiltinKeywords$runWithCucumberRunner$0.callStatic(Unknown Source)
	at com.kms.katalon.core.cucumber.keyword.CucumberBuiltinKeywords.runWithCucumberRunner(CucumberBuiltinKeywords.groovy:357)
	at com.kms.katalon.core.cucumber.keyword.CucumberBuiltinKeywords$runWithCucumberRunner.call(Unknown Source)
	at TC_LPR_FixtureSheildingForm.run(TC_LPR_FixtureSheildingForm:17)
	at com.kms.katalon.core.main.ScriptEngine.run(ScriptEngine.java:194)
	at com.kms.katalon.core.main.ScriptEngine.runScriptAsRawText(ScriptEngine.java:119)
	at com.kms.katalon.core.main.TestCaseExecutor.runScript(TestCaseExecutor.java:331)
	at com.kms.katalon.core.main.TestCaseExecutor.doExecute(TestCaseExecutor.java:322)
	at com.kms.katalon.core.main.TestCaseExecutor.processExecutionPhase(TestCaseExecutor.java:301)
	at com.kms.katalon.core.main.TestCaseExecutor.accessMainPhase(TestCaseExecutor.java:293)
	at com.kms.katalon.core.main.TestCaseExecutor.execute(TestCaseExecutor.java:227)
	at com.kms.katalon.core.main.TestSuiteExecutor.accessTestCaseMainPhase(TestSuiteExecutor.java:129)
	at com.kms.katalon.core.main.TestSuiteExecutor.accessTestSuiteMainPhase(TestSuiteExecutor.java:112)
	at com.kms.katalon.core.main.TestSuiteExecutor.execute(TestSuiteExecutor.java:81)
	at com.kms.katalon.core.main.TestCaseMain.startTestSuite(TestCaseMain.java:157)
	at com.kms.katalon.core.main.TestCaseMain$startTestSuite$0.call(Unknown Source)
	at TempTestSuite1558978895648.run(TempTestSuite1558978895648.groovy:35)
"/>
         <system-out><![CDATA[2019-05-27 23:11:42 - [TEST_CASE][FAILED] - Test Cases/LightPollutionReduction/TC_LPR_FixtureSheildingForm: Test Cases/LightPollutionReduction/TC_LPR_FixtureSheildingForm FAILED.
Reason:
com.kms.katalon.core.exception.StepFailedException: These following reason:
 [Unable to verify object 'Object Repository/LightPollutionReduction/FixtureShielding/input_Option 1. Fixture Shielding_exteriorFixtures' is checked]
	at com.kms.katalon.core.keyword.internal.KeywordMain.stepFailed(KeywordMain.groovy:48)
	at com.kms.katalon.core.keyword.internal.KeywordMain.stepFailed(KeywordMain.groovy)
	at com.kms.katalon.core.keyword.internal.KeywordMain.stepFailed(KeywordMain.groovy:21)
	at com.kms.katalon.core.keyword.internal.KeywordMain$stepFailed$0.call(Unknown Source)
	at com.kms.katalon.core.cucumber.keyword.CucumberBuiltinKeywords$_runWithCucumberRunner_closure3.doCall(CucumberBuiltinKeywords.groovy:272)
	at com.kms.katalon.core.cucumber.keyword.CucumberBuiltinKeywords$_runWithCucumberRunner_closure3.doCall(CucumberBuiltinKeywords.groovy)
	at com.kms.katalon.core.keyword.internal.KeywordMain.runKeyword(KeywordMain.groovy:66)
	at com.kms.katalon.core.keyword.internal.KeywordMain$runKeyword.call(Unknown Source)
	at com.kms.katalon.core.cucumber.keyword.CucumberBuiltinKeywords.runWithCucumberRunner(CucumberBuiltinKeywords.groovy:257)
	at com.kms.katalon.core.cucumber.keyword.CucumberBuiltinKeywords$runWithCucumberRunner$0.callStatic(Unknown Source)
	at com.kms.katalon.core.cucumber.keyword.CucumberBuiltinKeywords.runWithCucumberRunner(CucumberBuiltinKeywords.groovy:357)
	at com.kms.katalon.core.cucumber.keyword.CucumberBuiltinKeywords$runWithCucumberRunner.call(Unknown Source)
	at TC_LPR_FixtureSheildingForm.run(TC_LPR_FixtureSheildingForm:17)
	at com.kms.katalon.core.main.ScriptEngine.run(ScriptEngine.java:194)
	at com.kms.katalon.core.main.ScriptEngine.runScriptAsRawText(ScriptEngine.java:119)
	at com.kms.katalon.core.main.TestCaseExecutor.runScript(TestCaseExecutor.java:331)
	at com.kms.katalon.core.main.TestCaseExecutor.doExecute(TestCaseExecutor.java:322)
	at com.kms.katalon.core.main.TestCaseExecutor.processExecutionPhase(TestCaseExecutor.java:301)
	at com.kms.katalon.core.main.TestCaseExecutor.accessMainPhase(TestCaseExecutor.java:293)
	at com.kms.katalon.core.main.TestCaseExecutor.execute(TestCaseExecutor.java:227)
	at com.kms.katalon.core.main.TestSuiteExecutor.accessTestCaseMainPhase(TestSuiteExecutor.java:129)
	at com.kms.katalon.core.main.TestSuiteExecutor.accessTestSuiteMainPhase(TestSuiteExecutor.java:112)
	at com.kms.katalon.core.main.TestSuiteExecutor.execute(TestSuiteExecutor.java:81)
	at com.kms.katalon.core.main.TestCaseMain.startTestSuite(TestCaseMain.java:157)
	at com.kms.katalon.core.main.TestCaseMain$startTestSuite$0.call(Unknown Source)
	at TempTestSuite1558978895648.run(TempTestSuite1558978895648.groovy:35)


2019-05-27 23:11:43 - [TEST_STEP][FAILED] - runWithCucumberRunner(lightPollutionReductionForm.Runner_LPR_FixtureSheildingForm): runWithCucumberRunner(lightPollutionReductionForm.Runner_LPR_FixtureSheildingForm) FAILED.
Reason:
com.kms.katalon.core.exception.StepFailedException: These following reason:
 [Unable to verify object 'Object Repository/LightPollutionReduction/FixtureShielding/input_Option 1. Fixture Shielding_exteriorFixtures' is checked]
	at com.kms.katalon.core.keyword.internal.KeywordMain.stepFailed(KeywordMain.groovy:48)
	at com.kms.katalon.core.keyword.internal.KeywordMain.stepFailed(KeywordMain.groovy)
	at com.kms.katalon.core.keyword.internal.KeywordMain.stepFailed(KeywordMain.groovy:21)
	at com.kms.katalon.core.keyword.internal.KeywordMain$stepFailed$0.call(Unknown Source)
	at com.kms.katalon.core.cucumber.keyword.CucumberBuiltinKeywords$_runWithCucumberRunner_closure3.doCall(CucumberBuiltinKeywords.groovy:272)
	at com.kms.katalon.core.cucumber.keyword.CucumberBuiltinKeywords$_runWithCucumberRunner_closure3.doCall(CucumberBuiltinKeywords.groovy)
	at com.kms.katalon.core.keyword.internal.KeywordMain.runKeyword(KeywordMain.groovy:66)
	at com.kms.katalon.core.keyword.internal.KeywordMain$runKeyword.call(Unknown Source)
	at com.kms.katalon.core.cucumber.keyword.CucumberBuiltinKeywords.runWithCucumberRunner(CucumberBuiltinKeywords.groovy:257)
	at com.kms.katalon.core.cucumber.keyword.CucumberBuiltinKeywords$runWithCucumberRunner$0.callStatic(Unknown Source)
	at com.kms.katalon.core.cucumber.keyword.CucumberBuiltinKeywords.runWithCucumberRunner(CucumberBuiltinKeywords.groovy:357)
	at com.kms.katalon.core.cucumber.keyword.CucumberBuiltinKeywords$runWithCucumberRunner.call(Unknown Source)
	at TC_LPR_FixtureSheildingForm.run(TC_LPR_FixtureSheildingForm:17)
	at com.kms.katalon.core.main.ScriptEngine.run(ScriptEngine.java:194)
	at com.kms.katalon.core.main.ScriptEngine.runScriptAsRawText(ScriptEngine.java:119)
	at com.kms.katalon.core.main.TestCaseExecutor.runScript(TestCaseExecutor.java:331)
	at com.kms.katalon.core.main.TestCaseExecutor.doExecute(TestCaseExecutor.java:322)
	at com.kms.katalon.core.main.TestCaseExecutor.processExecutionPhase(TestCaseExecutor.java:301)
	at com.kms.katalon.core.main.TestCaseExecutor.accessMainPhase(TestCaseExecutor.java:293)
	at com.kms.katalon.core.main.TestCaseExecutor.execute(TestCaseExecutor.java:227)
	at com.kms.katalon.core.main.TestSuiteExecutor.accessTestCaseMainPhase(TestSuiteExecutor.java:129)
	at com.kms.katalon.core.main.TestSuiteExecutor.accessTestSuiteMainPhase(TestSuiteExecutor.java:112)
	at com.kms.katalon.core.main.TestSuiteExecutor.execute(TestSuiteExecutor.java:81)
	at com.kms.katalon.core.main.TestCaseMain.startTestSuite(TestCaseMain.java:157)
	at com.kms.katalon.core.main.TestCaseMain$startTestSuite$0.call(Unknown Source)
	at TempTestSuite1558978895648.run(TempTestSuite1558978895648.groovy:35)


2019-05-27 23:11:45 - [TEST_CASE][PASSED] - Test Cases/LightPollutionReduction/TC_NavigateToLPR: Test Cases/LightPollutionReduction/TC_NavigateToLPR

2019-05-27 23:11:46 - [TEST_STEP][PASSED] - runWithCucumberRunner(lightPollutionReductionForm.Runner_NavigateToLPR): Run with 'lightPollutionReductionForm.Runner_NavigateToLPR' was passed

2019-05-27 23:11:46 - [TEST_CASE][PASSED] - Test Cases/Login/TC_Login: Test Cases/Login/TC_Login

2019-05-27 23:11:46 - [TEST_STEP][PASSED] - runWithCucumberRunner(common.Runner_Login): Run with 'common.Runner_Login' was passed

2019-05-27 23:11:47 - [MESSAGE][INFO] - Starting 'Chrome' driver

2019-05-27 23:11:47 - [MESSAGE][INFO] - User set preference: ['args', '[--window-size=1920,1080]']

2019-05-27 23:11:47 - [MESSAGE][INFO] - Action delay is set to 0 seconds

2019-05-27 23:11:51 - [MESSAGE][PASSED] - Browser is opened with url: ''

2019-05-27 23:11:53 - [MESSAGE][PASSED] - Navigate to 'https://leedonline-stg.usgbc.org' successfully

2019-05-27 23:11:56 - [MESSAGE][PASSED] - Delayed 2 second(s)

2019-05-27 23:11:56 - [MESSAGE][PASSED] - Text 'jaypeejay@hotmail.com' is set on object 'Object Repository/Login/input_username'

2019-05-27 23:11:56 - [MESSAGE][PASSED] - Text 'initpass' is set on object 'Object Repository/Login/input_password'

2019-05-27 23:11:59 - [MESSAGE][PASSED] - Delayed 3 second(s)

2019-05-27 23:11:59 - [MESSAGE][PASSED] - Scroll to object 'Object Repository/Login/span_End User License Agreement' successfully

2019-05-27 23:11:59 - [MESSAGE][PASSED] - Object 'Object Repository/Login/span_End User License Agreement' is visible

2019-05-27 23:11:59 - [MESSAGE][PASSED] - Object 'Object Repository/Login/span_End User License Agreement' is checked

2019-05-27 23:12:00 - [MESSAGE][PASSED] - Delayed 1 second(s)

2019-05-27 23:12:01 - [MESSAGE][PASSED] - Object: 'Object Repository/Login/button_Log In' is clicked on

2019-05-27 23:12:06 - [MESSAGE][PASSED] - Object: '' is clicked on

2019-05-27 23:12:08 - [MESSAGE][PASSED] - Object: 'Object Repository/Login/a_Credits' is clicked on

2019-05-27 23:12:08 - [MESSAGE][PASSED] - Run with 'common.Runner_Login' was passed

2019-05-27 23:12:08 - [MESSAGE][PASSED] - Call Test Case 'Test Cases/Login/TC_Login' successfully

2019-05-27 23:12:08 - [MESSAGE][PASSED] - Scroll to object 'Object Repository/LightPollutionReduction/div_Light Pollution Reduction' successfully

2019-05-27 23:12:08 - [MESSAGE][PASSED] - Object 'Object Repository/LightPollutionReduction/div_Light Pollution Reduction' is present

2019-05-27 23:12:08 - [MESSAGE][PASSED] - Text of object 'Object Repository/LightPollutionReduction/h3_Status' is: 'ATTEMPTED'

2019-05-27 23:12:08 - [MESSAGE][PASSED] - Text of object 'Object Repository/Page_LEED Online/div_Attempted Im still working Im done Withdraw Attempt Open to update' is: 'ATTEMPTED'

2019-05-27 23:12:08 - [MESSAGE][PASSED] - Object: 'Object Repository/LightPollutionReduction/div_Light Pollution Reduction' is clicked on

2019-05-27 23:12:12 - [MESSAGE][PASSED] - Object: 'Object Repository/LightPollutionReduction/span_(V01)' is clicked on

2019-05-27 23:12:12 - [MESSAGE][PASSED] - Object 'Object Repository/LightPollutionReduction/div_LPRForm' is present

2019-05-27 23:12:12 - [MESSAGE][PASSED] - Run with 'lightPollutionReductionForm.Runner_NavigateToLPR' was passed

2019-05-27 23:12:12 - [MESSAGE][PASSED] - Call Test Case 'Test Cases/LightPollutionReduction/TC_NavigateToLPR' successfully

2019-05-27 23:12:12 - [MESSAGE][PASSED] - Object 'Object Repository/LightPollutionReduction/FixtureShielding/input_Select one of the following_selectedOption' is present

2019-05-27 23:12:12 - [MESSAGE][PASSED] - Object: 'Object Repository/LightPollutionReduction/FixtureShielding/input_Select one of the following_selectedOption' is clicked on

2019-05-27 23:12:14 - [MESSAGE][PASSED] - Delayed 2 second(s)

2019-05-27 23:12:14 - [MESSAGE][PASSED] - Text 'Option 1. Fixture Shielding' is present on page 

2019-05-27 23:12:15 - [MESSAGE][WARNING] - Timeout '0' is invalid. Using default page load timeout: '30'

2019-05-27 23:12:15 - [MESSAGE][WARNING] - Timeout '0' is invalid. Using default page load timeout: '30'

2019-05-27 23:12:15 - [MESSAGE][PASSED] - Object 'Object Repository/LightPollutionReduction/FixtureShielding/input_Option 1. Fixture Shielding_exteriorFixtures' is present

2019-05-27 23:12:15 - [MESSAGE][PASSED] - Object: 'Object Repository/LightPollutionReduction/FixtureShielding/input_Option 1. Fixture Shielding_exteriorFixtures' is clicked on

2019-05-27 23:12:15 - [MESSAGE][FAILED] - Object 'Object Repository/LightPollutionReduction/FixtureShielding/input_Option 1. Fixture Shielding_exteriorFixtures' is not checked
[[ATTACHMENT|C:\\Users\\Promantus Inc\\Katalon Studio\\Usgbc_LeedOnline_ScoreCard\\Reports\\SmokeTest\\20190527_231135\\1558978935324.png]]

2019-05-27 23:12:16 - [MESSAGE][FAILED] - Unable to verify object 'Object Repository/LightPollutionReduction/FixtureShielding/input_Option 1. Fixture Shielding_exteriorFixtures' is checked
[[ATTACHMENT|C:\\Users\\Promantus Inc\\Katalon Studio\\Usgbc_LeedOnline_ScoreCard\\Reports\\SmokeTest\\20190527_231135\\1558978935730.png]]

2019-05-27 23:12:16 - [MESSAGE][PASSED] - Object 'Object Repository/LightPollutionReduction/FixtureShielding/Upload_shielding information/p_Upload shielding information' is present

2019-05-27 23:12:16 - [MESSAGE][PASSED] - Scroll to object 'Object Repository/LightPollutionReduction/FixtureShielding/Upload_shielding information/p_Upload shielding information' successfully

2019-05-27 23:12:16 - [MESSAGE][PASSED] - Object 'Object Repository/LightPollutionReduction/FixtureShielding/Upload_shielding information/Addfile_shielding information/btn_shielding information' has attribute 'class' with value 'tiny ui button'

2019-05-27 23:12:16 - [MESSAGE][PASSED] - File 'C:\Users\Promantus Inc\Katalon Studio\Usgbc_LeedOnline_ScoreCard\Include\TestData\MultipleFileDiffExt\SampleGIFImage_350kbmb.gif' sent to object: 'Object Repository/LightPollutionReduction/FixtureShielding/Upload_shielding information/Addfile_shielding information/input_file'

2019-05-27 23:12:17 - [MESSAGE][PASSED] - Delayed 1 second(s)

2019-05-27 23:12:18 - [MESSAGE][PASSED] - Object 'Object Repository/LightPollutionReduction/FixtureShielding/Upload_shielding information/Addfile_shielding information/btn_shielding information' has attribute 'class' with value 'tiny ui button'

2019-05-27 23:12:18 - [MESSAGE][PASSED] - File 'C:\Users\Promantus Inc\Katalon Studio\Usgbc_LeedOnline_ScoreCard\Include\TestData\MultipleFileDiffExt\SamplePPTFile_1000kb.ppt' sent to object: 'Object Repository/LightPollutionReduction/FixtureShielding/Upload_shielding information/Addfile_shielding information/input_file'

2019-05-27 23:12:19 - [MESSAGE][PASSED] - Delayed 1 second(s)

2019-05-27 23:12:21 - [MESSAGE][PASSED] - Object 'Object Repository/LightPollutionReduction/FixtureShielding/Upload_shielding information/Addfile_shielding information/btn_shielding information' has attribute 'class' with value 'tiny ui button'

2019-05-27 23:12:21 - [MESSAGE][PASSED] - File 'C:\Users\Promantus Inc\Katalon Studio\Usgbc_LeedOnline_ScoreCard\Include\TestData\MultipleFileDiffExt\ZZ.pdf' sent to object: 'Object Repository/LightPollutionReduction/FixtureShielding/Upload_shielding information/Addfile_shielding information/input_file'

2019-05-27 23:12:22 - [MESSAGE][PASSED] - Delayed 1 second(s)

2019-05-27 23:12:22 - [MESSAGE][PASSED] - Object 'Object Repository/LightPollutionReduction/FixtureShielding/input_PercentIncrease' is present

2019-05-27 23:12:22 - [MESSAGE][PASSED] - Text '677' is set on object 'Object Repository/LightPollutionReduction/FixtureShielding/input_PercentIncrease'

2019-05-27 23:12:25 - [MESSAGE][PASSED] - Delayed 3 second(s)

2019-05-27 23:12:25 - [MESSAGE][PASSED] - Scroll to object 'Object Repository/LightPollutionReduction/FixtureShielding/Upload_shielding information/p_Upload shielding information' successfully

2019-05-27 23:12:25 - [MESSAGE][PASSED] - Attribute 'value' of object 'Object Repository/LightPollutionReduction/FixtureShielding/input_PercentIncrease' is: '677'

2019-05-27 23:12:25 - [MESSAGE][PASSED] - Actual text '677' and expected text '677' are matched 

2019-05-27 23:12:25 - [MESSAGE][PASSED] - Object 'Object Repository/LightPollutionReduction/FixtureShielding/Upload_siteplan/p_Upload a site plan with scal' is present

2019-05-27 23:12:25 - [MESSAGE][PASSED] - Scroll to object 'Object Repository/LightPollutionReduction/FixtureShielding/Upload_siteplan/p_Upload a site plan with scal' successfully

2019-05-27 23:12:26 - [MESSAGE][PASSED] - Object 'Object Repository/LightPollutionReduction/FixtureShielding/Upload_siteplan/Addfile_siteplan/btn_siteplan' has attribute 'class' with value 'tiny ui button'

2019-05-27 23:12:26 - [MESSAGE][PASSED] - File 'C:\Users\Promantus Inc\Katalon Studio\Usgbc_LeedOnline_ScoreCard\Include\TestData\MultipleFileDiffExt\SampleGIFImage_350kbmb.gif' sent to object: 'Object Repository/LightPollutionReduction/FixtureShielding/Upload_siteplan/Addfile_siteplan/input_siteplan'

2019-05-27 23:12:27 - [MESSAGE][PASSED] - Delayed 1 second(s)

2019-05-27 23:12:27 - [MESSAGE][PASSED] - Object 'Object Repository/LightPollutionReduction/FixtureShielding/Upload_siteplan/Addfile_siteplan/btn_siteplan' has attribute 'class' with value 'tiny ui button'

2019-05-27 23:12:27 - [MESSAGE][PASSED] - File 'C:\Users\Promantus Inc\Katalon Studio\Usgbc_LeedOnline_ScoreCard\Include\TestData\MultipleFileDiffExt\SamplePPTFile_1000kb.ppt' sent to object: 'Object Repository/LightPollutionReduction/FixtureShielding/Upload_siteplan/Addfile_siteplan/input_siteplan'

2019-05-27 23:12:28 - [MESSAGE][PASSED] - Delayed 1 second(s)

2019-05-27 23:12:30 - [MESSAGE][PASSED] - Object 'Object Repository/LightPollutionReduction/FixtureShielding/Upload_siteplan/Addfile_siteplan/btn_siteplan' has attribute 'class' with value 'tiny ui button'

2019-05-27 23:12:30 - [MESSAGE][PASSED] - File 'C:\Users\Promantus Inc\Katalon Studio\Usgbc_LeedOnline_ScoreCard\Include\TestData\MultipleFileDiffExt\ZZ.pdf' sent to object: 'Object Repository/LightPollutionReduction/FixtureShielding/Upload_siteplan/Addfile_siteplan/input_siteplan'

2019-05-27 23:12:31 - [MESSAGE][PASSED] - Delayed 1 second(s)

2019-05-27 23:12:31 - [MESSAGE][PASSED] - Object 'Object Repository/LightPollutionReduction/FixtureShielding/Upload_SpecialCircumstances/p_Upload any additional docume' is present

2019-05-27 23:12:31 - [MESSAGE][PASSED] - Scroll to object 'Object Repository/LightPollutionReduction/FixtureShielding/Upload_SpecialCircumstances/p_Upload any additional docume' successfully

2019-05-27 23:12:31 - [MESSAGE][PASSED] - Object 'Object Repository/LightPollutionReduction/FixtureShielding/Upload_SpecialCircumstances/Addfile_SpecialCicumstances/btn_SpecialCircumstances' has attribute 'class' with value 'tiny ui button'

2019-05-27 23:12:31 - [MESSAGE][PASSED] - File 'C:\Users\Promantus Inc\Katalon Studio\Usgbc_LeedOnline_ScoreCard\Include\TestData\MultipleFileDiffExt\SampleGIFImage_350kbmb.gif' sent to object: 'Object Repository/LightPollutionReduction/FixtureShielding/Upload_SpecialCircumstances/Addfile_SpecialCicumstances/input_additional'

2019-05-27 23:12:32 - [MESSAGE][PASSED] - Delayed 1 second(s)

2019-05-27 23:12:33 - [MESSAGE][PASSED] - Object 'Object Repository/LightPollutionReduction/FixtureShielding/Upload_SpecialCircumstances/Addfile_SpecialCicumstances/btn_SpecialCircumstances' has attribute 'class' with value 'tiny ui button'

2019-05-27 23:12:33 - [MESSAGE][PASSED] - File 'C:\Users\Promantus Inc\Katalon Studio\Usgbc_LeedOnline_ScoreCard\Include\TestData\MultipleFileDiffExt\SamplePPTFile_1000kb.ppt' sent to object: 'Object Repository/LightPollutionReduction/FixtureShielding/Upload_SpecialCircumstances/Addfile_SpecialCicumstances/input_additional'

2019-05-27 23:12:34 - [MESSAGE][PASSED] - Delayed 1 second(s)

2019-05-27 23:12:36 - [MESSAGE][PASSED] - Object 'Object Repository/LightPollutionReduction/FixtureShielding/Upload_SpecialCircumstances/Addfile_SpecialCicumstances/btn_SpecialCircumstances' has attribute 'class' with value 'tiny ui button'

2019-05-27 23:12:36 - [MESSAGE][PASSED] - File 'C:\Users\Promantus Inc\Katalon Studio\Usgbc_LeedOnline_ScoreCard\Include\TestData\MultipleFileDiffExt\ZZ.pdf' sent to object: 'Object Repository/LightPollutionReduction/FixtureShielding/Upload_SpecialCircumstances/Addfile_SpecialCicumstances/input_additional'

2019-05-27 23:12:37 - [MESSAGE][PASSED] - Delayed 1 second(s)

2019-05-27 23:12:37 - [MESSAGE][PASSED] - Scroll to object 'Object Repository/LightPollutionReduction/FixtureShielding/Htmleditorbox_sc/p_Describe the circumstances l' successfully

2019-05-27 23:12:37 - [MESSAGE][PASSED] - Object 'Object Repository/LightPollutionReduction/FixtureShielding/Htmleditorbox_sc/p_Describe the circumstances l' is present

2019-05-27 23:12:42 - [MESSAGE][PASSED] - Text 'Known that everybody have the personal aim. It is defferent . For example, there are some people think that the most important thing in them life is career. While there are other people think that is family. me too. The most important thing with my life is my small and big family. Because I see the mind is the most important. Let think that if you are verry rich while you alway are worry and sad, you will feel not happy. So I think we should spend many time for looking after our family. When we have a happy family, we will have power to try. At that time we will work better. How do you think. Anna and Henry go to the doctor. Anna has an ultrasound scan. I34W5' is set on object 'Object Repository/LightPollutionReduction/FixtureShielding/Htmleditorbox_sc/body_SC_Editor'

2019-05-27 23:12:45 - [MESSAGE][PASSED] - Delayed 3 second(s)

2019-05-27 23:12:45 - [MESSAGE][PASSED] - Text of object 'Object Repository/LightPollutionReduction/FixtureShielding/Htmleditorbox_sc/body_SC_Editor' is: 'Known that everybody have the personal aim. It is defferent . For example, there are some people think that the most important thing in them life is career. While there are other people think that is family. me too. The most important thing with my life is my small and big family. Because I see the mind is the most important. Let think that if you are verry rich while you alway are worry and sad, you will feel not happy. So I think we should spend many time for looking after our family. When we have a happy family, we will have power to try. At that time we will work better. How do you think. Anna and Henry go to the doctor. Anna has an ultrasound scan. I34W5'

2019-05-27 23:12:45 - [MESSAGE][PASSED] - Actual text 'Known that everybody have the personal aim. It is defferent . For example, there are some people think that the most important thing in them life is career. While there are other people think that is family. me too. The most important thing with my life is my small and big family. Because I see the mind is the most important. Let think that if you are verry rich while you alway are worry and sad, you will feel not happy. So I think we should spend many time for looking after our family. When we have a happy family, we will have power to try. At that time we will work better. How do you think. Anna and Henry go to the doctor. Anna has an ultrasound scan. I34W5' and expected text 'Known that everybody have the personal aim. It is defferent . For example, there are some people think that the most important thing in them life is career. While there are other people think that is family. me too. The most important thing with my life is my small and big family. Because I see the mind is the most important. Let think that if you are verry rich while you alway are worry and sad, you will feel not happy. So I think we should spend many time for looking after our family. When we have a happy family, we will have power to try. At that time we will work better. How do you think. Anna and Henry go to the doctor. Anna has an ultrasound scan. I34W5' are matched 

2019-05-27 23:12:45 - [MESSAGE][PASSED] - Object 'Object Repository/LightPollutionReduction/FixtureShielding/Saveform/btn_Save' is visible

2019-05-27 23:12:45 - [MESSAGE][PASSED] - Object: 'Object Repository/LightPollutionReduction/FixtureShielding/Saveform/btn_Save' is clicked on

2019-05-27 23:12:47 - [MESSAGE][PASSED] - Delayed 2 second(s)

2019-05-27 23:12:47 - [MESSAGE][PASSED] - Text 'Form data saved successfully.' is present on page 

2019-05-27 23:12:48 - [MESSAGE][PASSED] - Refresh successfully

2019-05-27 23:12:49 - [MESSAGE][PASSED] - Attribute 'value' of object 'Object Repository/LightPollutionReduction/FixtureShielding/input_PercentIncrease' is: '677'

2019-05-27 23:12:49 - [MESSAGE][PASSED] - Actual text '677' and expected text '677' are matched 

2019-05-27 23:12:49 - [MESSAGE][PASSED] - Text of object 'Object Repository/LightPollutionReduction/FixtureShielding/Htmleditorbox_sc/body_SC_Editor' is: 'Known that everybody have the personal aim. It is defferent . For example, there are some people think that the most important thing in them life is career. While there are other people think that is family. me too. The most important thing with my life is my small and big family. Because I see the mind is the most important. Let think that if you are verry rich while you alway are worry and sad, you will feel not happy. So I think we should spend many time for looking after our family. When we have a happy family, we will have power to try. At that time we will work better. How do you think. Anna and Henry go to the doctor. Anna has an ultrasound scan. I34W5'

2019-05-27 23:12:49 - [MESSAGE][PASSED] - Actual text 'Known that everybody have the personal aim. It is defferent . For example, there are some people think that the most important thing in them life is career. While there are other people think that is family. me too. The most important thing with my life is my small and big family. Because I see the mind is the most important. Let think that if you are verry rich while you alway are worry and sad, you will feel not happy. So I think we should spend many time for looking after our family. When we have a happy family, we will have power to try. At that time we will work better. How do you think. Anna and Henry go to the doctor. Anna has an ultrasound scan. I34W5' and expected text 'Known that everybody have the personal aim. It is defferent . For example, there are some people think that the most important thing in them life is career. While there are other people think that is family. me too. The most important thing with my life is my small and big family. Because I see the mind is the most important. Let think that if you are verry rich while you alway are worry and sad, you will feel not happy. So I think we should spend many time for looking after our family. When we have a happy family, we will have power to try. At that time we will work better. How do you think. Anna and Henry go to the doctor. Anna has an ultrasound scan. I34W5' are matched 

2019-05-27 23:12:49 - [MESSAGE][FAILED] - These following reason:
 [Unable to verify object 'Object Repository/LightPollutionReduction/FixtureShielding/input_Option 1. Fixture Shielding_exteriorFixtures' is checked]

2019-05-27 23:12:49 - [MESSAGE][FAILED] - Keyword runWithCucumberRunner was failed (Root cause: com.kms.katalon.core.exception.StepFailedException: These following reason:
 [Unable to verify object 'Object Repository/LightPollutionReduction/FixtureShielding/input_Option 1. Fixture Shielding_exteriorFixtures' is checked]
	at com.kms.katalon.core.keyword.internal.KeywordMain.stepFailed(KeywordMain.groovy:48)
	at com.kms.katalon.core.keyword.internal.KeywordMain.stepFailed(KeywordMain.groovy)
	at com.kms.katalon.core.keyword.internal.KeywordMain.stepFailed(KeywordMain.groovy:21)
	at com.kms.katalon.core.keyword.internal.KeywordMain$stepFailed$0.call(Unknown Source)
	at com.kms.katalon.core.cucumber.keyword.CucumberBuiltinKeywords$_runWithCucumberRunner_closure3.doCall(CucumberBuiltinKeywords.groovy:272)
	at com.kms.katalon.core.cucumber.keyword.CucumberBuiltinKeywords$_runWithCucumberRunner_closure3.doCall(CucumberBuiltinKeywords.groovy)
	at com.kms.katalon.core.keyword.internal.KeywordMain.runKeyword(KeywordMain.groovy:66)
	at com.kms.katalon.core.keyword.internal.KeywordMain$runKeyword.call(Unknown Source)
	at com.kms.katalon.core.cucumber.keyword.CucumberBuiltinKeywords.runWithCucumberRunner(CucumberBuiltinKeywords.groovy:257)
	at com.kms.katalon.core.cucumber.keyword.CucumberBuiltinKeywords$runWithCucumberRunner$0.callStatic(Unknown Source)
	at com.kms.katalon.core.cucumber.keyword.CucumberBuiltinKeywords.runWithCucumberRunner(CucumberBuiltinKeywords.groovy:357)
	at com.kms.katalon.core.cucumber.keyword.CucumberBuiltinKeywords$runWithCucumberRunner.call(Unknown Source)
	at TC_LPR_FixtureSheildingForm.run(TC_LPR_FixtureSheildingForm:17)
	at com.kms.katalon.core.main.ScriptEngine.run(ScriptEngine.java:194)
	at com.kms.katalon.core.main.ScriptEngine.runScriptAsRawText(ScriptEngine.java:119)
	at com.kms.katalon.core.main.TestCaseExecutor.runScript(TestCaseExecutor.java:331)
	at com.kms.katalon.core.main.TestCaseExecutor.doExecute(TestCaseExecutor.java:322)
	at com.kms.katalon.core.main.TestCaseExecutor.processExecutionPhase(TestCaseExecutor.java:301)
	at com.kms.katalon.core.main.TestCaseExecutor.accessMainPhase(TestCaseExecutor.java:293)
	at com.kms.katalon.core.main.TestCaseExecutor.execute(TestCaseExecutor.java:227)
	at com.kms.katalon.core.main.TestSuiteExecutor.accessTestCaseMainPhase(TestSuiteExecutor.java:129)
	at com.kms.katalon.core.main.TestSuiteExecutor.accessTestSuiteMainPhase(TestSuiteExecutor.java:112)
	at com.kms.katalon.core.main.TestSuiteExecutor.execute(TestSuiteExecutor.java:81)
	at com.kms.katalon.core.main.TestCaseMain.startTestSuite(TestCaseMain.java:157)
	at com.kms.katalon.core.main.TestCaseMain$startTestSuite$0.call(Unknown Source)
	at TempTestSuite1558978895648.run(TempTestSuite1558978895648.groovy:35)
)

2019-05-27 23:12:49 - [MESSAGE][FAILED] - runWithCucumberRunner(lightPollutionReductionForm.Runner_LPR_FixtureSheildingForm) FAILED.
Reason:
com.kms.katalon.core.exception.StepFailedException: These following reason:
 [Unable to verify object 'Object Repository/LightPollutionReduction/FixtureShielding/input_Option 1. Fixture Shielding_exteriorFixtures' is checked]
	at com.kms.katalon.core.keyword.internal.KeywordMain.stepFailed(KeywordMain.groovy:48)
	at com.kms.katalon.core.keyword.internal.KeywordMain.stepFailed(KeywordMain.groovy)
	at com.kms.katalon.core.keyword.internal.KeywordMain.stepFailed(KeywordMain.groovy:21)
	at com.kms.katalon.core.keyword.internal.KeywordMain$stepFailed$0.call(Unknown Source)
	at com.kms.katalon.core.cucumber.keyword.CucumberBuiltinKeywords$_runWithCucumberRunner_closure3.doCall(CucumberBuiltinKeywords.groovy:272)
	at com.kms.katalon.core.cucumber.keyword.CucumberBuiltinKeywords$_runWithCucumberRunner_closure3.doCall(CucumberBuiltinKeywords.groovy)
	at com.kms.katalon.core.keyword.internal.KeywordMain.runKeyword(KeywordMain.groovy:66)
	at com.kms.katalon.core.keyword.internal.KeywordMain$runKeyword.call(Unknown Source)
	at com.kms.katalon.core.cucumber.keyword.CucumberBuiltinKeywords.runWithCucumberRunner(CucumberBuiltinKeywords.groovy:257)
	at com.kms.katalon.core.cucumber.keyword.CucumberBuiltinKeywords$runWithCucumberRunner$0.callStatic(Unknown Source)
	at com.kms.katalon.core.cucumber.keyword.CucumberBuiltinKeywords.runWithCucumberRunner(CucumberBuiltinKeywords.groovy:357)
	at com.kms.katalon.core.cucumber.keyword.CucumberBuiltinKeywords$runWithCucumberRunner.call(Unknown Source)
	at TC_LPR_FixtureSheildingForm.run(TC_LPR_FixtureSheildingForm:17)
	at com.kms.katalon.core.main.ScriptEngine.run(ScriptEngine.java:194)
	at com.kms.katalon.core.main.ScriptEngine.runScriptAsRawText(ScriptEngine.java:119)
	at com.kms.katalon.core.main.TestCaseExecutor.runScript(TestCaseExecutor.java:331)
	at com.kms.katalon.core.main.TestCaseExecutor.doExecute(TestCaseExecutor.java:322)
	at com.kms.katalon.core.main.TestCaseExecutor.processExecutionPhase(TestCaseExecutor.java:301)
	at com.kms.katalon.core.main.TestCaseExecutor.accessMainPhase(TestCaseExecutor.java:293)
	at com.kms.katalon.core.main.TestCaseExecutor.execute(TestCaseExecutor.java:227)
	at com.kms.katalon.core.main.TestSuiteExecutor.accessTestCaseMainPhase(TestSuiteExecutor.java:129)
	at com.kms.katalon.core.main.TestSuiteExecutor.accessTestSuiteMainPhase(TestSuiteExecutor.java:112)
	at com.kms.katalon.core.main.TestSuiteExecutor.execute(TestSuiteExecutor.java:81)
	at com.kms.katalon.core.main.TestCaseMain.startTestSuite(TestCaseMain.java:157)
	at com.kms.katalon.core.main.TestCaseMain$startTestSuite$0.call(Unknown Source)
	at TempTestSuite1558978895648.run(TempTestSuite1558978895648.groovy:35)]]></system-out>
         <system-err><![CDATA[2019-05-27 23:11:42 - [TEST_CASE][FAILED] - Test Cases/LightPollutionReduction/TC_LPR_FixtureSheildingForm: Test Cases/LightPollutionReduction/TC_LPR_FixtureSheildingForm FAILED.
Reason:
com.kms.katalon.core.exception.StepFailedException: These following reason:
 [Unable to verify object 'Object Repository/LightPollutionReduction/FixtureShielding/input_Option 1. Fixture Shielding_exteriorFixtures' is checked]
	at com.kms.katalon.core.keyword.internal.KeywordMain.stepFailed(KeywordMain.groovy:48)
	at com.kms.katalon.core.keyword.internal.KeywordMain.stepFailed(KeywordMain.groovy)
	at com.kms.katalon.core.keyword.internal.KeywordMain.stepFailed(KeywordMain.groovy:21)
	at com.kms.katalon.core.keyword.internal.KeywordMain$stepFailed$0.call(Unknown Source)
	at com.kms.katalon.core.cucumber.keyword.CucumberBuiltinKeywords$_runWithCucumberRunner_closure3.doCall(CucumberBuiltinKeywords.groovy:272)
	at com.kms.katalon.core.cucumber.keyword.CucumberBuiltinKeywords$_runWithCucumberRunner_closure3.doCall(CucumberBuiltinKeywords.groovy)
	at com.kms.katalon.core.keyword.internal.KeywordMain.runKeyword(KeywordMain.groovy:66)
	at com.kms.katalon.core.keyword.internal.KeywordMain$runKeyword.call(Unknown Source)
	at com.kms.katalon.core.cucumber.keyword.CucumberBuiltinKeywords.runWithCucumberRunner(CucumberBuiltinKeywords.groovy:257)
	at com.kms.katalon.core.cucumber.keyword.CucumberBuiltinKeywords$runWithCucumberRunner$0.callStatic(Unknown Source)
	at com.kms.katalon.core.cucumber.keyword.CucumberBuiltinKeywords.runWithCucumberRunner(CucumberBuiltinKeywords.groovy:357)
	at com.kms.katalon.core.cucumber.keyword.CucumberBuiltinKeywords$runWithCucumberRunner.call(Unknown Source)
	at TC_LPR_FixtureSheildingForm.run(TC_LPR_FixtureSheildingForm:17)
	at com.kms.katalon.core.main.ScriptEngine.run(ScriptEngine.java:194)
	at com.kms.katalon.core.main.ScriptEngine.runScriptAsRawText(ScriptEngine.java:119)
	at com.kms.katalon.core.main.TestCaseExecutor.runScript(TestCaseExecutor.java:331)
	at com.kms.katalon.core.main.TestCaseExecutor.doExecute(TestCaseExecutor.java:322)
	at com.kms.katalon.core.main.TestCaseExecutor.processExecutionPhase(TestCaseExecutor.java:301)
	at com.kms.katalon.core.main.TestCaseExecutor.accessMainPhase(TestCaseExecutor.java:293)
	at com.kms.katalon.core.main.TestCaseExecutor.execute(TestCaseExecutor.java:227)
	at com.kms.katalon.core.main.TestSuiteExecutor.accessTestCaseMainPhase(TestSuiteExecutor.java:129)
	at com.kms.katalon.core.main.TestSuiteExecutor.accessTestSuiteMainPhase(TestSuiteExecutor.java:112)
	at com.kms.katalon.core.main.TestSuiteExecutor.execute(TestSuiteExecutor.java:81)
	at com.kms.katalon.core.main.TestCaseMain.startTestSuite(TestCaseMain.java:157)
	at com.kms.katalon.core.main.TestCaseMain$startTestSuite$0.call(Unknown Source)
	at TempTestSuite1558978895648.run(TempTestSuite1558978895648.groovy:35)]]></system-err>
      </testcase>
      <testcase name="Test Cases/LightPollutionReduction/TC_VerifyLPR" classname="Test Cases/LightPollutionReduction/TC_VerifyLPR" status="PASSED">
         <system-out><![CDATA[2019-05-27 23:12:49 - [TEST_CASE][PASSED] - Test Cases/LightPollutionReduction/TC_VerifyLPR: Test Cases/LightPollutionReduction/TC_VerifyLPR

2019-05-27 23:12:50 - [TEST_STEP][PASSED] - runWithCucumberRunner(lightPollutionReductionForm.Runner_VerifyLPR): Run with 'lightPollutionReductionForm.Runner_VerifyLPR' was passed

2019-05-27 23:12:50 - [TEST_CASE][PASSED] - Test Cases/LightPollutionReduction/TC_NavigateToLPR: Test Cases/LightPollutionReduction/TC_NavigateToLPR

2019-05-27 23:12:50 - [TEST_STEP][PASSED] - runWithCucumberRunner(lightPollutionReductionForm.Runner_NavigateToLPR): Run with 'lightPollutionReductionForm.Runner_NavigateToLPR' was passed

2019-05-27 23:12:50 - [TEST_CASE][PASSED] - Test Cases/Login/TC_Login: Test Cases/Login/TC_Login

2019-05-27 23:12:50 - [TEST_STEP][PASSED] - runWithCucumberRunner(common.Runner_Login): Run with 'common.Runner_Login' was passed

2019-05-27 23:12:50 - [MESSAGE][WARNING] - A browser is already opened. Closing browser and opening a new one

2019-05-27 23:12:52 - [MESSAGE][INFO] - Starting 'Chrome' driver

2019-05-27 23:12:52 - [MESSAGE][INFO] - User set preference: ['args', '[--window-size=1920,1080]']

2019-05-27 23:12:54 - [MESSAGE][PASSED] - Browser is opened with url: ''

2019-05-27 23:12:56 - [MESSAGE][PASSED] - Navigate to 'https://leedonline-stg.usgbc.org' successfully

2019-05-27 23:12:58 - [MESSAGE][PASSED] - Delayed 2 second(s)

2019-05-27 23:12:58 - [MESSAGE][PASSED] - Text 'jaypeejay@hotmail.com' is set on object 'Object Repository/Login/input_username'

2019-05-27 23:12:59 - [MESSAGE][PASSED] - Text 'initpass' is set on object 'Object Repository/Login/input_password'

2019-05-27 23:13:02 - [MESSAGE][PASSED] - Delayed 3 second(s)

2019-05-27 23:13:02 - [MESSAGE][PASSED] - Scroll to object 'Object Repository/Login/span_End User License Agreement' successfully

2019-05-27 23:13:02 - [MESSAGE][PASSED] - Object 'Object Repository/Login/span_End User License Agreement' is visible

2019-05-27 23:13:02 - [MESSAGE][PASSED] - Object 'Object Repository/Login/span_End User License Agreement' is checked

2019-05-27 23:13:03 - [MESSAGE][PASSED] - Delayed 1 second(s)

2019-05-27 23:13:03 - [MESSAGE][PASSED] - Object: 'Object Repository/Login/button_Log In' is clicked on

2019-05-27 23:13:08 - [MESSAGE][PASSED] - Object: '' is clicked on

2019-05-27 23:13:10 - [MESSAGE][PASSED] - Object: 'Object Repository/Login/a_Credits' is clicked on

2019-05-27 23:13:10 - [MESSAGE][PASSED] - Run with 'common.Runner_Login' was passed

2019-05-27 23:13:10 - [MESSAGE][PASSED] - Call Test Case 'Test Cases/Login/TC_Login' successfully

2019-05-27 23:13:10 - [MESSAGE][PASSED] - Scroll to object 'Object Repository/LightPollutionReduction/div_Light Pollution Reduction' successfully

2019-05-27 23:13:10 - [MESSAGE][PASSED] - Object 'Object Repository/LightPollutionReduction/div_Light Pollution Reduction' is present

2019-05-27 23:13:10 - [MESSAGE][PASSED] - Text of object 'Object Repository/LightPollutionReduction/h3_Status' is: 'ATTEMPTED'

2019-05-27 23:13:10 - [MESSAGE][PASSED] - Text of object 'Object Repository/Page_LEED Online/div_Attempted Im still working Im done Withdraw Attempt Open to update' is: 'ATTEMPTED'

2019-05-27 23:13:10 - [MESSAGE][PASSED] - Object: 'Object Repository/LightPollutionReduction/div_Light Pollution Reduction' is clicked on

2019-05-27 23:13:13 - [MESSAGE][PASSED] - Object: 'Object Repository/LightPollutionReduction/span_(V01)' is clicked on

2019-05-27 23:13:13 - [MESSAGE][PASSED] - Object 'Object Repository/LightPollutionReduction/div_LPRForm' is present

2019-05-27 23:13:13 - [MESSAGE][PASSED] - Run with 'lightPollutionReductionForm.Runner_NavigateToLPR' was passed

2019-05-27 23:13:13 - [MESSAGE][PASSED] - Call Test Case 'Test Cases/LightPollutionReduction/TC_NavigateToLPR' successfully

2019-05-27 23:13:13 - [MESSAGE][PASSED] - Object: 'Object Repository/LightPollutionReduction/FixtureShielding/input_Select one of the following_selectedOption' is clicked on

2019-05-27 23:13:15 - [MESSAGE][PASSED] - Delayed 2 second(s)

2019-05-27 23:13:15 - [MESSAGE][PASSED] - Scroll to object 'Object Repository/LightPollutionReduction/FixtureShielding/Upload_shielding information/Table_shielding information' successfully

2019-05-27 23:13:15 - [MESSAGE][PASSED] - Object 'Object Repository/LightPollutionReduction/FixtureShielding/Upload_shielding information/Table_shielding information' is present

2019-05-27 23:13:16 - [MESSAGE][PASSED] - Text of object '' is: 'SampleGIFImage_350kbmb.gif'

2019-05-27 23:13:16 - [MESSAGE][PASSED] - SampleGIFImage_350kbmb.gif is equal to SampleGIFImage_350kbmb.gif

2019-05-27 23:13:16 - [MESSAGE][PASSED] - Actual text 'SampleGIFImage_350kbmb.gif' and expected text 'SampleGIFImage_350kbmb.gif' are matched 

2019-05-27 23:13:16 - [MESSAGE][PASSED] - Text of object '' is: 'SamplePPTFile_1000kb.ppt'

2019-05-27 23:13:16 - [MESSAGE][PASSED] - SamplePPTFile_1000kb.ppt is equal to SamplePPTFile_1000kb.ppt

2019-05-27 23:13:16 - [MESSAGE][PASSED] - Actual text 'SamplePPTFile_1000kb.ppt' and expected text 'SamplePPTFile_1000kb.ppt' are matched 

2019-05-27 23:13:16 - [MESSAGE][PASSED] - Text of object '' is: 'ZZ.pdf'

2019-05-27 23:13:16 - [MESSAGE][PASSED] - ZZ.pdf is equal to ZZ.pdf

2019-05-27 23:13:16 - [MESSAGE][PASSED] - Actual text 'ZZ.pdf' and expected text 'ZZ.pdf' are matched 

2019-05-27 23:13:16 - [MESSAGE][PASSED] - Object 'Object Repository/LightPollutionReduction/FixtureShielding/Upload_siteplan/Table_siteplan' is present

2019-05-27 23:13:16 - [MESSAGE][PASSED] - Text of object '' is: 'SampleGIFImage_350kbmb.gif'

2019-05-27 23:13:16 - [MESSAGE][PASSED] - SampleGIFImage_350kbmb.gif is equal to SampleGIFImage_350kbmb.gif

2019-05-27 23:13:16 - [MESSAGE][PASSED] - Actual text 'SampleGIFImage_350kbmb.gif' and expected text 'SampleGIFImage_350kbmb.gif' are matched 

2019-05-27 23:13:16 - [MESSAGE][PASSED] - Text of object '' is: 'SamplePPTFile_1000kb.ppt'

2019-05-27 23:13:17 - [MESSAGE][PASSED] - SamplePPTFile_1000kb.ppt is equal to SamplePPTFile_1000kb.ppt

2019-05-27 23:13:17 - [MESSAGE][PASSED] - Actual text 'SamplePPTFile_1000kb.ppt' and expected text 'SamplePPTFile_1000kb.ppt' are matched 

2019-05-27 23:13:17 - [MESSAGE][PASSED] - Text of object '' is: 'ZZ.pdf'

2019-05-27 23:13:17 - [MESSAGE][PASSED] - ZZ.pdf is equal to ZZ.pdf

2019-05-27 23:13:17 - [MESSAGE][PASSED] - Actual text 'ZZ.pdf' and expected text 'ZZ.pdf' are matched 

2019-05-27 23:13:17 - [MESSAGE][PASSED] - Object 'Object Repository/LightPollutionReduction/FixtureShielding/Upload_SpecialCircumstances/Table_additionaldoc' is present

2019-05-27 23:13:17 - [MESSAGE][PASSED] - Text of object '' is: 'SampleGIFImage_350kbmb.gif'

2019-05-27 23:13:17 - [MESSAGE][PASSED] - SampleGIFImage_350kbmb.gif is equal to SampleGIFImage_350kbmb.gif

2019-05-27 23:13:17 - [MESSAGE][PASSED] - Actual text 'SampleGIFImage_350kbmb.gif' and expected text 'SampleGIFImage_350kbmb.gif' are matched 

2019-05-27 23:13:17 - [MESSAGE][PASSED] - Text of object '' is: 'SamplePPTFile_1000kb.ppt'

2019-05-27 23:13:17 - [MESSAGE][PASSED] - SamplePPTFile_1000kb.ppt is equal to SamplePPTFile_1000kb.ppt

2019-05-27 23:13:17 - [MESSAGE][PASSED] - Actual text 'SamplePPTFile_1000kb.ppt' and expected text 'SamplePPTFile_1000kb.ppt' are matched 

2019-05-27 23:13:17 - [MESSAGE][PASSED] - Text of object '' is: 'ZZ.pdf'

2019-05-27 23:13:17 - [MESSAGE][PASSED] - ZZ.pdf is equal to ZZ.pdf

2019-05-27 23:13:18 - [MESSAGE][PASSED] - Actual text 'ZZ.pdf' and expected text 'ZZ.pdf' are matched 

2019-05-27 23:13:18 - [MESSAGE][PASSED] - Run with 'lightPollutionReductionForm.Runner_VerifyLPR' was passed]]></system-out>
         <system-err><![CDATA[]]></system-err>
      </testcase>
      <testcase name="Test Cases/LightPollutionReduction/TC_DownloadLPR" classname="Test Cases/LightPollutionReduction/TC_DownloadLPR" status="PASSED">
         <system-out><![CDATA[2019-05-27 23:13:18 - [TEST_CASE][PASSED] - Test Cases/LightPollutionReduction/TC_DownloadLPR: Test Cases/LightPollutionReduction/TC_DownloadLPR

2019-05-27 23:13:18 - [TEST_STEP][PASSED] - runWithCucumberRunner(lightPollutionReductionForm.Runner_DownloadLPR): Run with 'lightPollutionReductionForm.Runner_DownloadLPR' was passed

2019-05-27 23:13:18 - [MESSAGE][PASSED] - Run with 'lightPollutionReductionForm.Runner_DownloadLPR' was passed]]></system-out>
         <system-err><![CDATA[]]></system-err>
      </testcase>
      <testcase name="Test Cases/LightPollutionReduction/TC_LPR_PerimeterMeasurements" classname="Test Cases/LightPollutionReduction/TC_LPR_PerimeterMeasurements" status="PASSED">
         <system-out><![CDATA[2019-05-27 23:13:18 - [TEST_CASE][PASSED] - Test Cases/LightPollutionReduction/TC_LPR_PerimeterMeasurements: Test Cases/LightPollutionReduction/TC_LPR_PerimeterMeasurements

2019-05-27 23:13:18 - [TEST_STEP][PASSED] - runWithCucumberRunner(lightPollutionReductionForm.Runner_LPR_PreimeterMeasurements): Run with 'lightPollutionReductionForm.Runner_LPR_PreimeterMeasurements' was passed

2019-05-27 23:13:18 - [TEST_CASE][PASSED] - Test Cases/LightPollutionReduction/TC_NavigateToLPR: Test Cases/LightPollutionReduction/TC_NavigateToLPR

2019-05-27 23:13:18 - [TEST_STEP][PASSED] - runWithCucumberRunner(lightPollutionReductionForm.Runner_NavigateToLPR): Run with 'lightPollutionReductionForm.Runner_NavigateToLPR' was passed

2019-05-27 23:13:19 - [TEST_CASE][PASSED] - Test Cases/Login/TC_Login: Test Cases/Login/TC_Login

2019-05-27 23:13:19 - [TEST_STEP][PASSED] - runWithCucumberRunner(common.Runner_Login): Run with 'common.Runner_Login' was passed

2019-05-27 23:13:19 - [MESSAGE][WARNING] - A browser is already opened. Closing browser and opening a new one

2019-05-27 23:13:20 - [MESSAGE][INFO] - Starting 'Chrome' driver

2019-05-27 23:13:20 - [MESSAGE][INFO] - User set preference: ['args', '[--window-size=1920,1080]']

2019-05-27 23:13:22 - [MESSAGE][PASSED] - Browser is opened with url: ''

2019-05-27 23:13:24 - [MESSAGE][PASSED] - Navigate to 'https://leedonline-stg.usgbc.org' successfully

2019-05-27 23:13:26 - [MESSAGE][PASSED] - Delayed 2 second(s)

2019-05-27 23:13:27 - [MESSAGE][PASSED] - Text 'jaypeejay@hotmail.com' is set on object 'Object Repository/Login/input_username'

2019-05-27 23:13:27 - [MESSAGE][PASSED] - Text 'initpass' is set on object 'Object Repository/Login/input_password'

2019-05-27 23:13:30 - [MESSAGE][PASSED] - Delayed 3 second(s)

2019-05-27 23:13:30 - [MESSAGE][PASSED] - Scroll to object 'Object Repository/Login/span_End User License Agreement' successfully

2019-05-27 23:13:30 - [MESSAGE][PASSED] - Object 'Object Repository/Login/span_End User License Agreement' is visible

2019-05-27 23:13:30 - [MESSAGE][PASSED] - Object 'Object Repository/Login/span_End User License Agreement' is checked

2019-05-27 23:13:31 - [MESSAGE][PASSED] - Delayed 1 second(s)

2019-05-27 23:13:31 - [MESSAGE][PASSED] - Object: 'Object Repository/Login/button_Log In' is clicked on

2019-05-27 23:13:35 - [MESSAGE][PASSED] - Object: '' is clicked on

2019-05-27 23:13:37 - [MESSAGE][PASSED] - Object: 'Object Repository/Login/a_Credits' is clicked on

2019-05-27 23:13:37 - [MESSAGE][PASSED] - Run with 'common.Runner_Login' was passed

2019-05-27 23:13:37 - [MESSAGE][PASSED] - Call Test Case 'Test Cases/Login/TC_Login' successfully

2019-05-27 23:13:38 - [MESSAGE][PASSED] - Scroll to object 'Object Repository/LightPollutionReduction/div_Light Pollution Reduction' successfully

2019-05-27 23:13:38 - [MESSAGE][PASSED] - Object 'Object Repository/LightPollutionReduction/div_Light Pollution Reduction' is present

2019-05-27 23:13:38 - [MESSAGE][PASSED] - Text of object 'Object Repository/LightPollutionReduction/h3_Status' is: 'ATTEMPTED'

2019-05-27 23:13:38 - [MESSAGE][PASSED] - Text of object 'Object Repository/Page_LEED Online/div_Attempted Im still working Im done Withdraw Attempt Open to update' is: 'ATTEMPTED'

2019-05-27 23:13:38 - [MESSAGE][PASSED] - Object: 'Object Repository/LightPollutionReduction/div_Light Pollution Reduction' is clicked on

2019-05-27 23:13:40 - [MESSAGE][PASSED] - Object: 'Object Repository/LightPollutionReduction/span_(V01)' is clicked on

2019-05-27 23:13:40 - [MESSAGE][PASSED] - Object 'Object Repository/LightPollutionReduction/div_LPRForm' is present

2019-05-27 23:13:40 - [MESSAGE][PASSED] - Run with 'lightPollutionReductionForm.Runner_NavigateToLPR' was passed

2019-05-27 23:13:40 - [MESSAGE][PASSED] - Call Test Case 'Test Cases/LightPollutionReduction/TC_NavigateToLPR' successfully

2019-05-27 23:13:41 - [MESSAGE][PASSED] - Object 'Object Repository/LightPollutionReduction/PremierMeasurements/input_Option2.Perimeter Measurements' is present

2019-05-27 23:13:41 - [MESSAGE][PASSED] - Object: 'Object Repository/LightPollutionReduction/PremierMeasurements/input_Option2.Perimeter Measurements' is clicked on

2019-05-27 23:13:43 - [MESSAGE][PASSED] - Delayed 2 second(s)

2019-05-27 23:13:43 - [MESSAGE][PASSED] - Text 'Option 2. Perimeter Measurements' is present on page 

2019-05-27 23:13:43 - [MESSAGE][PASSED] - Object 'Object Repository/LightPollutionReduction/PremierMeasurements/table_SiteLightnigMeasures' is present

2019-05-27 23:13:43 - [MESSAGE][PASSED] - Text of object 'Object Repository/LightPollutionReduction/PremierMeasurements/input_measurementid' is cleared

2019-05-27 23:13:43 - [MESSAGE][PASSED] - Text '55' is set on object 'Object Repository/LightPollutionReduction/PremierMeasurements/input_measurementid'

2019-05-27 23:13:44 - [MESSAGE][PASSED] - Text of object 'Object Repository/LightPollutionReduction/PremierMeasurements/input_With SiteExterior Lights off' is cleared

2019-05-27 23:13:44 - [MESSAGE][PASSED] - Text '56' is set on object 'Object Repository/LightPollutionReduction/PremierMeasurements/input_With SiteExterior Lights off'

2019-05-27 23:13:44 - [MESSAGE][PASSED] - Text of object 'Object Repository/LightPollutionReduction/PremierMeasurements/input_With SiteExterior Lights on' is cleared

2019-05-27 23:13:44 - [MESSAGE][PASSED] - Text '57' is set on object 'Object Repository/LightPollutionReduction/PremierMeasurements/input_With SiteExterior Lights on'

2019-05-27 23:13:47 - [MESSAGE][PASSED] - Delayed 3 second(s)

2019-05-27 23:13:47 - [MESSAGE][PASSED] - Object: 'Object Repository/LightPollutionReduction/PremierMeasurements/i_SiteExterio_plus icon' is clicked on

2019-05-27 23:13:47 - [MESSAGE][PASSED] - Text '57' is set on object ''

2019-05-27 23:13:48 - [MESSAGE][PASSED] - Text '58' is set on object ''

2019-05-27 23:13:48 - [MESSAGE][PASSED] - Text '59' is set on object ''

2019-05-27 23:13:49 - [MESSAGE][PASSED] - Delayed 1 second(s)

2019-05-27 23:13:49 - [MESSAGE][PASSED] - Object: '' is clicked on

2019-05-27 23:13:49 - [MESSAGE][PASSED] - Text '60' is set on object ''

2019-05-27 23:13:49 - [MESSAGE][PASSED] - Text '61' is set on object ''

2019-05-27 23:13:50 - [MESSAGE][PASSED] - Text '62' is set on object ''

2019-05-27 23:13:51 - [MESSAGE][PASSED] - Delayed 1 second(s)

2019-05-27 23:13:51 - [MESSAGE][PASSED] - Object: 'Object Repository/LightPollutionReduction/FixtureShielding/input_PercentIncrease' is clicked on

2019-05-27 23:13:51 - [MESSAGE][PASSED] - Text of object 'Object Repository/LightPollutionReduction/PremierMeasurements/Input_Percent Increase' is: '1.79'

2019-05-27 23:13:51 - [MESSAGE][PASSED] - Object 'Object Repository/LightPollutionReduction/FixtureShielding/Saveform/btn_Save' is visible

2019-05-27 23:13:51 - [MESSAGE][PASSED] - Object: 'Object Repository/LightPollutionReduction/FixtureShielding/Saveform/btn_Save' is clicked on

2019-05-27 23:13:53 - [MESSAGE][PASSED] - Delayed 2 second(s)

2019-05-27 23:13:53 - [MESSAGE][PASSED] - Text 'Form data saved successfully.' is present on page 

2019-05-27 23:13:55 - [MESSAGE][PASSED] - Refresh successfully

2019-05-27 23:13:55 - [MESSAGE][PASSED] - Attribute 'value' of object '' is: '57'

2019-05-27 23:13:55 - [MESSAGE][PASSED] - Attribute 'value' of object '' is: '58'

2019-05-27 23:13:55 - [MESSAGE][PASSED] - Attribute 'value' of object '' is: '59'

2019-05-27 23:13:55 - [MESSAGE][PASSED] - Actual text '57' and expected text '57' are matched 

2019-05-27 23:13:55 - [MESSAGE][PASSED] - Actual text '58' and expected text '58' are matched 

2019-05-27 23:13:55 - [MESSAGE][PASSED] - Actual text '59' and expected text '59' are matched 

2019-05-27 23:13:55 - [MESSAGE][PASSED] - Attribute 'value' of object '' is: '60'

2019-05-27 23:13:55 - [MESSAGE][PASSED] - Attribute 'value' of object '' is: '61'

2019-05-27 23:13:55 - [MESSAGE][PASSED] - Attribute 'value' of object '' is: '62'

2019-05-27 23:13:55 - [MESSAGE][PASSED] - Actual text '60' and expected text '60' are matched 

2019-05-27 23:13:55 - [MESSAGE][PASSED] - Actual text '61' and expected text '61' are matched 

2019-05-27 23:13:55 - [MESSAGE][PASSED] - Actual text '62' and expected text '62' are matched 

2019-05-27 23:13:55 - [MESSAGE][PASSED] - Run with 'lightPollutionReductionForm.Runner_LPR_PreimeterMeasurements' was passed]]></system-out>
         <system-err><![CDATA[]]></system-err>
      </testcase>
      <testcase name="Test Cases/LightPollutionReduction/TC_DeleteTableData" classname="Test Cases/LightPollutionReduction/TC_DeleteTableData" status="PASSED">
         <system-out><![CDATA[2019-05-27 23:13:55 - [TEST_CASE][PASSED] - Test Cases/LightPollutionReduction/TC_DeleteTableData: Test Cases/LightPollutionReduction/TC_DeleteTableData

2019-05-27 23:13:55 - [TEST_STEP][PASSED] - runWithCucumberRunner(lightPollutionReductionForm.Runner_DeleteTableData): Run with 'lightPollutionReductionForm.Runner_DeleteTableData' was passed

2019-05-27 23:13:56 - [TEST_CASE][PASSED] - Test Cases/LightPollutionReduction/TC_NavigateToLPR: Test Cases/LightPollutionReduction/TC_NavigateToLPR

2019-05-27 23:13:56 - [TEST_STEP][PASSED] - runWithCucumberRunner(lightPollutionReductionForm.Runner_NavigateToLPR): Run with 'lightPollutionReductionForm.Runner_NavigateToLPR' was passed

2019-05-27 23:13:56 - [TEST_CASE][PASSED] - Test Cases/Login/TC_Login: Test Cases/Login/TC_Login

2019-05-27 23:13:56 - [TEST_STEP][PASSED] - runWithCucumberRunner(common.Runner_Login): Run with 'common.Runner_Login' was passed

2019-05-27 23:13:56 - [MESSAGE][WARNING] - A browser is already opened. Closing browser and opening a new one

2019-05-27 23:13:57 - [MESSAGE][INFO] - Starting 'Chrome' driver

2019-05-27 23:13:57 - [MESSAGE][INFO] - User set preference: ['args', '[--window-size=1920,1080]']

2019-05-27 23:14:00 - [MESSAGE][PASSED] - Browser is opened with url: ''

2019-05-27 23:14:02 - [MESSAGE][PASSED] - Navigate to 'https://leedonline-stg.usgbc.org' successfully

2019-05-27 23:14:04 - [MESSAGE][PASSED] - Delayed 2 second(s)

2019-05-27 23:14:04 - [MESSAGE][PASSED] - Text 'jaypeejay@hotmail.com' is set on object 'Object Repository/Login/input_username'

2019-05-27 23:14:04 - [MESSAGE][PASSED] - Text 'initpass' is set on object 'Object Repository/Login/input_password'

2019-05-27 23:14:07 - [MESSAGE][PASSED] - Delayed 3 second(s)

2019-05-27 23:14:07 - [MESSAGE][PASSED] - Scroll to object 'Object Repository/Login/span_End User License Agreement' successfully

2019-05-27 23:14:07 - [MESSAGE][PASSED] - Object 'Object Repository/Login/span_End User License Agreement' is visible

2019-05-27 23:14:08 - [MESSAGE][PASSED] - Object 'Object Repository/Login/span_End User License Agreement' is checked

2019-05-27 23:14:09 - [MESSAGE][PASSED] - Delayed 1 second(s)

2019-05-27 23:14:09 - [MESSAGE][PASSED] - Object: 'Object Repository/Login/button_Log In' is clicked on

2019-05-27 23:14:13 - [MESSAGE][PASSED] - Object: '' is clicked on

2019-05-27 23:14:15 - [MESSAGE][PASSED] - Object: 'Object Repository/Login/a_Credits' is clicked on

2019-05-27 23:14:15 - [MESSAGE][PASSED] - Run with 'common.Runner_Login' was passed

2019-05-27 23:14:15 - [MESSAGE][PASSED] - Call Test Case 'Test Cases/Login/TC_Login' successfully

2019-05-27 23:14:15 - [MESSAGE][PASSED] - Scroll to object 'Object Repository/LightPollutionReduction/div_Light Pollution Reduction' successfully

2019-05-27 23:14:15 - [MESSAGE][PASSED] - Object 'Object Repository/LightPollutionReduction/div_Light Pollution Reduction' is present

2019-05-27 23:14:15 - [MESSAGE][PASSED] - Text of object 'Object Repository/LightPollutionReduction/h3_Status' is: 'ATTEMPTED'

2019-05-27 23:14:15 - [MESSAGE][PASSED] - Text of object 'Object Repository/Page_LEED Online/div_Attempted Im still working Im done Withdraw Attempt Open to update' is: 'ATTEMPTED'

2019-05-27 23:14:15 - [MESSAGE][PASSED] - Object: 'Object Repository/LightPollutionReduction/div_Light Pollution Reduction' is clicked on

2019-05-27 23:14:18 - [MESSAGE][PASSED] - Object: 'Object Repository/LightPollutionReduction/span_(V01)' is clicked on

2019-05-27 23:14:18 - [MESSAGE][PASSED] - Object 'Object Repository/LightPollutionReduction/div_LPRForm' is present

2019-05-27 23:14:18 - [MESSAGE][PASSED] - Run with 'lightPollutionReductionForm.Runner_NavigateToLPR' was passed

2019-05-27 23:14:18 - [MESSAGE][PASSED] - Call Test Case 'Test Cases/LightPollutionReduction/TC_NavigateToLPR' successfully

2019-05-27 23:14:18 - [MESSAGE][PASSED] - Object: 'Object Repository/LightPollutionReduction/PremierMeasurements/input_Option2.Perimeter Measurements' is clicked on

2019-05-27 23:14:18 - [MESSAGE][PASSED] - Object 'Object Repository/LightPollutionReduction/PremierMeasurements/table_SiteLightnigMeasures' is present

2019-05-27 23:14:20 - [MESSAGE][PASSED] - Delayed 2 second(s)

2019-05-27 23:14:21 - [MESSAGE][PASSED] - Delayed 1 second(s)

2019-05-27 23:14:21 - [MESSAGE][PASSED] - Scroll to object '' successfully

2019-05-27 23:14:21 - [MESSAGE][PASSED] - Object: '' is clicked on

2019-05-27 23:14:22 - [MESSAGE][PASSED] - Delayed 1 second(s)

2019-05-27 23:14:23 - [MESSAGE][PASSED] - Delayed 1 second(s)

2019-05-27 23:14:24 - [MESSAGE][PASSED] - Scroll to object '' successfully

2019-05-27 23:14:24 - [MESSAGE][PASSED] - Object: '' is clicked on

2019-05-27 23:14:25 - [MESSAGE][PASSED] - Delayed 1 second(s)

2019-05-27 23:14:25 - [MESSAGE][PASSED] - Web element with id: '' located by 'By.xpath: //*[@id="credit-form"]/div[3]/div[2]/div/table/tbody/tr[2]/td[1]/input' is not present after '30' second(s)

2019-05-27 23:14:25 - [MESSAGE][PASSED] - Object 'Object Repository/LightPollutionReduction/PremierMeasurements/input_measurementid' is present

2019-05-27 23:14:25 - [MESSAGE][PASSED] - Scroll to object 'Object Repository/LightPollutionReduction/FixtureShielding/Saveform/btn_Save' successfully

2019-05-27 23:14:25 - [MESSAGE][PASSED] - Object: 'Object Repository/LightPollutionReduction/FixtureShielding/Saveform/btn_Save' is clicked on

2019-05-27 23:14:25 - [MESSAGE][PASSED] - Run with 'lightPollutionReductionForm.Runner_DeleteTableData' was passed]]></system-out>
         <system-err><![CDATA[]]></system-err>
      </testcase>
      <testcase name="Test Cases/LightPollutionReduction/TC_DeleteLPR" classname="Test Cases/LightPollutionReduction/TC_DeleteLPR" status="PASSED">
         <system-out><![CDATA[2019-05-27 23:14:25 - [TEST_CASE][PASSED] - Test Cases/LightPollutionReduction/TC_DeleteLPR: Test Cases/LightPollutionReduction/TC_DeleteLPR

2019-05-27 23:14:25 - [TEST_STEP][PASSED] - runWithCucumberRunner(lightPollutionReductionForm.Runner_DeleteLPR): Run with 'lightPollutionReductionForm.Runner_DeleteLPR' was passed

2019-05-27 23:14:26 - [TEST_CASE][PASSED] - Test Cases/LightPollutionReduction/TC_NavigateToLPR: Test Cases/LightPollutionReduction/TC_NavigateToLPR

2019-05-27 23:14:26 - [TEST_STEP][PASSED] - runWithCucumberRunner(lightPollutionReductionForm.Runner_NavigateToLPR): Run with 'lightPollutionReductionForm.Runner_NavigateToLPR' was passed

2019-05-27 23:14:26 - [TEST_CASE][PASSED] - Test Cases/Login/TC_Login: Test Cases/Login/TC_Login

2019-05-27 23:14:26 - [TEST_STEP][PASSED] - runWithCucumberRunner(common.Runner_Login): Run with 'common.Runner_Login' was passed

2019-05-27 23:14:26 - [MESSAGE][WARNING] - A browser is already opened. Closing browser and opening a new one

2019-05-27 23:14:27 - [MESSAGE][INFO] - Starting 'Chrome' driver

2019-05-27 23:14:27 - [MESSAGE][INFO] - User set preference: ['args', '[--window-size=1920,1080]']

2019-05-27 23:14:29 - [MESSAGE][PASSED] - Browser is opened with url: ''

2019-05-27 23:14:31 - [MESSAGE][PASSED] - Navigate to 'https://leedonline-stg.usgbc.org' successfully

2019-05-27 23:14:33 - [MESSAGE][PASSED] - Delayed 2 second(s)

2019-05-27 23:14:33 - [MESSAGE][PASSED] - Text 'jaypeejay@hotmail.com' is set on object 'Object Repository/Login/input_username'

2019-05-27 23:14:33 - [MESSAGE][PASSED] - Text 'initpass' is set on object 'Object Repository/Login/input_password'

2019-05-27 23:14:36 - [MESSAGE][PASSED] - Delayed 3 second(s)

2019-05-27 23:14:36 - [MESSAGE][PASSED] - Scroll to object 'Object Repository/Login/span_End User License Agreement' successfully

2019-05-27 23:14:37 - [MESSAGE][PASSED] - Object 'Object Repository/Login/span_End User License Agreement' is visible

2019-05-27 23:14:37 - [MESSAGE][PASSED] - Object 'Object Repository/Login/span_End User License Agreement' is checked

2019-05-27 23:14:38 - [MESSAGE][PASSED] - Delayed 1 second(s)

2019-05-27 23:14:38 - [MESSAGE][PASSED] - Object: 'Object Repository/Login/button_Log In' is clicked on

2019-05-27 23:14:43 - [MESSAGE][PASSED] - Object: '' is clicked on

2019-05-27 23:14:44 - [MESSAGE][PASSED] - Object: 'Object Repository/Login/a_Credits' is clicked on

2019-05-27 23:14:44 - [MESSAGE][PASSED] - Run with 'common.Runner_Login' was passed

2019-05-27 23:14:44 - [MESSAGE][PASSED] - Call Test Case 'Test Cases/Login/TC_Login' successfully

2019-05-27 23:14:44 - [MESSAGE][PASSED] - Scroll to object 'Object Repository/LightPollutionReduction/div_Light Pollution Reduction' successfully

2019-05-27 23:14:44 - [MESSAGE][PASSED] - Object 'Object Repository/LightPollutionReduction/div_Light Pollution Reduction' is present

2019-05-27 23:14:45 - [MESSAGE][PASSED] - Text of object 'Object Repository/LightPollutionReduction/h3_Status' is: 'ATTEMPTED'

2019-05-27 23:14:45 - [MESSAGE][PASSED] - Text of object 'Object Repository/Page_LEED Online/div_Attempted Im still working Im done Withdraw Attempt Open to update' is: 'ATTEMPTED'

2019-05-27 23:14:45 - [MESSAGE][PASSED] - Object: 'Object Repository/LightPollutionReduction/div_Light Pollution Reduction' is clicked on

2019-05-27 23:14:47 - [MESSAGE][PASSED] - Object: 'Object Repository/LightPollutionReduction/span_(V01)' is clicked on

2019-05-27 23:14:47 - [MESSAGE][PASSED] - Object 'Object Repository/LightPollutionReduction/div_LPRForm' is present

2019-05-27 23:14:47 - [MESSAGE][PASSED] - Run with 'lightPollutionReductionForm.Runner_NavigateToLPR' was passed

2019-05-27 23:14:47 - [MESSAGE][PASSED] - Call Test Case 'Test Cases/LightPollutionReduction/TC_NavigateToLPR' successfully

2019-05-27 23:14:48 - [MESSAGE][PASSED] - Object: 'Object Repository/LightPollutionReduction/FixtureShielding/input_Select one of the following_selectedOption' is clicked on

2019-05-27 23:14:50 - [MESSAGE][PASSED] - Delayed 2 second(s)

2019-05-27 23:14:50 - [MESSAGE][PASSED] - Scroll to object 'Object Repository/LightPollutionReduction/FixtureShielding/Upload_shielding information/Table_shielding information' successfully

2019-05-27 23:14:50 - [MESSAGE][PASSED] - Object 'Object Repository/LightPollutionReduction/FixtureShielding/Upload_shielding information/Table_shielding information' is present

2019-05-27 23:14:50 - [MESSAGE][PASSED] - Scroll to object 'Object Repository/LightPollutionReduction/FixtureShielding/Upload_shielding information/p_Upload shielding information' successfully

2019-05-27 23:14:51 - [MESSAGE][PASSED] - Delayed 1 second(s)

2019-05-27 23:14:51 - [MESSAGE][PASSED] - Object: '' is clicked on

2019-05-27 23:14:53 - [MESSAGE][PASSED] - Delayed 2 second(s)

2019-05-27 23:14:53 - [MESSAGE][PASSED] - Object: 'Object Repository/LightPollutionReduction/FixtureShielding/button_Yes' is clicked on

2019-05-27 23:14:54 - [MESSAGE][PASSED] - Delayed 1 second(s)

2019-05-27 23:14:54 - [MESSAGE][PASSED] - Object: '' is clicked on

2019-05-27 23:14:56 - [MESSAGE][PASSED] - Delayed 2 second(s)

2019-05-27 23:14:57 - [MESSAGE][PASSED] - Object: 'Object Repository/LightPollutionReduction/FixtureShielding/button_Yes' is clicked on

2019-05-27 23:14:58 - [MESSAGE][PASSED] - Delayed 1 second(s)

2019-05-27 23:14:58 - [MESSAGE][PASSED] - Object: '' is clicked on

2019-05-27 23:15:00 - [MESSAGE][PASSED] - Delayed 2 second(s)

2019-05-27 23:15:00 - [MESSAGE][PASSED] - Object: 'Object Repository/LightPollutionReduction/FixtureShielding/button_Yes' is clicked on

2019-05-27 23:15:02 - [MESSAGE][PASSED] - Delayed 2 second(s)

2019-05-27 23:15:02 - [MESSAGE][PASSED] - Web element with id: 'Object Repository/LightPollutionReduction/FixtureShielding/Upload_shielding information/Table_shielding information' located by 'By.xpath: //*[@id="shieldingInfoUpload_files"]/table' is not present after '30' second(s)

2019-05-27 23:15:02 - [MESSAGE][PASSED] - Object 'Object Repository/LightPollutionReduction/FixtureShielding/Upload_siteplan/Table_siteplan' is present

2019-05-27 23:15:02 - [MESSAGE][PASSED] - Scroll to object 'Object Repository/LightPollutionReduction/FixtureShielding/Upload_siteplan/p_Upload a site plan with scal' successfully

2019-05-27 23:15:03 - [MESSAGE][PASSED] - Delayed 1 second(s)

2019-05-27 23:15:03 - [MESSAGE][PASSED] - Object: '' is clicked on

2019-05-27 23:15:05 - [MESSAGE][PASSED] - Delayed 2 second(s)

2019-05-27 23:15:06 - [MESSAGE][PASSED] - Object: 'Object Repository/LightPollutionReduction/FixtureShielding/button_Yes' is clicked on

2019-05-27 23:15:07 - [MESSAGE][PASSED] - Delayed 1 second(s)

2019-05-27 23:15:07 - [MESSAGE][PASSED] - Object: '' is clicked on

2019-05-27 23:15:09 - [MESSAGE][PASSED] - Delayed 2 second(s)

2019-05-27 23:15:09 - [MESSAGE][PASSED] - Object: 'Object Repository/LightPollutionReduction/FixtureShielding/button_Yes' is clicked on

2019-05-27 23:15:10 - [MESSAGE][PASSED] - Delayed 1 second(s)

2019-05-27 23:15:10 - [MESSAGE][PASSED] - Object: '' is clicked on

2019-05-27 23:15:12 - [MESSAGE][PASSED] - Delayed 2 second(s)

2019-05-27 23:15:12 - [MESSAGE][PASSED] - Object: 'Object Repository/LightPollutionReduction/FixtureShielding/button_Yes' is clicked on

2019-05-27 23:15:14 - [MESSAGE][PASSED] - Delayed 2 second(s)

2019-05-27 23:15:14 - [MESSAGE][PASSED] - Web element with id: 'Object Repository/LightPollutionReduction/FixtureShielding/Upload_siteplan/Table_siteplan' located by 'By.xpath: //*[@id="sitePlanUpload_files"]/table' is not present after '30' second(s)

2019-05-27 23:15:14 - [MESSAGE][PASSED] - Object 'Object Repository/LightPollutionReduction/FixtureShielding/Upload_SpecialCircumstances/Table_additionaldoc' is present

2019-05-27 23:15:15 - [MESSAGE][PASSED] - Scroll to object 'Object Repository/LightPollutionReduction/FixtureShielding/Upload_SpecialCircumstances/p_Upload any additional docume' successfully

2019-05-27 23:15:16 - [MESSAGE][PASSED] - Delayed 1 second(s)

2019-05-27 23:15:16 - [MESSAGE][PASSED] - Object: '' is clicked on

2019-05-27 23:15:18 - [MESSAGE][PASSED] - Delayed 2 second(s)

2019-05-27 23:15:18 - [MESSAGE][PASSED] - Object: 'Object Repository/LightPollutionReduction/FixtureShielding/button_Yes' is clicked on

2019-05-27 23:15:19 - [MESSAGE][PASSED] - Delayed 1 second(s)

2019-05-27 23:15:19 - [MESSAGE][PASSED] - Object: '' is clicked on

2019-05-27 23:15:21 - [MESSAGE][PASSED] - Delayed 2 second(s)

2019-05-27 23:15:21 - [MESSAGE][PASSED] - Object: 'Object Repository/LightPollutionReduction/FixtureShielding/button_Yes' is clicked on

2019-05-27 23:15:22 - [MESSAGE][PASSED] - Delayed 1 second(s)

2019-05-27 23:15:22 - [MESSAGE][PASSED] - Object: '' is clicked on

2019-05-27 23:15:24 - [MESSAGE][PASSED] - Delayed 2 second(s)

2019-05-27 23:15:24 - [MESSAGE][PASSED] - Object: 'Object Repository/LightPollutionReduction/FixtureShielding/button_Yes' is clicked on

2019-05-27 23:15:26 - [MESSAGE][PASSED] - Delayed 2 second(s)

2019-05-27 23:15:27 - [MESSAGE][PASSED] - Web element with id: 'Object Repository/LightPollutionReduction/FixtureShielding/Upload_SpecialCircumstances/Table_additionaldoc' located by 'By.xpath: //*[@id="splCircumstancesDocs_files"]/table' is not present after '30' second(s)

2019-05-27 23:15:27 - [MESSAGE][PASSED] - Run with 'lightPollutionReductionForm.Runner_DeleteLPR' was passed]]></system-out>
         <system-err><![CDATA[]]></system-err>
      </testcase>
      <system-out><![CDATA[2019-05-27 23:11:42 - [TEST_SUITE][FAILED] - SmokeTest: Test Cases/LightPollutionReduction/TC_LPR_FixtureSheildingForm FAILED.
Reason:
com.kms.katalon.core.exception.StepFailedException: These following reason:
 [Unable to verify object 'Object Repository/LightPollutionReduction/FixtureShielding/input_Option 1. Fixture Shielding_exteriorFixtures' is checked]
	at com.kms.katalon.core.keyword.internal.KeywordMain.stepFailed(KeywordMain.groovy:48)
	at com.kms.katalon.core.keyword.internal.KeywordMain.stepFailed(KeywordMain.groovy)
	at com.kms.katalon.core.keyword.internal.KeywordMain.stepFailed(KeywordMain.groovy:21)
	at com.kms.katalon.core.keyword.internal.KeywordMain$stepFailed$0.call(Unknown Source)
	at com.kms.katalon.core.cucumber.keyword.CucumberBuiltinKeywords$_runWithCucumberRunner_closure3.doCall(CucumberBuiltinKeywords.groovy:272)
	at com.kms.katalon.core.cucumber.keyword.CucumberBuiltinKeywords$_runWithCucumberRunner_closure3.doCall(CucumberBuiltinKeywords.groovy)
	at com.kms.katalon.core.keyword.internal.KeywordMain.runKeyword(KeywordMain.groovy:66)
	at com.kms.katalon.core.keyword.internal.KeywordMain$runKeyword.call(Unknown Source)
	at com.kms.katalon.core.cucumber.keyword.CucumberBuiltinKeywords.runWithCucumberRunner(CucumberBuiltinKeywords.groovy:257)
	at com.kms.katalon.core.cucumber.keyword.CucumberBuiltinKeywords$runWithCucumberRunner$0.callStatic(Unknown Source)
	at com.kms.katalon.core.cucumber.keyword.CucumberBuiltinKeywords.runWithCucumberRunner(CucumberBuiltinKeywords.groovy:357)
	at com.kms.katalon.core.cucumber.keyword.CucumberBuiltinKeywords$runWithCucumberRunner.call(Unknown Source)
	at TC_LPR_FixtureSheildingForm.run(TC_LPR_FixtureSheildingForm:17)
	at com.kms.katalon.core.main.ScriptEngine.run(ScriptEngine.java:194)
	at com.kms.katalon.core.main.ScriptEngine.runScriptAsRawText(ScriptEngine.java:119)
	at com.kms.katalon.core.main.TestCaseExecutor.runScript(TestCaseExecutor.java:331)
	at com.kms.katalon.core.main.TestCaseExecutor.doExecute(TestCaseExecutor.java:322)
	at com.kms.katalon.core.main.TestCaseExecutor.processExecutionPhase(TestCaseExecutor.java:301)
	at com.kms.katalon.core.main.TestCaseExecutor.accessMainPhase(TestCaseExecutor.java:293)
	at com.kms.katalon.core.main.TestCaseExecutor.execute(TestCaseExecutor.java:227)
	at com.kms.katalon.core.main.TestSuiteExecutor.accessTestCaseMainPhase(TestSuiteExecutor.java:129)
	at com.kms.katalon.core.main.TestSuiteExecutor.accessTestSuiteMainPhase(TestSuiteExecutor.java:112)
	at com.kms.katalon.core.main.TestSuiteExecutor.execute(TestSuiteExecutor.java:81)
	at com.kms.katalon.core.main.TestCaseMain.startTestSuite(TestCaseMain.java:157)
	at com.kms.katalon.core.main.TestCaseMain$startTestSuite$0.call(Unknown Source)
	at TempTestSuite1558978895648.run(TempTestSuite1558978895648.groovy:35)]]></system-out>
      <system-err><![CDATA[2019-05-27 23:11:42 - [TEST_SUITE][FAILED] - SmokeTest: Test Cases/LightPollutionReduction/TC_LPR_FixtureSheildingForm FAILED.
Reason:
com.kms.katalon.core.exception.StepFailedException: These following reason:
 [Unable to verify object 'Object Repository/LightPollutionReduction/FixtureShielding/input_Option 1. Fixture Shielding_exteriorFixtures' is checked]
	at com.kms.katalon.core.keyword.internal.KeywordMain.stepFailed(KeywordMain.groovy:48)
	at com.kms.katalon.core.keyword.internal.KeywordMain.stepFailed(KeywordMain.groovy)
	at com.kms.katalon.core.keyword.internal.KeywordMain.stepFailed(KeywordMain.groovy:21)
	at com.kms.katalon.core.keyword.internal.KeywordMain$stepFailed$0.call(Unknown Source)
	at com.kms.katalon.core.cucumber.keyword.CucumberBuiltinKeywords$_runWithCucumberRunner_closure3.doCall(CucumberBuiltinKeywords.groovy:272)
	at com.kms.katalon.core.cucumber.keyword.CucumberBuiltinKeywords$_runWithCucumberRunner_closure3.doCall(CucumberBuiltinKeywords.groovy)
	at com.kms.katalon.core.keyword.internal.KeywordMain.runKeyword(KeywordMain.groovy:66)
	at com.kms.katalon.core.keyword.internal.KeywordMain$runKeyword.call(Unknown Source)
	at com.kms.katalon.core.cucumber.keyword.CucumberBuiltinKeywords.runWithCucumberRunner(CucumberBuiltinKeywords.groovy:257)
	at com.kms.katalon.core.cucumber.keyword.CucumberBuiltinKeywords$runWithCucumberRunner$0.callStatic(Unknown Source)
	at com.kms.katalon.core.cucumber.keyword.CucumberBuiltinKeywords.runWithCucumberRunner(CucumberBuiltinKeywords.groovy:357)
	at com.kms.katalon.core.cucumber.keyword.CucumberBuiltinKeywords$runWithCucumberRunner.call(Unknown Source)
	at TC_LPR_FixtureSheildingForm.run(TC_LPR_FixtureSheildingForm:17)
	at com.kms.katalon.core.main.ScriptEngine.run(ScriptEngine.java:194)
	at com.kms.katalon.core.main.ScriptEngine.runScriptAsRawText(ScriptEngine.java:119)
	at com.kms.katalon.core.main.TestCaseExecutor.runScript(TestCaseExecutor.java:331)
	at com.kms.katalon.core.main.TestCaseExecutor.doExecute(TestCaseExecutor.java:322)
	at com.kms.katalon.core.main.TestCaseExecutor.processExecutionPhase(TestCaseExecutor.java:301)
	at com.kms.katalon.core.main.TestCaseExecutor.accessMainPhase(TestCaseExecutor.java:293)
	at com.kms.katalon.core.main.TestCaseExecutor.execute(TestCaseExecutor.java:227)
	at com.kms.katalon.core.main.TestSuiteExecutor.accessTestCaseMainPhase(TestSuiteExecutor.java:129)
	at com.kms.katalon.core.main.TestSuiteExecutor.accessTestSuiteMainPhase(TestSuiteExecutor.java:112)
	at com.kms.katalon.core.main.TestSuiteExecutor.execute(TestSuiteExecutor.java:81)
	at com.kms.katalon.core.main.TestCaseMain.startTestSuite(TestCaseMain.java:157)
	at com.kms.katalon.core.main.TestCaseMain$startTestSuite$0.call(Unknown Source)
	at TempTestSuite1558978895648.run(TempTestSuite1558978895648.groovy:35)]]></system-err>
   </testsuite>
</testsuites>
