<?xml version="1.0" encoding="UTF-8"?>
<testsuites name="SmokeTest" time="285" tests="2" failures="1" errors="0">
   <testsuite name="SmokeTest" tests="2" failures="1" errors="0" time="285" timestamp="2019-05-29 21:48:22" hostname="Promantus Inc - G10PROLT021" id="Test Suites/SmokeTest">
      <properties>
         <property name="deviceName" value=""/>
         <property name="devicePlatform" value=""/>
         <property name="logFolder" value="C:\\Users\\Promantus Inc\\Katalon Studio\\Usgbc_LeedOnline_ScoreCard\\Reports\\SmokeTest\\20190529_214815"/>
         <property name="logFiles" value="C:\\Users\\Promantus Inc\\Katalon Studio\\Usgbc_LeedOnline_ScoreCard\\Reports\\SmokeTest\\20190529_214815\\execution0.log"/>
         <property name="attachments" value="C:\\Users\\Promantus Inc\\Katalon Studio\\Usgbc_LeedOnline_ScoreCard\\Reports\\SmokeTest\\20190529_214815\\1559146986053.png"/>
         <property name="hostName" value="Promantus Inc - G10PROLT021"/>
         <property name="os" value="Windows 10 64bit"/>
         <property name="katalonVersion" value="6.0.5.4"/>
         <property name="browser" value="Chrome 74.0.3729.169"/>
         <property name="hostAddress" value="192.168.0.104"/>
         <property name="sessionId" value="72d7e58944f75256a9b47b19614d3968"/>
         <property name="seleniumVersion" value="3.7.1"/>
         <property name="proxyInformation" value="ProxyInformation{proxyOption=NO_PROXY, proxyServerType=HTTP, password=, proxyServerAddress=, proxyServerPort=0}"/>
         <property name="platform" value="Windows 10"/>
      </properties>
      <testcase name="Test Cases/LightPollutionReduction/TC_LPR_PerimeterMeasurements" classname="Test Cases/LightPollutionReduction/TC_LPR_PerimeterMeasurements" status="PASSED">
         <system-out><![CDATA[2019-05-29 21:48:22 - [TEST_CASE][PASSED] - Test Cases/LightPollutionReduction/TC_LPR_PerimeterMeasurements: Test Cases/LightPollutionReduction/TC_LPR_PerimeterMeasurements

2019-05-29 21:48:23 - [TEST_STEP][PASSED] - runWithCucumberRunner(lightPollutionReductionForm.Runner_LPR_PreimeterMeasurements): Run with 'lightPollutionReductionForm.Runner_LPR_PreimeterMeasurements' was passed

2019-05-29 21:48:25 - [TEST_CASE][PASSED] - Test Cases/LightPollutionReduction/TC_NavigateToLPR: Test Cases/LightPollutionReduction/TC_NavigateToLPR

2019-05-29 21:48:26 - [TEST_STEP][PASSED] - runWithCucumberRunner(lightPollutionReductionForm.Runner_NavigateToLPR): Run with 'lightPollutionReductionForm.Runner_NavigateToLPR' was passed

2019-05-29 21:48:26 - [TEST_CASE][PASSED] - Test Cases/Login/TC_Login: Test Cases/Login/TC_Login

2019-05-29 21:48:26 - [TEST_STEP][PASSED] - runWithCucumberRunner(common.Runner_Login): Run with 'common.Runner_Login' was passed

2019-05-29 21:48:27 - [MESSAGE][INFO] - Starting 'Chrome' driver

2019-05-29 21:48:27 - [MESSAGE][INFO] - User set preference: ['args', '[--window-size=1920,1080]']

2019-05-29 21:48:27 - [MESSAGE][INFO] - Action delay is set to 0 seconds

2019-05-29 21:48:31 - [MESSAGE][PASSED] - Browser is opened with url: ''

2019-05-29 21:48:33 - [MESSAGE][PASSED] - Navigate to 'https://leedonline-stg.usgbc.org' successfully

2019-05-29 21:48:36 - [MESSAGE][PASSED] - Delayed 2 second(s)

2019-05-29 21:48:36 - [MESSAGE][PASSED] - Text 'jaypeejay@hotmail.com' is set on object 'Object Repository/Login/input_username'

2019-05-29 21:48:36 - [MESSAGE][PASSED] - Text 'initpass' is set on object 'Object Repository/Login/input_password'

2019-05-29 21:48:39 - [MESSAGE][PASSED] - Delayed 3 second(s)

2019-05-29 21:48:39 - [MESSAGE][PASSED] - Scroll to object 'Object Repository/Login/span_End User License Agreement' successfully

2019-05-29 21:48:39 - [MESSAGE][PASSED] - Object 'Object Repository/Login/span_End User License Agreement' is visible

2019-05-29 21:48:39 - [MESSAGE][PASSED] - Object 'Object Repository/Login/span_End User License Agreement' is checked

2019-05-29 21:48:40 - [MESSAGE][PASSED] - Delayed 1 second(s)

2019-05-29 21:48:40 - [MESSAGE][PASSED] - Object: 'Object Repository/Login/button_Log In' is clicked on

2019-05-29 21:48:48 - [MESSAGE][PASSED] - Object: '' is clicked on

2019-05-29 21:48:50 - [MESSAGE][PASSED] - Object: 'Object Repository/Login/a_Credits' is clicked on

2019-05-29 21:48:50 - [MESSAGE][PASSED] - Run with 'common.Runner_Login' was passed

2019-05-29 21:48:50 - [MESSAGE][PASSED] - Call Test Case 'Test Cases/Login/TC_Login' successfully

2019-05-29 21:48:50 - [MESSAGE][PASSED] - Scroll to object 'Object Repository/LightPollutionReduction/div_Light Pollution Reduction' successfully

2019-05-29 21:48:50 - [MESSAGE][PASSED] - Object 'Object Repository/LightPollutionReduction/div_Light Pollution Reduction' is present

2019-05-29 21:48:50 - [MESSAGE][PASSED] - Text of object 'Object Repository/LightPollutionReduction/h3_Status' is: 'ATTEMPTED'

2019-05-29 21:48:50 - [MESSAGE][PASSED] - Text of object 'Object Repository/Page_LEED Online/div_Attempted Im still working Im done Withdraw Attempt Open to update' is: 'ATTEMPTED'

2019-05-29 21:48:50 - [MESSAGE][PASSED] - Object: 'Object Repository/LightPollutionReduction/div_Light Pollution Reduction' is clicked on

2019-05-29 21:48:53 - [MESSAGE][PASSED] - Object: 'Object Repository/LightPollutionReduction/span_(V01)' is clicked on

2019-05-29 21:48:53 - [MESSAGE][PASSED] - Object 'Object Repository/LightPollutionReduction/div_LPRForm' is present

2019-05-29 21:48:53 - [MESSAGE][PASSED] - Run with 'lightPollutionReductionForm.Runner_NavigateToLPR' was passed

2019-05-29 21:48:53 - [MESSAGE][PASSED] - Call Test Case 'Test Cases/LightPollutionReduction/TC_NavigateToLPR' successfully

2019-05-29 21:48:54 - [MESSAGE][PASSED] - Object 'Object Repository/LightPollutionReduction/PremierMeasurements/input_Option2.Perimeter Measurements' is present

2019-05-29 21:48:54 - [MESSAGE][PASSED] - Object: 'Object Repository/LightPollutionReduction/PremierMeasurements/input_Option2.Perimeter Measurements' is clicked on

2019-05-29 21:48:56 - [MESSAGE][PASSED] - Delayed 2 second(s)

2019-05-29 21:48:57 - [MESSAGE][PASSED] - Text 'Option 2. Perimeter Measurements' is present on page 

2019-05-29 21:48:57 - [MESSAGE][PASSED] - Object 'Object Repository/LightPollutionReduction/PremierMeasurements/table_SiteLightnigMeasures' is present

2019-05-29 21:48:57 - [MESSAGE][PASSED] - Text of object 'Object Repository/LightPollutionReduction/PremierMeasurements/input_measurementid' is cleared

2019-05-29 21:48:57 - [MESSAGE][PASSED] - Text '55' is set on object 'Object Repository/LightPollutionReduction/PremierMeasurements/input_measurementid'

2019-05-29 21:48:57 - [MESSAGE][PASSED] - Text of object 'Object Repository/LightPollutionReduction/PremierMeasurements/input_With SiteExterior Lights off' is cleared

2019-05-29 21:48:57 - [MESSAGE][PASSED] - Text '56' is set on object 'Object Repository/LightPollutionReduction/PremierMeasurements/input_With SiteExterior Lights off'

2019-05-29 21:48:57 - [MESSAGE][PASSED] - Text of object 'Object Repository/LightPollutionReduction/PremierMeasurements/input_With SiteExterior Lights on' is cleared

2019-05-29 21:48:57 - [MESSAGE][PASSED] - Text '57' is set on object 'Object Repository/LightPollutionReduction/PremierMeasurements/input_With SiteExterior Lights on'

2019-05-29 21:49:00 - [MESSAGE][PASSED] - Delayed 3 second(s)

2019-05-29 21:49:01 - [MESSAGE][PASSED] - Object: 'Object Repository/LightPollutionReduction/PremierMeasurements/i_SiteExterio_plus icon' is clicked on

2019-05-29 21:49:01 - [MESSAGE][PASSED] - Text '57' is set on object ''

2019-05-29 21:49:01 - [MESSAGE][PASSED] - Text '58' is set on object ''

2019-05-29 21:49:01 - [MESSAGE][PASSED] - Text '59' is set on object ''

2019-05-29 21:49:02 - [MESSAGE][PASSED] - Delayed 1 second(s)

2019-05-29 21:49:02 - [MESSAGE][PASSED] - Object: '' is clicked on

2019-05-29 21:49:03 - [MESSAGE][PASSED] - Text '60' is set on object ''

2019-05-29 21:49:03 - [MESSAGE][PASSED] - Text '61' is set on object ''

2019-05-29 21:49:03 - [MESSAGE][PASSED] - Text '62' is set on object ''

2019-05-29 21:49:04 - [MESSAGE][PASSED] - Delayed 1 second(s)

2019-05-29 21:49:04 - [MESSAGE][PASSED] - Object: 'Object Repository/LightPollutionReduction/FixtureShielding/input_PercentIncrease' is clicked on

2019-05-29 21:49:04 - [MESSAGE][PASSED] - Text of object 'Object Repository/LightPollutionReduction/PremierMeasurements/Input_Percent Increase' is: '1.79'

2019-05-29 21:49:04 - [MESSAGE][PASSED] - Object 'Object Repository/LightPollutionReduction/FixtureShielding/Saveform/btn_Save' is visible

2019-05-29 21:49:04 - [MESSAGE][PASSED] - Object: 'Object Repository/LightPollutionReduction/FixtureShielding/Saveform/btn_Save' is clicked on

2019-05-29 21:49:06 - [MESSAGE][PASSED] - Delayed 2 second(s)

2019-05-29 21:49:06 - [MESSAGE][PASSED] - Text 'Form data saved successfully.' is present on page 

2019-05-29 21:49:08 - [MESSAGE][PASSED] - Refresh successfully

2019-05-29 21:49:08 - [MESSAGE][PASSED] - Attribute 'value' of object '' is: '57'

2019-05-29 21:49:08 - [MESSAGE][PASSED] - Attribute 'value' of object '' is: '58'

2019-05-29 21:49:08 - [MESSAGE][PASSED] - Attribute 'value' of object '' is: '59'

2019-05-29 21:49:08 - [MESSAGE][PASSED] - Actual text '57' and expected text '57' are matched 

2019-05-29 21:49:08 - [MESSAGE][PASSED] - Actual text '58' and expected text '58' are matched 

2019-05-29 21:49:08 - [MESSAGE][PASSED] - Actual text '59' and expected text '59' are matched 

2019-05-29 21:49:08 - [MESSAGE][PASSED] - Attribute 'value' of object '' is: '60'

2019-05-29 21:49:08 - [MESSAGE][PASSED] - Attribute 'value' of object '' is: '61'

2019-05-29 21:49:08 - [MESSAGE][PASSED] - Attribute 'value' of object '' is: '62'

2019-05-29 21:49:08 - [MESSAGE][PASSED] - Actual text '60' and expected text '60' are matched 

2019-05-29 21:49:08 - [MESSAGE][PASSED] - Actual text '61' and expected text '61' are matched 

2019-05-29 21:49:08 - [MESSAGE][PASSED] - Actual text '62' and expected text '62' are matched 

2019-05-29 21:49:08 - [MESSAGE][PASSED] - Scroll to object 'Object Repository/LightPollutionReduction/FixtureShielding/icon_pdf' successfully

2019-05-29 21:49:08 - [MESSAGE][PASSED] - Object 'Object Repository/LightPollutionReduction/FixtureShielding/icon_pdf' is present

2019-05-29 21:49:13 - [MESSAGE][PASSED] - Delayed 5 second(s)

2019-05-29 21:49:13 - [MESSAGE][PASSED] - Object: 'Object Repository/LightPollutionReduction/FixtureShielding/icon_pdf' is clicked on

2019-05-29 21:49:23 - [MESSAGE][PASSED] - Delayed 10 second(s)

2019-05-29 21:49:23 - [MESSAGE][PASSED] - Scroll to object 'Object Repository/LightPollutionReduction/PremierMeasurements/table_SiteLightnigMeasures' successfully

2019-05-29 21:49:24 - [MESSAGE][PASSED] - Attribute 'value' of object 'Object Repository/LightPollutionReduction/PremierMeasurements/input_measurementid' is: '55'

2019-05-29 21:49:24 - [MESSAGE][PASSED] - Attribute 'value' of object 'Object Repository/LightPollutionReduction/PremierMeasurements/input_With SiteExterior Lights off' is: '56'

2019-05-29 21:49:24 - [MESSAGE][PASSED] - Attribute 'value' of object 'Object Repository/LightPollutionReduction/PremierMeasurements/input_With SiteExterior Lights on' is: '57'

2019-05-29 21:49:24 - [MESSAGE][PASSED] - Text of object 'Object Repository/LightPollutionReduction/PremierMeasurements/Input_Percent Increase' is: '1.79'

2019-05-29 21:49:27 - [MESSAGE][PASSED] - Delayed 2 second(s)

2019-05-29 21:49:27 - [MESSAGE][PASSED] - Attribute 'value' of object 'Object Repository/LightPollutionReduction/FixtureShielding/input_PercentIncrease' is: '677'

2019-05-29 21:49:30 - [MESSAGE][PASSED] - Delayed 3 second(s)

2019-05-29 21:49:35 - [MESSAGE][PASSED] - Delayed 5 second(s)

2019-05-29 21:49:35 - [MESSAGE][PASSED] - Scroll to object 'Object Repository/LightPollutionReduction/FixtureShielding/Upload_siteplan/p_Upload a site plan with scal' successfully

2019-05-29 21:49:37 - [MESSAGE][PASSED] - Delayed 2 second(s)

2019-05-29 21:49:43 - [MESSAGE][PASSED] - Delayed 5 second(s)

2019-05-29 21:49:43 - [MESSAGE][PASSED] - Scroll to object 'Object Repository/LightPollutionReduction/FixtureShielding/Htmleditorbox_sc/p_Describe the circumstances l' successfully

2019-05-29 21:49:43 - [MESSAGE][PASSED] - Text of object 'Object Repository/LightPollutionReduction/FixtureShielding/Htmleditorbox_sc/body_SC_Editor' is: 'Known that everybody have the personal aim. It is defferent . For example, there are some people think that the most important thing in them life is career. While there are other people think that is family. me too. The most important thing with my life is my small and big family. Because I see the mind is the most important. Let think that if you are verry rich while you alway are worry and sad, you will feel not happy. So I think we should spend many time for looking after our family. When we have a happy family, we will have power to try. At that time we will work better. How do you think. Anna and Henry go to the doctor. Anna has an ultrasound scan. JLZQO'

2019-05-29 21:49:45 - [MESSAGE][PASSED] - Delayed 2 second(s)

2019-05-29 21:49:50 - [MESSAGE][PASSED] - Delayed 5 second(s)

2019-05-29 21:49:50 - [MESSAGE][PASSED] - Scroll to object 'Object Repository/LightPollutionReduction/FixtureShielding/Upload_SpecialCircumstances/p_Upload any additional docume' successfully

2019-05-29 21:49:50 - [MESSAGE][PASSED] - Run with 'lightPollutionReductionForm.Runner_LPR_PreimeterMeasurements' was passed]]></system-out>
         <system-err><![CDATA[]]></system-err>
      </testcase>
      <testcase name="Test Cases/LightPollutionReduction/TC_DeleteTableData" classname="Test Cases/LightPollutionReduction/TC_DeleteTableData" status="PASSED">
         <system-out><![CDATA[2019-05-29 21:49:50 - [TEST_CASE][PASSED] - Test Cases/LightPollutionReduction/TC_DeleteTableData: Test Cases/LightPollutionReduction/TC_DeleteTableData

2019-05-29 21:49:50 - [TEST_STEP][PASSED] - runWithCucumberRunner(lightPollutionReductionForm.Runner_DeleteTableData): Run with 'lightPollutionReductionForm.Runner_DeleteTableData' was passed

2019-05-29 21:49:51 - [TEST_CASE][PASSED] - Test Cases/LightPollutionReduction/TC_NavigateToLPR: Test Cases/LightPollutionReduction/TC_NavigateToLPR

2019-05-29 21:49:51 - [TEST_STEP][PASSED] - runWithCucumberRunner(lightPollutionReductionForm.Runner_NavigateToLPR): Run with 'lightPollutionReductionForm.Runner_NavigateToLPR' was passed

2019-05-29 21:49:51 - [TEST_CASE][PASSED] - Test Cases/Login/TC_Login: Test Cases/Login/TC_Login

2019-05-29 21:49:51 - [TEST_STEP][PASSED] - runWithCucumberRunner(common.Runner_Login): Run with 'common.Runner_Login' was passed

2019-05-29 21:49:51 - [MESSAGE][WARNING] - A browser is already opened. Closing browser and opening a new one

2019-05-29 21:49:52 - [MESSAGE][INFO] - Starting 'Chrome' driver

2019-05-29 21:49:52 - [MESSAGE][INFO] - User set preference: ['args', '[--window-size=1920,1080]']

2019-05-29 21:49:54 - [MESSAGE][PASSED] - Browser is opened with url: ''

2019-05-29 21:49:57 - [MESSAGE][PASSED] - Navigate to 'https://leedonline-stg.usgbc.org' successfully

2019-05-29 21:49:59 - [MESSAGE][PASSED] - Delayed 2 second(s)

2019-05-29 21:49:59 - [MESSAGE][PASSED] - Text 'jaypeejay@hotmail.com' is set on object 'Object Repository/Login/input_username'

2019-05-29 21:49:59 - [MESSAGE][PASSED] - Text 'initpass' is set on object 'Object Repository/Login/input_password'

2019-05-29 21:50:02 - [MESSAGE][PASSED] - Delayed 3 second(s)

2019-05-29 21:50:02 - [MESSAGE][PASSED] - Scroll to object 'Object Repository/Login/span_End User License Agreement' successfully

2019-05-29 21:50:02 - [MESSAGE][PASSED] - Object 'Object Repository/Login/span_End User License Agreement' is visible

2019-05-29 21:50:02 - [MESSAGE][PASSED] - Object 'Object Repository/Login/span_End User License Agreement' is checked

2019-05-29 21:50:03 - [MESSAGE][PASSED] - Delayed 1 second(s)

2019-05-29 21:50:03 - [MESSAGE][PASSED] - Object: 'Object Repository/Login/button_Log In' is clicked on

2019-05-29 21:50:11 - [MESSAGE][PASSED] - Object: '' is clicked on

2019-05-29 21:50:13 - [MESSAGE][PASSED] - Object: 'Object Repository/Login/a_Credits' is clicked on

2019-05-29 21:50:13 - [MESSAGE][PASSED] - Run with 'common.Runner_Login' was passed

2019-05-29 21:50:13 - [MESSAGE][PASSED] - Call Test Case 'Test Cases/Login/TC_Login' successfully

2019-05-29 21:50:13 - [MESSAGE][PASSED] - Scroll to object 'Object Repository/LightPollutionReduction/div_Light Pollution Reduction' successfully

2019-05-29 21:50:13 - [MESSAGE][PASSED] - Object 'Object Repository/LightPollutionReduction/div_Light Pollution Reduction' is present

2019-05-29 21:50:13 - [MESSAGE][PASSED] - Text of object 'Object Repository/LightPollutionReduction/h3_Status' is: 'ATTEMPTED'

2019-05-29 21:50:13 - [MESSAGE][PASSED] - Text of object 'Object Repository/Page_LEED Online/div_Attempted Im still working Im done Withdraw Attempt Open to update' is: 'ATTEMPTED'

2019-05-29 21:50:13 - [MESSAGE][PASSED] - Object: 'Object Repository/LightPollutionReduction/div_Light Pollution Reduction' is clicked on

2019-05-29 21:50:16 - [MESSAGE][PASSED] - Object: 'Object Repository/LightPollutionReduction/span_(V01)' is clicked on

2019-05-29 21:50:16 - [MESSAGE][PASSED] - Object 'Object Repository/LightPollutionReduction/div_LPRForm' is present

2019-05-29 21:50:16 - [MESSAGE][PASSED] - Run with 'lightPollutionReductionForm.Runner_NavigateToLPR' was passed

2019-05-29 21:50:16 - [MESSAGE][PASSED] - Call Test Case 'Test Cases/LightPollutionReduction/TC_NavigateToLPR' successfully

2019-05-29 21:50:16 - [MESSAGE][PASSED] - Object: 'Object Repository/LightPollutionReduction/PremierMeasurements/input_Option2.Perimeter Measurements' is clicked on

2019-05-29 21:50:16 - [MESSAGE][PASSED] - Object 'Object Repository/LightPollutionReduction/PremierMeasurements/table_SiteLightnigMeasures' is present

2019-05-29 21:50:18 - [MESSAGE][PASSED] - Delayed 2 second(s)

2019-05-29 21:50:19 - [MESSAGE][PASSED] - Delayed 1 second(s)

2019-05-29 21:50:19 - [MESSAGE][PASSED] - Scroll to object '' successfully

2019-05-29 21:50:19 - [MESSAGE][PASSED] - Object: '' is clicked on

2019-05-29 21:50:20 - [MESSAGE][PASSED] - Delayed 1 second(s)

2019-05-29 21:50:21 - [MESSAGE][PASSED] - Delayed 1 second(s)

2019-05-29 21:50:21 - [MESSAGE][PASSED] - Scroll to object '' successfully

2019-05-29 21:50:21 - [MESSAGE][PASSED] - Object: '' is clicked on

2019-05-29 21:50:22 - [MESSAGE][PASSED] - Delayed 1 second(s)

2019-05-29 21:50:22 - [MESSAGE][PASSED] - Web element with id: '' located by 'By.xpath: //*[@id="credit-form"]/div[3]/div[2]/div/table/tbody/tr[2]/td[1]/input' is not present after '30' second(s)

2019-05-29 21:50:22 - [MESSAGE][PASSED] - Object 'Object Repository/LightPollutionReduction/PremierMeasurements/input_measurementid' is present

2019-05-29 21:50:23 - [MESSAGE][PASSED] - Scroll to object 'Object Repository/LightPollutionReduction/FixtureShielding/Saveform/btn_Save' successfully

2019-05-29 21:50:23 - [MESSAGE][PASSED] - Object: 'Object Repository/LightPollutionReduction/FixtureShielding/Saveform/btn_Save' is clicked on

2019-05-29 21:50:23 - [MESSAGE][PASSED] - Run with 'lightPollutionReductionForm.Runner_DeleteTableData' was passed]]></system-out>
         <system-err><![CDATA[]]></system-err>
      </testcase>
      <testcase name="Test Cases/LightPollutionReduction/TC_DeleteLPR" classname="Test Cases/LightPollutionReduction/TC_DeleteLPR" status="FAILED">
         <failure type="FAILED" message="Test Cases/LightPollutionReduction/TC_DeleteLPR FAILED.
Reason:
com.kms.katalon.core.exception.StepFailedException: These following reason:
 [Unable to click on object 'Object Repository/LightPollutionReduction/Autosave/a_Sign out']
	at com.kms.katalon.core.keyword.internal.KeywordMain.stepFailed(KeywordMain.groovy:48)
	at com.kms.katalon.core.keyword.internal.KeywordMain.stepFailed(KeywordMain.groovy)
	at com.kms.katalon.core.keyword.internal.KeywordMain.stepFailed(KeywordMain.groovy:21)
	at com.kms.katalon.core.keyword.internal.KeywordMain$stepFailed$0.call(Unknown Source)
	at com.kms.katalon.core.cucumber.keyword.CucumberBuiltinKeywords$_runWithCucumberRunner_closure3.doCall(CucumberBuiltinKeywords.groovy:272)
	at com.kms.katalon.core.cucumber.keyword.CucumberBuiltinKeywords$_runWithCucumberRunner_closure3.doCall(CucumberBuiltinKeywords.groovy)
	at com.kms.katalon.core.keyword.internal.KeywordMain.runKeyword(KeywordMain.groovy:66)
	at com.kms.katalon.core.keyword.internal.KeywordMain$runKeyword.call(Unknown Source)
	at com.kms.katalon.core.cucumber.keyword.CucumberBuiltinKeywords.runWithCucumberRunner(CucumberBuiltinKeywords.groovy:257)
	at com.kms.katalon.core.cucumber.keyword.CucumberBuiltinKeywords$runWithCucumberRunner$0.callStatic(Unknown Source)
	at com.kms.katalon.core.cucumber.keyword.CucumberBuiltinKeywords.runWithCucumberRunner(CucumberBuiltinKeywords.groovy:357)
	at com.kms.katalon.core.cucumber.keyword.CucumberBuiltinKeywords$runWithCucumberRunner.call(Unknown Source)
	at TC_DeleteLPR.run(TC_DeleteLPR:17)
	at com.kms.katalon.core.main.ScriptEngine.run(ScriptEngine.java:194)
	at com.kms.katalon.core.main.ScriptEngine.runScriptAsRawText(ScriptEngine.java:119)
	at com.kms.katalon.core.main.TestCaseExecutor.runScript(TestCaseExecutor.java:331)
	at com.kms.katalon.core.main.TestCaseExecutor.doExecute(TestCaseExecutor.java:322)
	at com.kms.katalon.core.main.TestCaseExecutor.processExecutionPhase(TestCaseExecutor.java:301)
	at com.kms.katalon.core.main.TestCaseExecutor.accessMainPhase(TestCaseExecutor.java:293)
	at com.kms.katalon.core.main.TestCaseExecutor.execute(TestCaseExecutor.java:227)
	at com.kms.katalon.core.main.TestSuiteExecutor.accessTestCaseMainPhase(TestSuiteExecutor.java:129)
	at com.kms.katalon.core.main.TestSuiteExecutor.accessTestSuiteMainPhase(TestSuiteExecutor.java:112)
	at com.kms.katalon.core.main.TestSuiteExecutor.execute(TestSuiteExecutor.java:81)
	at com.kms.katalon.core.main.TestCaseMain.startTestSuite(TestCaseMain.java:157)
	at com.kms.katalon.core.main.TestCaseMain$startTestSuite$0.call(Unknown Source)
	at TempTestSuite1559146695552.run(TempTestSuite1559146695552.groovy:35)
"/>
         <system-out><![CDATA[2019-05-29 21:50:23 - [TEST_CASE][FAILED] - Test Cases/LightPollutionReduction/TC_DeleteLPR: Test Cases/LightPollutionReduction/TC_DeleteLPR FAILED.
Reason:
com.kms.katalon.core.exception.StepFailedException: These following reason:
 [Unable to click on object 'Object Repository/LightPollutionReduction/Autosave/a_Sign out']
	at com.kms.katalon.core.keyword.internal.KeywordMain.stepFailed(KeywordMain.groovy:48)
	at com.kms.katalon.core.keyword.internal.KeywordMain.stepFailed(KeywordMain.groovy)
	at com.kms.katalon.core.keyword.internal.KeywordMain.stepFailed(KeywordMain.groovy:21)
	at com.kms.katalon.core.keyword.internal.KeywordMain$stepFailed$0.call(Unknown Source)
	at com.kms.katalon.core.cucumber.keyword.CucumberBuiltinKeywords$_runWithCucumberRunner_closure3.doCall(CucumberBuiltinKeywords.groovy:272)
	at com.kms.katalon.core.cucumber.keyword.CucumberBuiltinKeywords$_runWithCucumberRunner_closure3.doCall(CucumberBuiltinKeywords.groovy)
	at com.kms.katalon.core.keyword.internal.KeywordMain.runKeyword(KeywordMain.groovy:66)
	at com.kms.katalon.core.keyword.internal.KeywordMain$runKeyword.call(Unknown Source)
	at com.kms.katalon.core.cucumber.keyword.CucumberBuiltinKeywords.runWithCucumberRunner(CucumberBuiltinKeywords.groovy:257)
	at com.kms.katalon.core.cucumber.keyword.CucumberBuiltinKeywords$runWithCucumberRunner$0.callStatic(Unknown Source)
	at com.kms.katalon.core.cucumber.keyword.CucumberBuiltinKeywords.runWithCucumberRunner(CucumberBuiltinKeywords.groovy:357)
	at com.kms.katalon.core.cucumber.keyword.CucumberBuiltinKeywords$runWithCucumberRunner.call(Unknown Source)
	at TC_DeleteLPR.run(TC_DeleteLPR:17)
	at com.kms.katalon.core.main.ScriptEngine.run(ScriptEngine.java:194)
	at com.kms.katalon.core.main.ScriptEngine.runScriptAsRawText(ScriptEngine.java:119)
	at com.kms.katalon.core.main.TestCaseExecutor.runScript(TestCaseExecutor.java:331)
	at com.kms.katalon.core.main.TestCaseExecutor.doExecute(TestCaseExecutor.java:322)
	at com.kms.katalon.core.main.TestCaseExecutor.processExecutionPhase(TestCaseExecutor.java:301)
	at com.kms.katalon.core.main.TestCaseExecutor.accessMainPhase(TestCaseExecutor.java:293)
	at com.kms.katalon.core.main.TestCaseExecutor.execute(TestCaseExecutor.java:227)
	at com.kms.katalon.core.main.TestSuiteExecutor.accessTestCaseMainPhase(TestSuiteExecutor.java:129)
	at com.kms.katalon.core.main.TestSuiteExecutor.accessTestSuiteMainPhase(TestSuiteExecutor.java:112)
	at com.kms.katalon.core.main.TestSuiteExecutor.execute(TestSuiteExecutor.java:81)
	at com.kms.katalon.core.main.TestCaseMain.startTestSuite(TestCaseMain.java:157)
	at com.kms.katalon.core.main.TestCaseMain$startTestSuite$0.call(Unknown Source)
	at TempTestSuite1559146695552.run(TempTestSuite1559146695552.groovy:35)


2019-05-29 21:50:23 - [TEST_STEP][FAILED] - runWithCucumberRunner(lightPollutionReductionForm.Runner_DeleteLPR): runWithCucumberRunner(lightPollutionReductionForm.Runner_DeleteLPR) FAILED.
Reason:
com.kms.katalon.core.exception.StepFailedException: These following reason:
 [Unable to click on object 'Object Repository/LightPollutionReduction/Autosave/a_Sign out']
	at com.kms.katalon.core.keyword.internal.KeywordMain.stepFailed(KeywordMain.groovy:48)
	at com.kms.katalon.core.keyword.internal.KeywordMain.stepFailed(KeywordMain.groovy)
	at com.kms.katalon.core.keyword.internal.KeywordMain.stepFailed(KeywordMain.groovy:21)
	at com.kms.katalon.core.keyword.internal.KeywordMain$stepFailed$0.call(Unknown Source)
	at com.kms.katalon.core.cucumber.keyword.CucumberBuiltinKeywords$_runWithCucumberRunner_closure3.doCall(CucumberBuiltinKeywords.groovy:272)
	at com.kms.katalon.core.cucumber.keyword.CucumberBuiltinKeywords$_runWithCucumberRunner_closure3.doCall(CucumberBuiltinKeywords.groovy)
	at com.kms.katalon.core.keyword.internal.KeywordMain.runKeyword(KeywordMain.groovy:66)
	at com.kms.katalon.core.keyword.internal.KeywordMain$runKeyword.call(Unknown Source)
	at com.kms.katalon.core.cucumber.keyword.CucumberBuiltinKeywords.runWithCucumberRunner(CucumberBuiltinKeywords.groovy:257)
	at com.kms.katalon.core.cucumber.keyword.CucumberBuiltinKeywords$runWithCucumberRunner$0.callStatic(Unknown Source)
	at com.kms.katalon.core.cucumber.keyword.CucumberBuiltinKeywords.runWithCucumberRunner(CucumberBuiltinKeywords.groovy:357)
	at com.kms.katalon.core.cucumber.keyword.CucumberBuiltinKeywords$runWithCucumberRunner.call(Unknown Source)
	at TC_DeleteLPR.run(TC_DeleteLPR:17)
	at com.kms.katalon.core.main.ScriptEngine.run(ScriptEngine.java:194)
	at com.kms.katalon.core.main.ScriptEngine.runScriptAsRawText(ScriptEngine.java:119)
	at com.kms.katalon.core.main.TestCaseExecutor.runScript(TestCaseExecutor.java:331)
	at com.kms.katalon.core.main.TestCaseExecutor.doExecute(TestCaseExecutor.java:322)
	at com.kms.katalon.core.main.TestCaseExecutor.processExecutionPhase(TestCaseExecutor.java:301)
	at com.kms.katalon.core.main.TestCaseExecutor.accessMainPhase(TestCaseExecutor.java:293)
	at com.kms.katalon.core.main.TestCaseExecutor.execute(TestCaseExecutor.java:227)
	at com.kms.katalon.core.main.TestSuiteExecutor.accessTestCaseMainPhase(TestSuiteExecutor.java:129)
	at com.kms.katalon.core.main.TestSuiteExecutor.accessTestSuiteMainPhase(TestSuiteExecutor.java:112)
	at com.kms.katalon.core.main.TestSuiteExecutor.execute(TestSuiteExecutor.java:81)
	at com.kms.katalon.core.main.TestCaseMain.startTestSuite(TestCaseMain.java:157)
	at com.kms.katalon.core.main.TestCaseMain$startTestSuite$0.call(Unknown Source)
	at TempTestSuite1559146695552.run(TempTestSuite1559146695552.groovy:35)


2019-05-29 21:50:23 - [TEST_CASE][PASSED] - Test Cases/LightPollutionReduction/TC_NavigateToLPR: Test Cases/LightPollutionReduction/TC_NavigateToLPR

2019-05-29 21:50:23 - [TEST_STEP][PASSED] - runWithCucumberRunner(lightPollutionReductionForm.Runner_NavigateToLPR): Run with 'lightPollutionReductionForm.Runner_NavigateToLPR' was passed

2019-05-29 21:50:24 - [TEST_CASE][PASSED] - Test Cases/Login/TC_Login: Test Cases/Login/TC_Login

2019-05-29 21:50:24 - [TEST_STEP][PASSED] - runWithCucumberRunner(common.Runner_Login): Run with 'common.Runner_Login' was passed

2019-05-29 21:50:24 - [MESSAGE][WARNING] - A browser is already opened. Closing browser and opening a new one

2019-05-29 21:50:25 - [MESSAGE][INFO] - Starting 'Chrome' driver

2019-05-29 21:50:25 - [MESSAGE][INFO] - User set preference: ['args', '[--window-size=1920,1080]']

2019-05-29 21:50:27 - [MESSAGE][PASSED] - Browser is opened with url: ''

2019-05-29 21:50:29 - [MESSAGE][PASSED] - Navigate to 'https://leedonline-stg.usgbc.org' successfully

2019-05-29 21:50:31 - [MESSAGE][PASSED] - Delayed 2 second(s)

2019-05-29 21:50:31 - [MESSAGE][PASSED] - Text 'jaypeejay@hotmail.com' is set on object 'Object Repository/Login/input_username'

2019-05-29 21:50:31 - [MESSAGE][PASSED] - Text 'initpass' is set on object 'Object Repository/Login/input_password'

2019-05-29 21:50:34 - [MESSAGE][PASSED] - Delayed 3 second(s)

2019-05-29 21:50:34 - [MESSAGE][PASSED] - Scroll to object 'Object Repository/Login/span_End User License Agreement' successfully

2019-05-29 21:50:34 - [MESSAGE][PASSED] - Object 'Object Repository/Login/span_End User License Agreement' is visible

2019-05-29 21:50:34 - [MESSAGE][PASSED] - Object 'Object Repository/Login/span_End User License Agreement' is checked

2019-05-29 21:50:35 - [MESSAGE][PASSED] - Delayed 1 second(s)

2019-05-29 21:50:36 - [MESSAGE][PASSED] - Object: 'Object Repository/Login/button_Log In' is clicked on

2019-05-29 21:50:43 - [MESSAGE][PASSED] - Object: '' is clicked on

2019-05-29 21:50:45 - [MESSAGE][PASSED] - Object: 'Object Repository/Login/a_Credits' is clicked on

2019-05-29 21:50:45 - [MESSAGE][PASSED] - Run with 'common.Runner_Login' was passed

2019-05-29 21:50:45 - [MESSAGE][PASSED] - Call Test Case 'Test Cases/Login/TC_Login' successfully

2019-05-29 21:50:45 - [MESSAGE][PASSED] - Scroll to object 'Object Repository/LightPollutionReduction/div_Light Pollution Reduction' successfully

2019-05-29 21:50:45 - [MESSAGE][PASSED] - Object 'Object Repository/LightPollutionReduction/div_Light Pollution Reduction' is present

2019-05-29 21:50:45 - [MESSAGE][PASSED] - Text of object 'Object Repository/LightPollutionReduction/h3_Status' is: 'ATTEMPTED'

2019-05-29 21:50:45 - [MESSAGE][PASSED] - Text of object 'Object Repository/Page_LEED Online/div_Attempted Im still working Im done Withdraw Attempt Open to update' is: 'ATTEMPTED'

2019-05-29 21:50:45 - [MESSAGE][PASSED] - Object: 'Object Repository/LightPollutionReduction/div_Light Pollution Reduction' is clicked on

2019-05-29 21:50:47 - [MESSAGE][PASSED] - Object: 'Object Repository/LightPollutionReduction/span_(V01)' is clicked on

2019-05-29 21:50:47 - [MESSAGE][PASSED] - Object 'Object Repository/LightPollutionReduction/div_LPRForm' is present

2019-05-29 21:50:47 - [MESSAGE][PASSED] - Run with 'lightPollutionReductionForm.Runner_NavigateToLPR' was passed

2019-05-29 21:50:47 - [MESSAGE][PASSED] - Call Test Case 'Test Cases/LightPollutionReduction/TC_NavigateToLPR' successfully

2019-05-29 21:50:57 - [MESSAGE][PASSED] - Delayed 10 second(s)

2019-05-29 21:50:57 - [MESSAGE][PASSED] - Web element with id: 'Object Repository/LightPollutionReduction/Autosave/span_Last draft saved on' located by 'By.xpath: //*[@id="credit-form"]/div[5]/div/span/span' is not present after '2' second(s)

2019-05-29 21:50:58 - [MESSAGE][PASSED] - Object: 'Object Repository/LightPollutionReduction/FixtureShielding/input_Select one of the following_selectedOption' is clicked on

2019-05-29 21:51:08 - [MESSAGE][PASSED] - Delayed 10 second(s)

2019-05-29 21:51:08 - [MESSAGE][PASSED] - Text of object 'Object Repository/LightPollutionReduction/Autosave/span_Last draft saved on' is: 'Last draft saved on: 29 May 2019 09:51:09 PM  Clear draft'

2019-05-29 21:51:08 - [MESSAGE][PASSED] - Scroll to object 'Object Repository/LightPollutionReduction/FixtureShielding/Upload_shielding information/Addfile_shielding information/input_file' successfully

2019-05-29 21:51:08 - [MESSAGE][PASSED] - File 'C:/Users/Promantus Inc/Katalon Studio/Usgbc_LeedOnline_ScoreCard/Include/TestData/MultipleFileDiffExt/ZZ.pdf' sent to object: 'Object Repository/LightPollutionReduction/FixtureShielding/Upload_shielding information/Addfile_shielding information/input_file'

2019-05-29 21:51:08 - [MESSAGE][PASSED] - File 'C:/Users/Promantus Inc/Katalon Studio/Usgbc_LeedOnline_ScoreCard/Include/TestData/MultipleFileDiffExt/ZZ.pdf' sent to object: 'Object Repository/LightPollutionReduction/FixtureShielding/Upload_siteplan/Addfile_siteplan/input_siteplan'

2019-05-29 21:51:23 - [MESSAGE][PASSED] - Delayed 15 second(s)

2019-05-29 21:51:23 - [MESSAGE][PASSED] - Object 'Object Repository/LightPollutionReduction/Autosave/span_Last draft saved on' is present

2019-05-29 21:51:23 - [MESSAGE][PASSED] - Text of object 'Object Repository/LightPollutionReduction/Autosave/span_Last draft saved on' is: 'Last draft saved on: 29 May 2019 09:51:09 PM  Clear draft'

2019-05-29 21:51:23 - [MESSAGE][PASSED] - Actual text 'Last draft saved on: 29 May 2019 09:51:09 PM  Clear draft' and expected text 'Last draft saved on: 29 May 2019 09:51:09 PM  Clear draft' are matched 

2019-05-29 21:51:23 - [MESSAGE][PASSED] - Object 'Object Repository/LightPollutionReduction/FixtureShielding/input_Option 1. Fixture Shielding_exteriorFixtures' is present

2019-05-29 21:51:23 - [MESSAGE][PASSED] - Object: 'Object Repository/LightPollutionReduction/FixtureShielding/input_Option 1. Fixture Shielding_exteriorFixtures' is clicked on

2019-05-29 21:51:35 - [MESSAGE][PASSED] - Delayed 12 second(s)

2019-05-29 21:51:35 - [MESSAGE][PASSED] - Object 'Object Repository/LightPollutionReduction/Autosave/span_Last draft saved on' is present

2019-05-29 21:51:35 - [MESSAGE][PASSED] - Text of object 'Object Repository/LightPollutionReduction/Autosave/span_Last draft saved on' is: 'Last draft saved on: 29 May 2019 09:51:29 PM  Clear draft'

2019-05-29 21:51:36 - [MESSAGE][PASSED] - Actual text 'Last draft saved on: 29 May 2019 09:51:09 PM  Clear draft' and expected text 'Last draft saved on: 29 May 2019 09:51:29 PM  Clear draft' are not matched 

2019-05-29 21:51:36 - [MESSAGE][PASSED] - Object 'Object Repository/LightPollutionReduction/FixtureShielding/Htmleditorbox_sc/p_Describe the circumstances l' is present

2019-05-29 21:51:36 - [MESSAGE][PASSED] - Text 'Test Data for Narrative' is set on object 'Object Repository/LightPollutionReduction/FixtureShielding/Htmleditorbox_sc/body_SC_Editor'

2019-05-29 21:51:46 - [MESSAGE][PASSED] - Delayed 10 second(s)

2019-05-29 21:51:46 - [MESSAGE][PASSED] - Object 'Object Repository/LightPollutionReduction/Autosave/span_Last draft saved on' is present

2019-05-29 21:51:46 - [MESSAGE][PASSED] - Text of object 'Object Repository/LightPollutionReduction/Autosave/span_Last draft saved on' is: 'Last draft saved on: 29 May 2019 09:51:39 PM  Clear draft'

2019-05-29 21:51:46 - [MESSAGE][PASSED] - Actual text 'Last draft saved on: 29 May 2019 09:51:29 PM  Clear draft' and expected text 'Last draft saved on: 29 May 2019 09:51:39 PM  Clear draft' are not matched 

2019-05-29 21:51:46 - [MESSAGE][PASSED] - Object 'Object Repository/LightPollutionReduction/FixtureShielding/input_PercentIncrease' is present

2019-05-29 21:51:46 - [MESSAGE][PASSED] - Text '67' is set on object 'Object Repository/LightPollutionReduction/FixtureShielding/input_PercentIncrease'

2019-05-29 21:51:56 - [MESSAGE][PASSED] - Delayed 10 second(s)

2019-05-29 21:51:56 - [MESSAGE][PASSED] - Object 'Object Repository/LightPollutionReduction/Autosave/span_Last draft saved on' is present

2019-05-29 21:51:57 - [MESSAGE][PASSED] - Text of object 'Object Repository/LightPollutionReduction/Autosave/span_Last draft saved on' is: 'Last draft saved on: 29 May 2019 09:51:49 PM  Clear draft'

2019-05-29 21:51:57 - [MESSAGE][PASSED] - Actual text 'Last draft saved on: 29 May 2019 09:51:39 PM  Clear draft' and expected text 'Last draft saved on: 29 May 2019 09:51:49 PM  Clear draft' are not matched 

2019-05-29 21:51:57 - [MESSAGE][PASSED] - Object 'Object Repository/LightPollutionReduction/Autosave/span_Last draft saved on' is present

2019-05-29 21:51:57 - [MESSAGE][PASSED] - Object 'Object Repository/LightPollutionReduction/FixtureShielding/Saveform/btn_Save' is present

2019-05-29 21:51:57 - [MESSAGE][PASSED] - Object: 'Object Repository/LightPollutionReduction/FixtureShielding/Saveform/btn_Save' is clicked on

2019-05-29 21:52:07 - [MESSAGE][PASSED] - Delayed 10 second(s)

2019-05-29 21:52:07 - [MESSAGE][PASSED] - Web element with id: 'Object Repository/LightPollutionReduction/Autosave/div_Form drafted and not yet saved' located by 'By.xpath: //div[@id='draftDataWarning']' is not present after '2' second(s)

2019-05-29 21:52:07 - [MESSAGE][PASSED] - Scroll to object 'Object Repository/LightPollutionReduction/FixtureShielding/Upload_siteplan/p_Upload a site plan with scal' successfully

2019-05-29 21:52:08 - [MESSAGE][PASSED] - Delayed 1 second(s)

2019-05-29 21:52:08 - [MESSAGE][PASSED] - Object: '' is clicked on

2019-05-29 21:52:10 - [MESSAGE][PASSED] - Delayed 2 second(s)

2019-05-29 21:52:10 - [MESSAGE][PASSED] - Object: 'Object Repository/LightPollutionReduction/FixtureShielding/button_Yes' is clicked on

2019-05-29 21:52:11 - [MESSAGE][PASSED] - Delayed 1 second(s)

2019-05-29 21:52:12 - [MESSAGE][PASSED] - Object: '' is clicked on

2019-05-29 21:52:14 - [MESSAGE][PASSED] - Delayed 2 second(s)

2019-05-29 21:52:14 - [MESSAGE][PASSED] - Object: 'Object Repository/LightPollutionReduction/FixtureShielding/button_Yes' is clicked on

2019-05-29 21:52:15 - [MESSAGE][PASSED] - Delayed 1 second(s)

2019-05-29 21:52:15 - [MESSAGE][PASSED] - Object: '' is clicked on

2019-05-29 21:52:17 - [MESSAGE][PASSED] - Delayed 2 second(s)

2019-05-29 21:52:17 - [MESSAGE][PASSED] - Object: 'Object Repository/LightPollutionReduction/FixtureShielding/button_Yes' is clicked on

2019-05-29 21:52:18 - [MESSAGE][PASSED] - Delayed 1 second(s)

2019-05-29 21:52:18 - [MESSAGE][PASSED] - Object: '' is clicked on

2019-05-29 21:52:20 - [MESSAGE][PASSED] - Delayed 2 second(s)

2019-05-29 21:52:20 - [MESSAGE][PASSED] - Object: 'Object Repository/LightPollutionReduction/FixtureShielding/button_Yes' is clicked on

2019-05-29 21:52:21 - [MESSAGE][PASSED] - Scroll to object 'Object Repository/LightPollutionReduction/FixtureShielding/Upload_shielding information/p_Upload shielding information' successfully

2019-05-29 21:52:22 - [MESSAGE][PASSED] - Delayed 1 second(s)

2019-05-29 21:52:22 - [MESSAGE][PASSED] - Object: '' is clicked on

2019-05-29 21:52:24 - [MESSAGE][PASSED] - Delayed 2 second(s)

2019-05-29 21:52:24 - [MESSAGE][PASSED] - Object: 'Object Repository/LightPollutionReduction/FixtureShielding/button_Yes' is clicked on

2019-05-29 21:52:25 - [MESSAGE][PASSED] - Delayed 1 second(s)

2019-05-29 21:52:25 - [MESSAGE][PASSED] - Object: '' is clicked on

2019-05-29 21:52:27 - [MESSAGE][PASSED] - Delayed 2 second(s)

2019-05-29 21:52:27 - [MESSAGE][PASSED] - Object: 'Object Repository/LightPollutionReduction/FixtureShielding/button_Yes' is clicked on

2019-05-29 21:52:28 - [MESSAGE][PASSED] - Delayed 1 second(s)

2019-05-29 21:52:28 - [MESSAGE][PASSED] - Object: '' is clicked on

2019-05-29 21:52:30 - [MESSAGE][PASSED] - Delayed 2 second(s)

2019-05-29 21:52:31 - [MESSAGE][PASSED] - Object: 'Object Repository/LightPollutionReduction/FixtureShielding/button_Yes' is clicked on

2019-05-29 21:52:32 - [MESSAGE][PASSED] - Delayed 1 second(s)

2019-05-29 21:52:32 - [MESSAGE][PASSED] - Object: '' is clicked on

2019-05-29 21:52:34 - [MESSAGE][PASSED] - Delayed 2 second(s)

2019-05-29 21:52:34 - [MESSAGE][PASSED] - Object: 'Object Repository/LightPollutionReduction/FixtureShielding/button_Yes' is clicked on

2019-05-29 21:52:39 - [MESSAGE][PASSED] - Delayed 5 second(s)

2019-05-29 21:52:39 - [MESSAGE][PASSED] - Object 'Object Repository/LightPollutionReduction/FixtureShielding/Htmleditorbox_sc/p_Describe the circumstances l' is present

2019-05-29 21:52:39 - [MESSAGE][PASSED] - Object: 'Object Repository/LightPollutionReduction/FixtureShielding/input_Select one of the following_selectedOption' is clicked on

2019-05-29 21:52:39 - [MESSAGE][PASSED] - Text 'Testing for ClearDraft' is set on object 'Object Repository/LightPollutionReduction/FixtureShielding/Htmleditorbox_sc/body_SC_Editor'

2019-05-29 21:52:49 - [MESSAGE][PASSED] - Delayed 10 second(s)

2019-05-29 21:52:49 - [MESSAGE][PASSED] - Object 'Object Repository/LightPollutionReduction/Autosave/a_Clear draft' is present

2019-05-29 21:52:50 - [MESSAGE][PASSED] - Object: 'Object Repository/LightPollutionReduction/Autosave/a_Clear draft' is clicked on

2019-05-29 21:52:50 - [MESSAGE][PASSED] - Object: 'Object Repository/LightPollutionReduction/FixtureShielding/button_Yes' is clicked on

2019-05-29 21:52:55 - [MESSAGE][PASSED] - Delayed 5 second(s)

2019-05-29 21:52:55 - [MESSAGE][PASSED] - Web element with id: 'Object Repository/LightPollutionReduction/Autosave/span_Last draft saved on' located by 'By.xpath: //*[@id="credit-form"]/div[5]/div/span/span' is not present after '2' second(s)

2019-05-29 21:52:55 - [MESSAGE][PASSED] - Object 'Object Repository/LightPollutionReduction/FixtureShielding/Htmleditorbox_sc/p_Describe the circumstances l' is present

2019-05-29 21:52:55 - [MESSAGE][PASSED] - Text 'Testing for Logout and Login' is set on object 'Object Repository/LightPollutionReduction/FixtureShielding/Htmleditorbox_sc/body_SC_Editor'

2019-05-29 21:53:05 - [MESSAGE][PASSED] - Delayed 10 second(s)

2019-05-29 21:53:05 - [MESSAGE][PASSED] - Text of object 'Object Repository/LightPollutionReduction/Autosave/span_Last draft saved on' is: 'Last draft saved on: 29 May 2019 09:53:04 PM  Clear draft'

2019-05-29 21:53:05 - [MESSAGE][PASSED] - Object: 'Object Repository/LightPollutionReduction/Autosave/div_Signout' is clicked on

2019-05-29 21:53:06 - [MESSAGE][FAILED] - Unable to click on object 'Object Repository/LightPollutionReduction/Autosave/a_Sign out'
[[ATTACHMENT|C:\\Users\\Promantus Inc\\Katalon Studio\\Usgbc_LeedOnline_ScoreCard\\Reports\\SmokeTest\\20190529_214815\\1559146986053.png]]

2019-05-29 21:53:06 - [MESSAGE][FAILED] - These following reason:
 [Unable to click on object 'Object Repository/LightPollutionReduction/Autosave/a_Sign out']

2019-05-29 21:53:06 - [MESSAGE][FAILED] - Keyword runWithCucumberRunner was failed (Root cause: com.kms.katalon.core.exception.StepFailedException: These following reason:
 [Unable to click on object 'Object Repository/LightPollutionReduction/Autosave/a_Sign out']
	at com.kms.katalon.core.keyword.internal.KeywordMain.stepFailed(KeywordMain.groovy:48)
	at com.kms.katalon.core.keyword.internal.KeywordMain.stepFailed(KeywordMain.groovy)
	at com.kms.katalon.core.keyword.internal.KeywordMain.stepFailed(KeywordMain.groovy:21)
	at com.kms.katalon.core.keyword.internal.KeywordMain$stepFailed$0.call(Unknown Source)
	at com.kms.katalon.core.cucumber.keyword.CucumberBuiltinKeywords$_runWithCucumberRunner_closure3.doCall(CucumberBuiltinKeywords.groovy:272)
	at com.kms.katalon.core.cucumber.keyword.CucumberBuiltinKeywords$_runWithCucumberRunner_closure3.doCall(CucumberBuiltinKeywords.groovy)
	at com.kms.katalon.core.keyword.internal.KeywordMain.runKeyword(KeywordMain.groovy:66)
	at com.kms.katalon.core.keyword.internal.KeywordMain$runKeyword.call(Unknown Source)
	at com.kms.katalon.core.cucumber.keyword.CucumberBuiltinKeywords.runWithCucumberRunner(CucumberBuiltinKeywords.groovy:257)
	at com.kms.katalon.core.cucumber.keyword.CucumberBuiltinKeywords$runWithCucumberRunner$0.callStatic(Unknown Source)
	at com.kms.katalon.core.cucumber.keyword.CucumberBuiltinKeywords.runWithCucumberRunner(CucumberBuiltinKeywords.groovy:357)
	at com.kms.katalon.core.cucumber.keyword.CucumberBuiltinKeywords$runWithCucumberRunner.call(Unknown Source)
	at TC_DeleteLPR.run(TC_DeleteLPR:17)
	at com.kms.katalon.core.main.ScriptEngine.run(ScriptEngine.java:194)
	at com.kms.katalon.core.main.ScriptEngine.runScriptAsRawText(ScriptEngine.java:119)
	at com.kms.katalon.core.main.TestCaseExecutor.runScript(TestCaseExecutor.java:331)
	at com.kms.katalon.core.main.TestCaseExecutor.doExecute(TestCaseExecutor.java:322)
	at com.kms.katalon.core.main.TestCaseExecutor.processExecutionPhase(TestCaseExecutor.java:301)
	at com.kms.katalon.core.main.TestCaseExecutor.accessMainPhase(TestCaseExecutor.java:293)
	at com.kms.katalon.core.main.TestCaseExecutor.execute(TestCaseExecutor.java:227)
	at com.kms.katalon.core.main.TestSuiteExecutor.accessTestCaseMainPhase(TestSuiteExecutor.java:129)
	at com.kms.katalon.core.main.TestSuiteExecutor.accessTestSuiteMainPhase(TestSuiteExecutor.java:112)
	at com.kms.katalon.core.main.TestSuiteExecutor.execute(TestSuiteExecutor.java:81)
	at com.kms.katalon.core.main.TestCaseMain.startTestSuite(TestCaseMain.java:157)
	at com.kms.katalon.core.main.TestCaseMain$startTestSuite$0.call(Unknown Source)
	at TempTestSuite1559146695552.run(TempTestSuite1559146695552.groovy:35)
)

2019-05-29 21:53:06 - [MESSAGE][FAILED] - runWithCucumberRunner(lightPollutionReductionForm.Runner_DeleteLPR) FAILED.
Reason:
com.kms.katalon.core.exception.StepFailedException: These following reason:
 [Unable to click on object 'Object Repository/LightPollutionReduction/Autosave/a_Sign out']
	at com.kms.katalon.core.keyword.internal.KeywordMain.stepFailed(KeywordMain.groovy:48)
	at com.kms.katalon.core.keyword.internal.KeywordMain.stepFailed(KeywordMain.groovy)
	at com.kms.katalon.core.keyword.internal.KeywordMain.stepFailed(KeywordMain.groovy:21)
	at com.kms.katalon.core.keyword.internal.KeywordMain$stepFailed$0.call(Unknown Source)
	at com.kms.katalon.core.cucumber.keyword.CucumberBuiltinKeywords$_runWithCucumberRunner_closure3.doCall(CucumberBuiltinKeywords.groovy:272)
	at com.kms.katalon.core.cucumber.keyword.CucumberBuiltinKeywords$_runWithCucumberRunner_closure3.doCall(CucumberBuiltinKeywords.groovy)
	at com.kms.katalon.core.keyword.internal.KeywordMain.runKeyword(KeywordMain.groovy:66)
	at com.kms.katalon.core.keyword.internal.KeywordMain$runKeyword.call(Unknown Source)
	at com.kms.katalon.core.cucumber.keyword.CucumberBuiltinKeywords.runWithCucumberRunner(CucumberBuiltinKeywords.groovy:257)
	at com.kms.katalon.core.cucumber.keyword.CucumberBuiltinKeywords$runWithCucumberRunner$0.callStatic(Unknown Source)
	at com.kms.katalon.core.cucumber.keyword.CucumberBuiltinKeywords.runWithCucumberRunner(CucumberBuiltinKeywords.groovy:357)
	at com.kms.katalon.core.cucumber.keyword.CucumberBuiltinKeywords$runWithCucumberRunner.call(Unknown Source)
	at TC_DeleteLPR.run(TC_DeleteLPR:17)
	at com.kms.katalon.core.main.ScriptEngine.run(ScriptEngine.java:194)
	at com.kms.katalon.core.main.ScriptEngine.runScriptAsRawText(ScriptEngine.java:119)
	at com.kms.katalon.core.main.TestCaseExecutor.runScript(TestCaseExecutor.java:331)
	at com.kms.katalon.core.main.TestCaseExecutor.doExecute(TestCaseExecutor.java:322)
	at com.kms.katalon.core.main.TestCaseExecutor.processExecutionPhase(TestCaseExecutor.java:301)
	at com.kms.katalon.core.main.TestCaseExecutor.accessMainPhase(TestCaseExecutor.java:293)
	at com.kms.katalon.core.main.TestCaseExecutor.execute(TestCaseExecutor.java:227)
	at com.kms.katalon.core.main.TestSuiteExecutor.accessTestCaseMainPhase(TestSuiteExecutor.java:129)
	at com.kms.katalon.core.main.TestSuiteExecutor.accessTestSuiteMainPhase(TestSuiteExecutor.java:112)
	at com.kms.katalon.core.main.TestSuiteExecutor.execute(TestSuiteExecutor.java:81)
	at com.kms.katalon.core.main.TestCaseMain.startTestSuite(TestCaseMain.java:157)
	at com.kms.katalon.core.main.TestCaseMain$startTestSuite$0.call(Unknown Source)
	at TempTestSuite1559146695552.run(TempTestSuite1559146695552.groovy:35)]]></system-out>
         <system-err><![CDATA[2019-05-29 21:50:23 - [TEST_CASE][FAILED] - Test Cases/LightPollutionReduction/TC_DeleteLPR: Test Cases/LightPollutionReduction/TC_DeleteLPR FAILED.
Reason:
com.kms.katalon.core.exception.StepFailedException: These following reason:
 [Unable to click on object 'Object Repository/LightPollutionReduction/Autosave/a_Sign out']
	at com.kms.katalon.core.keyword.internal.KeywordMain.stepFailed(KeywordMain.groovy:48)
	at com.kms.katalon.core.keyword.internal.KeywordMain.stepFailed(KeywordMain.groovy)
	at com.kms.katalon.core.keyword.internal.KeywordMain.stepFailed(KeywordMain.groovy:21)
	at com.kms.katalon.core.keyword.internal.KeywordMain$stepFailed$0.call(Unknown Source)
	at com.kms.katalon.core.cucumber.keyword.CucumberBuiltinKeywords$_runWithCucumberRunner_closure3.doCall(CucumberBuiltinKeywords.groovy:272)
	at com.kms.katalon.core.cucumber.keyword.CucumberBuiltinKeywords$_runWithCucumberRunner_closure3.doCall(CucumberBuiltinKeywords.groovy)
	at com.kms.katalon.core.keyword.internal.KeywordMain.runKeyword(KeywordMain.groovy:66)
	at com.kms.katalon.core.keyword.internal.KeywordMain$runKeyword.call(Unknown Source)
	at com.kms.katalon.core.cucumber.keyword.CucumberBuiltinKeywords.runWithCucumberRunner(CucumberBuiltinKeywords.groovy:257)
	at com.kms.katalon.core.cucumber.keyword.CucumberBuiltinKeywords$runWithCucumberRunner$0.callStatic(Unknown Source)
	at com.kms.katalon.core.cucumber.keyword.CucumberBuiltinKeywords.runWithCucumberRunner(CucumberBuiltinKeywords.groovy:357)
	at com.kms.katalon.core.cucumber.keyword.CucumberBuiltinKeywords$runWithCucumberRunner.call(Unknown Source)
	at TC_DeleteLPR.run(TC_DeleteLPR:17)
	at com.kms.katalon.core.main.ScriptEngine.run(ScriptEngine.java:194)
	at com.kms.katalon.core.main.ScriptEngine.runScriptAsRawText(ScriptEngine.java:119)
	at com.kms.katalon.core.main.TestCaseExecutor.runScript(TestCaseExecutor.java:331)
	at com.kms.katalon.core.main.TestCaseExecutor.doExecute(TestCaseExecutor.java:322)
	at com.kms.katalon.core.main.TestCaseExecutor.processExecutionPhase(TestCaseExecutor.java:301)
	at com.kms.katalon.core.main.TestCaseExecutor.accessMainPhase(TestCaseExecutor.java:293)
	at com.kms.katalon.core.main.TestCaseExecutor.execute(TestCaseExecutor.java:227)
	at com.kms.katalon.core.main.TestSuiteExecutor.accessTestCaseMainPhase(TestSuiteExecutor.java:129)
	at com.kms.katalon.core.main.TestSuiteExecutor.accessTestSuiteMainPhase(TestSuiteExecutor.java:112)
	at com.kms.katalon.core.main.TestSuiteExecutor.execute(TestSuiteExecutor.java:81)
	at com.kms.katalon.core.main.TestCaseMain.startTestSuite(TestCaseMain.java:157)
	at com.kms.katalon.core.main.TestCaseMain$startTestSuite$0.call(Unknown Source)
	at TempTestSuite1559146695552.run(TempTestSuite1559146695552.groovy:35)]]></system-err>
      </testcase>
      <system-out><![CDATA[2019-05-29 21:48:22 - [TEST_SUITE][FAILED] - SmokeTest: Test Cases/LightPollutionReduction/TC_DeleteLPR FAILED.
Reason:
com.kms.katalon.core.exception.StepFailedException: These following reason:
 [Unable to click on object 'Object Repository/LightPollutionReduction/Autosave/a_Sign out']
	at com.kms.katalon.core.keyword.internal.KeywordMain.stepFailed(KeywordMain.groovy:48)
	at com.kms.katalon.core.keyword.internal.KeywordMain.stepFailed(KeywordMain.groovy)
	at com.kms.katalon.core.keyword.internal.KeywordMain.stepFailed(KeywordMain.groovy:21)
	at com.kms.katalon.core.keyword.internal.KeywordMain$stepFailed$0.call(Unknown Source)
	at com.kms.katalon.core.cucumber.keyword.CucumberBuiltinKeywords$_runWithCucumberRunner_closure3.doCall(CucumberBuiltinKeywords.groovy:272)
	at com.kms.katalon.core.cucumber.keyword.CucumberBuiltinKeywords$_runWithCucumberRunner_closure3.doCall(CucumberBuiltinKeywords.groovy)
	at com.kms.katalon.core.keyword.internal.KeywordMain.runKeyword(KeywordMain.groovy:66)
	at com.kms.katalon.core.keyword.internal.KeywordMain$runKeyword.call(Unknown Source)
	at com.kms.katalon.core.cucumber.keyword.CucumberBuiltinKeywords.runWithCucumberRunner(CucumberBuiltinKeywords.groovy:257)
	at com.kms.katalon.core.cucumber.keyword.CucumberBuiltinKeywords$runWithCucumberRunner$0.callStatic(Unknown Source)
	at com.kms.katalon.core.cucumber.keyword.CucumberBuiltinKeywords.runWithCucumberRunner(CucumberBuiltinKeywords.groovy:357)
	at com.kms.katalon.core.cucumber.keyword.CucumberBuiltinKeywords$runWithCucumberRunner.call(Unknown Source)
	at TC_DeleteLPR.run(TC_DeleteLPR:17)
	at com.kms.katalon.core.main.ScriptEngine.run(ScriptEngine.java:194)
	at com.kms.katalon.core.main.ScriptEngine.runScriptAsRawText(ScriptEngine.java:119)
	at com.kms.katalon.core.main.TestCaseExecutor.runScript(TestCaseExecutor.java:331)
	at com.kms.katalon.core.main.TestCaseExecutor.doExecute(TestCaseExecutor.java:322)
	at com.kms.katalon.core.main.TestCaseExecutor.processExecutionPhase(TestCaseExecutor.java:301)
	at com.kms.katalon.core.main.TestCaseExecutor.accessMainPhase(TestCaseExecutor.java:293)
	at com.kms.katalon.core.main.TestCaseExecutor.execute(TestCaseExecutor.java:227)
	at com.kms.katalon.core.main.TestSuiteExecutor.accessTestCaseMainPhase(TestSuiteExecutor.java:129)
	at com.kms.katalon.core.main.TestSuiteExecutor.accessTestSuiteMainPhase(TestSuiteExecutor.java:112)
	at com.kms.katalon.core.main.TestSuiteExecutor.execute(TestSuiteExecutor.java:81)
	at com.kms.katalon.core.main.TestCaseMain.startTestSuite(TestCaseMain.java:157)
	at com.kms.katalon.core.main.TestCaseMain$startTestSuite$0.call(Unknown Source)
	at TempTestSuite1559146695552.run(TempTestSuite1559146695552.groovy:35)]]></system-out>
      <system-err><![CDATA[2019-05-29 21:48:22 - [TEST_SUITE][FAILED] - SmokeTest: Test Cases/LightPollutionReduction/TC_DeleteLPR FAILED.
Reason:
com.kms.katalon.core.exception.StepFailedException: These following reason:
 [Unable to click on object 'Object Repository/LightPollutionReduction/Autosave/a_Sign out']
	at com.kms.katalon.core.keyword.internal.KeywordMain.stepFailed(KeywordMain.groovy:48)
	at com.kms.katalon.core.keyword.internal.KeywordMain.stepFailed(KeywordMain.groovy)
	at com.kms.katalon.core.keyword.internal.KeywordMain.stepFailed(KeywordMain.groovy:21)
	at com.kms.katalon.core.keyword.internal.KeywordMain$stepFailed$0.call(Unknown Source)
	at com.kms.katalon.core.cucumber.keyword.CucumberBuiltinKeywords$_runWithCucumberRunner_closure3.doCall(CucumberBuiltinKeywords.groovy:272)
	at com.kms.katalon.core.cucumber.keyword.CucumberBuiltinKeywords$_runWithCucumberRunner_closure3.doCall(CucumberBuiltinKeywords.groovy)
	at com.kms.katalon.core.keyword.internal.KeywordMain.runKeyword(KeywordMain.groovy:66)
	at com.kms.katalon.core.keyword.internal.KeywordMain$runKeyword.call(Unknown Source)
	at com.kms.katalon.core.cucumber.keyword.CucumberBuiltinKeywords.runWithCucumberRunner(CucumberBuiltinKeywords.groovy:257)
	at com.kms.katalon.core.cucumber.keyword.CucumberBuiltinKeywords$runWithCucumberRunner$0.callStatic(Unknown Source)
	at com.kms.katalon.core.cucumber.keyword.CucumberBuiltinKeywords.runWithCucumberRunner(CucumberBuiltinKeywords.groovy:357)
	at com.kms.katalon.core.cucumber.keyword.CucumberBuiltinKeywords$runWithCucumberRunner.call(Unknown Source)
	at TC_DeleteLPR.run(TC_DeleteLPR:17)
	at com.kms.katalon.core.main.ScriptEngine.run(ScriptEngine.java:194)
	at com.kms.katalon.core.main.ScriptEngine.runScriptAsRawText(ScriptEngine.java:119)
	at com.kms.katalon.core.main.TestCaseExecutor.runScript(TestCaseExecutor.java:331)
	at com.kms.katalon.core.main.TestCaseExecutor.doExecute(TestCaseExecutor.java:322)
	at com.kms.katalon.core.main.TestCaseExecutor.processExecutionPhase(TestCaseExecutor.java:301)
	at com.kms.katalon.core.main.TestCaseExecutor.accessMainPhase(TestCaseExecutor.java:293)
	at com.kms.katalon.core.main.TestCaseExecutor.execute(TestCaseExecutor.java:227)
	at com.kms.katalon.core.main.TestSuiteExecutor.accessTestCaseMainPhase(TestSuiteExecutor.java:129)
	at com.kms.katalon.core.main.TestSuiteExecutor.accessTestSuiteMainPhase(TestSuiteExecutor.java:112)
	at com.kms.katalon.core.main.TestSuiteExecutor.execute(TestSuiteExecutor.java:81)
	at com.kms.katalon.core.main.TestCaseMain.startTestSuite(TestCaseMain.java:157)
	at com.kms.katalon.core.main.TestCaseMain$startTestSuite$0.call(Unknown Source)
	at TempTestSuite1559146695552.run(TempTestSuite1559146695552.groovy:35)]]></system-err>
   </testsuite>
</testsuites>
