<?xml version="1.0" encoding="UTF-8"?>
<testsuites name="SmokeTest" time="224" tests="1" failures="1" errors="0">
   <testsuite name="SmokeTest" tests="1" failures="1" errors="0" time="224" timestamp="2019-06-04 20:17:39" hostname="Promantus Inc - G10PROLT021" id="Test Suites/SmokeTest">
      <properties>
         <property name="deviceName" value=""/>
         <property name="devicePlatform" value=""/>
         <property name="logFolder" value="G:\\Sabareesh\\MyGitRepos\\Usgbc_LeedOnline_ScoreCard\\Usgbc_LeedOnline_ScoreCard\\Reports\\SmokeTest\\20190604_201732"/>
         <property name="logFiles" value="G:\\Sabareesh\\MyGitRepos\\Usgbc_LeedOnline_ScoreCard\\Usgbc_LeedOnline_ScoreCard\\Reports\\SmokeTest\\20190604_201732\\execution0.log"/>
         <property name="attachments" value="G:\\Sabareesh\\MyGitRepos\\Usgbc_LeedOnline_ScoreCard\\Usgbc_LeedOnline_ScoreCard\\Reports\\SmokeTest\\20190604_201732\\1559659881860.png"/>
         <property name="hostName" value="Promantus Inc - G10PROLT021"/>
         <property name="os" value="Windows 10 64bit"/>
         <property name="katalonVersion" value="6.0.5.4"/>
         <property name="browser" value="Chrome 74.0.3729.169"/>
         <property name="hostAddress" value="192.168.0.104"/>
         <property name="sessionId" value="05969c97c989a91d7ad3d0bd1b41c11b"/>
         <property name="seleniumVersion" value="3.7.1"/>
         <property name="proxyInformation" value="ProxyInformation{proxyOption=NO_PROXY, proxyServerType=HTTP, password=, proxyServerAddress=, proxyServerPort=0}"/>
         <property name="platform" value="Windows 10"/>
      </properties>
      <testcase name="Test Cases/LightPollutionReduction/TC_LPR_FixtureSheildingForm" classname="Test Cases/LightPollutionReduction/TC_LPR_FixtureSheildingForm" status="PASSED">
         <system-out><![CDATA[2019-06-04 20:17:39 - [TEST_CASE][PASSED] - Test Cases/LightPollutionReduction/TC_LPR_FixtureSheildingForm: Test Cases/LightPollutionReduction/TC_LPR_FixtureSheildingForm

2019-06-04 20:17:39 - [TEST_STEP][PASSED] - runWithCucumberRunner(lightPollutionReductionForm.Runner_LPR_FixtureSheildingForm): Run with 'lightPollutionReductionForm.Runner_LPR_FixtureSheildingForm' was passed

2019-06-04 20:17:42 - [TEST_CASE][PASSED] - Test Cases/LightPollutionReduction/TC_NavigateToLPR: Test Cases/LightPollutionReduction/TC_NavigateToLPR

2019-06-04 20:17:42 - [TEST_STEP][PASSED] - runWithCucumberRunner(lightPollutionReductionForm.Runner_NavigateToLPR): Run with 'lightPollutionReductionForm.Runner_NavigateToLPR' was passed

2019-06-04 20:17:42 - [TEST_CASE][PASSED] - Test Cases/Login/TC_Login: Test Cases/Login/TC_Login

2019-06-04 20:17:43 - [TEST_STEP][PASSED] - runWithCucumberRunner(common.Runner_Login): Run with 'common.Runner_Login' was passed

2019-06-04 20:17:43 - [MESSAGE][INFO] - Starting 'Chrome' driver

2019-06-04 20:17:43 - [MESSAGE][INFO] - User set preference: ['args', '[--window-size=1920,1080]']

2019-06-04 20:17:43 - [MESSAGE][INFO] - Action delay is set to 0 seconds

2019-06-04 20:17:48 - [MESSAGE][PASSED] - Browser is opened with url: ''

2019-06-04 20:17:51 - [MESSAGE][PASSED] - Navigate to 'https://leedonline-stg.usgbc.org' successfully

2019-06-04 20:17:53 - [MESSAGE][PASSED] - Delayed 2 second(s)

2019-06-04 20:17:53 - [MESSAGE][PASSED] - Text 'jaypeejay@hotmail.com' is set on object 'Object Repository/Login/input_username'

2019-06-04 20:17:53 - [MESSAGE][PASSED] - Text 'initpass' is set on object 'Object Repository/Login/input_password'

2019-06-04 20:17:56 - [MESSAGE][PASSED] - Delayed 3 second(s)

2019-06-04 20:17:56 - [MESSAGE][PASSED] - Scroll to object 'Object Repository/Login/span_End User License Agreement' successfully

2019-06-04 20:17:56 - [MESSAGE][PASSED] - Object 'Object Repository/Login/span_End User License Agreement' is visible

2019-06-04 20:17:57 - [MESSAGE][PASSED] - Object 'Object Repository/Login/span_End User License Agreement' is checked

2019-06-04 20:17:58 - [MESSAGE][PASSED] - Delayed 1 second(s)

2019-06-04 20:17:58 - [MESSAGE][PASSED] - Object: 'Object Repository/Login/button_Log In' is clicked on

2019-06-04 20:18:03 - [MESSAGE][PASSED] - Object: '' is clicked on

2019-06-04 20:18:04 - [MESSAGE][PASSED] - Object: 'Object Repository/Login/a_Credits' is clicked on

2019-06-04 20:18:04 - [MESSAGE][PASSED] - Run with 'common.Runner_Login' was passed

2019-06-04 20:18:04 - [MESSAGE][PASSED] - Call Test Case 'Test Cases/Login/TC_Login' successfully

2019-06-04 20:18:04 - [MESSAGE][PASSED] - Scroll to object 'Object Repository/LightPollutionReduction/div_Light Pollution Reduction' successfully

2019-06-04 20:18:04 - [MESSAGE][PASSED] - Object 'Object Repository/LightPollutionReduction/div_Light Pollution Reduction' is present

2019-06-04 20:18:04 - [MESSAGE][PASSED] - Text of object 'Object Repository/LightPollutionReduction/h3_Status' is: 'ATTEMPTED'

2019-06-04 20:18:05 - [MESSAGE][PASSED] - Text of object 'Object Repository/Page_LEED Online/div_Attempted Im still working Im done Withdraw Attempt Open to update' is: 'ATTEMPTED'

2019-06-04 20:18:05 - [MESSAGE][PASSED] - Text of object 'Object Repository/LightPollutionReduction/h3_Status' is: 'ATTEMPTED'

2019-06-04 20:18:05 - [MESSAGE][PASSED] - Object: 'Object Repository/LightPollutionReduction/div_Light Pollution Reduction' is clicked on

2019-06-04 20:18:07 - [MESSAGE][PASSED] - Object: 'Object Repository/LightPollutionReduction/span_(V01)' is clicked on

2019-06-04 20:18:07 - [MESSAGE][PASSED] - Object 'Object Repository/LightPollutionReduction/div_LPRForm' is present

2019-06-04 20:18:07 - [MESSAGE][PASSED] - Run with 'lightPollutionReductionForm.Runner_NavigateToLPR' was passed

2019-06-04 20:18:07 - [MESSAGE][PASSED] - Call Test Case 'Test Cases/LightPollutionReduction/TC_NavigateToLPR' successfully

2019-06-04 20:18:07 - [MESSAGE][PASSED] - Object 'Object Repository/LightPollutionReduction/FixtureShielding/input_Select one of the following_selectedOption' is present

2019-06-04 20:18:08 - [MESSAGE][PASSED] - Object: 'Object Repository/LightPollutionReduction/FixtureShielding/input_Select one of the following_selectedOption' is clicked on

2019-06-04 20:18:10 - [MESSAGE][PASSED] - Delayed 2 second(s)

2019-06-04 20:18:10 - [MESSAGE][PASSED] - Text 'Option 1. Fixture Shielding' is present on page 

2019-06-04 20:18:10 - [MESSAGE][PASSED] - Object 'Object Repository/LightPollutionReduction/FixtureShielding/input_Option 1. Fixture Shielding_exteriorFixtures' is present

2019-06-04 20:18:13 - [MESSAGE][PASSED] - Delayed 2 second(s)

2019-06-04 20:18:13 - [MESSAGE][PASSED] - Object 'Object Repository/LightPollutionReduction/FixtureShielding/input_Option 1. Fixture Shielding_exteriorFixtures' is checked

2019-06-04 20:18:13 - [MESSAGE][PASSED] - Object 'Object Repository/LightPollutionReduction/FixtureShielding/Upload_shielding information/p_Upload shielding information' is present

2019-06-04 20:18:13 - [MESSAGE][PASSED] - Scroll to object 'Object Repository/LightPollutionReduction/FixtureShielding/Upload_shielding information/p_Upload shielding information' successfully

2019-06-04 20:18:13 - [MESSAGE][PASSED] - Object 'Object Repository/LightPollutionReduction/FixtureShielding/Upload_shielding information/Addfile_shielding information/btn_shielding information' has attribute 'class' with value 'tiny ui button'

2019-06-04 20:18:13 - [MESSAGE][PASSED] - File 'G:\Sabareesh\MyGitRepos\Usgbc_LeedOnline_ScoreCard\Usgbc_LeedOnline_ScoreCard\Include\TestData\MultipleFileDiffExt\SampleGIFImage_350kbmb.gif' sent to object: 'Object Repository/LightPollutionReduction/FixtureShielding/Upload_shielding information/Addfile_shielding information/input_file'

2019-06-04 20:18:14 - [MESSAGE][PASSED] - Delayed 1 second(s)

2019-06-04 20:18:15 - [MESSAGE][PASSED] - Object 'Object Repository/LightPollutionReduction/FixtureShielding/Upload_shielding information/Addfile_shielding information/btn_shielding information' has attribute 'class' with value 'tiny ui button'

2019-06-04 20:18:15 - [MESSAGE][PASSED] - File 'G:\Sabareesh\MyGitRepos\Usgbc_LeedOnline_ScoreCard\Usgbc_LeedOnline_ScoreCard\Include\TestData\MultipleFileDiffExt\SamplePPTFile_1000kb.ppt' sent to object: 'Object Repository/LightPollutionReduction/FixtureShielding/Upload_shielding information/Addfile_shielding information/input_file'

2019-06-04 20:18:16 - [MESSAGE][PASSED] - Delayed 1 second(s)

2019-06-04 20:18:17 - [MESSAGE][PASSED] - Object 'Object Repository/LightPollutionReduction/FixtureShielding/Upload_shielding information/Addfile_shielding information/btn_shielding information' has attribute 'class' with value 'tiny ui button'

2019-06-04 20:18:17 - [MESSAGE][PASSED] - File 'G:\Sabareesh\MyGitRepos\Usgbc_LeedOnline_ScoreCard\Usgbc_LeedOnline_ScoreCard\Include\TestData\MultipleFileDiffExt\ZZ.pdf' sent to object: 'Object Repository/LightPollutionReduction/FixtureShielding/Upload_shielding information/Addfile_shielding information/input_file'

2019-06-04 20:18:18 - [MESSAGE][PASSED] - Delayed 1 second(s)

2019-06-04 20:18:18 - [MESSAGE][PASSED] - Object 'Object Repository/LightPollutionReduction/FixtureShielding/input_PercentIncrease' is present

2019-06-04 20:18:18 - [MESSAGE][PASSED] - Text '677' is set on object 'Object Repository/LightPollutionReduction/FixtureShielding/input_PercentIncrease'

2019-06-04 20:18:21 - [MESSAGE][PASSED] - Delayed 3 second(s)

2019-06-04 20:18:21 - [MESSAGE][PASSED] - Scroll to object 'Object Repository/LightPollutionReduction/FixtureShielding/Upload_shielding information/p_Upload shielding information' successfully

2019-06-04 20:18:21 - [MESSAGE][PASSED] - Attribute 'value' of object 'Object Repository/LightPollutionReduction/FixtureShielding/input_PercentIncrease' is: '677'

2019-06-04 20:18:21 - [MESSAGE][PASSED] - Actual text '677' and expected text '677' are matched 

2019-06-04 20:18:21 - [MESSAGE][PASSED] - Object 'Object Repository/LightPollutionReduction/FixtureShielding/Upload_siteplan/p_Upload a site plan with scal' is present

2019-06-04 20:18:22 - [MESSAGE][PASSED] - Scroll to object 'Object Repository/LightPollutionReduction/FixtureShielding/Upload_siteplan/p_Upload a site plan with scal' successfully

2019-06-04 20:18:22 - [MESSAGE][PASSED] - Object 'Object Repository/LightPollutionReduction/FixtureShielding/Upload_siteplan/Addfile_siteplan/btn_siteplan' has attribute 'class' with value 'tiny ui button'

2019-06-04 20:18:22 - [MESSAGE][PASSED] - File 'G:\Sabareesh\MyGitRepos\Usgbc_LeedOnline_ScoreCard\Usgbc_LeedOnline_ScoreCard\Include\TestData\MultipleFileDiffExt\SampleGIFImage_350kbmb.gif' sent to object: 'Object Repository/LightPollutionReduction/FixtureShielding/Upload_siteplan/Addfile_siteplan/input_siteplan'

2019-06-04 20:18:23 - [MESSAGE][PASSED] - Delayed 1 second(s)

2019-06-04 20:18:23 - [MESSAGE][PASSED] - Object 'Object Repository/LightPollutionReduction/FixtureShielding/Upload_siteplan/Addfile_siteplan/btn_siteplan' has attribute 'class' with value 'tiny ui button'

2019-06-04 20:18:23 - [MESSAGE][PASSED] - File 'G:\Sabareesh\MyGitRepos\Usgbc_LeedOnline_ScoreCard\Usgbc_LeedOnline_ScoreCard\Include\TestData\MultipleFileDiffExt\SamplePPTFile_1000kb.ppt' sent to object: 'Object Repository/LightPollutionReduction/FixtureShielding/Upload_siteplan/Addfile_siteplan/input_siteplan'

2019-06-04 20:18:24 - [MESSAGE][PASSED] - Delayed 1 second(s)

2019-06-04 20:18:26 - [MESSAGE][PASSED] - Object 'Object Repository/LightPollutionReduction/FixtureShielding/Upload_siteplan/Addfile_siteplan/btn_siteplan' has attribute 'class' with value 'tiny ui button'

2019-06-04 20:18:26 - [MESSAGE][PASSED] - File 'G:\Sabareesh\MyGitRepos\Usgbc_LeedOnline_ScoreCard\Usgbc_LeedOnline_ScoreCard\Include\TestData\MultipleFileDiffExt\ZZ.pdf' sent to object: 'Object Repository/LightPollutionReduction/FixtureShielding/Upload_siteplan/Addfile_siteplan/input_siteplan'

2019-06-04 20:18:27 - [MESSAGE][PASSED] - Delayed 1 second(s)

2019-06-04 20:18:27 - [MESSAGE][PASSED] - Object 'Object Repository/LightPollutionReduction/FixtureShielding/Upload_SpecialCircumstances/p_Upload any additional docume' is present

2019-06-04 20:18:27 - [MESSAGE][PASSED] - Scroll to object 'Object Repository/LightPollutionReduction/FixtureShielding/Upload_SpecialCircumstances/p_Upload any additional docume' successfully

2019-06-04 20:18:27 - [MESSAGE][PASSED] - Object 'Object Repository/LightPollutionReduction/FixtureShielding/Upload_SpecialCircumstances/Addfile_SpecialCicumstances/btn_SpecialCircumstances' has attribute 'class' with value 'tiny ui button'

2019-06-04 20:18:27 - [MESSAGE][PASSED] - File 'G:\Sabareesh\MyGitRepos\Usgbc_LeedOnline_ScoreCard\Usgbc_LeedOnline_ScoreCard\Include\TestData\MultipleFileDiffExt\SampleGIFImage_350kbmb.gif' sent to object: 'Object Repository/LightPollutionReduction/FixtureShielding/Upload_SpecialCircumstances/Addfile_SpecialCicumstances/input_additional'

2019-06-04 20:18:28 - [MESSAGE][PASSED] - Delayed 1 second(s)

2019-06-04 20:18:28 - [MESSAGE][PASSED] - Object 'Object Repository/LightPollutionReduction/FixtureShielding/Upload_SpecialCircumstances/Addfile_SpecialCicumstances/btn_SpecialCircumstances' has attribute 'class' with value 'tiny ui button'

2019-06-04 20:18:28 - [MESSAGE][PASSED] - File 'G:\Sabareesh\MyGitRepos\Usgbc_LeedOnline_ScoreCard\Usgbc_LeedOnline_ScoreCard\Include\TestData\MultipleFileDiffExt\SamplePPTFile_1000kb.ppt' sent to object: 'Object Repository/LightPollutionReduction/FixtureShielding/Upload_SpecialCircumstances/Addfile_SpecialCicumstances/input_additional'

2019-06-04 20:18:29 - [MESSAGE][PASSED] - Delayed 1 second(s)

2019-06-04 20:18:31 - [MESSAGE][PASSED] - Object 'Object Repository/LightPollutionReduction/FixtureShielding/Upload_SpecialCircumstances/Addfile_SpecialCicumstances/btn_SpecialCircumstances' has attribute 'class' with value 'tiny ui button'

2019-06-04 20:18:31 - [MESSAGE][PASSED] - File 'G:\Sabareesh\MyGitRepos\Usgbc_LeedOnline_ScoreCard\Usgbc_LeedOnline_ScoreCard\Include\TestData\MultipleFileDiffExt\ZZ.pdf' sent to object: 'Object Repository/LightPollutionReduction/FixtureShielding/Upload_SpecialCircumstances/Addfile_SpecialCicumstances/input_additional'

2019-06-04 20:18:32 - [MESSAGE][PASSED] - Delayed 1 second(s)

2019-06-04 20:18:32 - [MESSAGE][PASSED] - Scroll to object 'Object Repository/LightPollutionReduction/FixtureShielding/Htmleditorbox_sc/p_Describe the circumstances l' successfully

2019-06-04 20:18:32 - [MESSAGE][PASSED] - Object 'Object Repository/LightPollutionReduction/FixtureShielding/Htmleditorbox_sc/p_Describe the circumstances l' is present

2019-06-04 20:18:36 - [MESSAGE][PASSED] - Text 'Known that everybody have the personal aim. It is defferent . For example, there are some people think that the most important thing in them life is career. While there are other people think that is family. me too. The most important thing with my life is my small and big family. Because I see the mind is the most important. Let think that if you are verry rich while you alway are worry and sad, you will feel not happy. So I think we should spend many time for looking after our family. When we have a happy family, we will have power to try. At that time we will work better. How do you think. Anna and Henry go to the doctor. Anna has an ultrasound scan. Q6WHG' is set on object 'Object Repository/LightPollutionReduction/FixtureShielding/Htmleditorbox_sc/body_SC_Editor'

2019-06-04 20:18:39 - [MESSAGE][PASSED] - Delayed 3 second(s)

2019-06-04 20:18:39 - [MESSAGE][PASSED] - Text of object 'Object Repository/LightPollutionReduction/FixtureShielding/Htmleditorbox_sc/body_SC_Editor' is: 'Known that everybody have the personal aim. It is defferent . For example, there are some people think that the most important thing in them life is career. While there are other people think that is family. me too. The most important thing with my life is my small and big family. Because I see the mind is the most important. Let think that if you are verry rich while you alway are worry and sad, you will feel not happy. So I think we should spend many time for looking after our family. When we have a happy family, we will have power to try. At that time we will work better. How do you think. Anna and Henry go to the doctor. Anna has an ultrasound scan. Q6WHG'

2019-06-04 20:18:39 - [MESSAGE][PASSED] - Actual text 'Known that everybody have the personal aim. It is defferent . For example, there are some people think that the most important thing in them life is career. While there are other people think that is family. me too. The most important thing with my life is my small and big family. Because I see the mind is the most important. Let think that if you are verry rich while you alway are worry and sad, you will feel not happy. So I think we should spend many time for looking after our family. When we have a happy family, we will have power to try. At that time we will work better. How do you think. Anna and Henry go to the doctor. Anna has an ultrasound scan. Q6WHG' and expected text 'Known that everybody have the personal aim. It is defferent . For example, there are some people think that the most important thing in them life is career. While there are other people think that is family. me too. The most important thing with my life is my small and big family. Because I see the mind is the most important. Let think that if you are verry rich while you alway are worry and sad, you will feel not happy. So I think we should spend many time for looking after our family. When we have a happy family, we will have power to try. At that time we will work better. How do you think. Anna and Henry go to the doctor. Anna has an ultrasound scan. Q6WHG' are matched 

2019-06-04 20:18:39 - [MESSAGE][PASSED] - Object 'Object Repository/LightPollutionReduction/FixtureShielding/Saveform/btn_Save' is visible

2019-06-04 20:18:40 - [MESSAGE][PASSED] - Object: 'Object Repository/LightPollutionReduction/FixtureShielding/Saveform/btn_Save' is clicked on

2019-06-04 20:18:42 - [MESSAGE][PASSED] - Delayed 2 second(s)

2019-06-04 20:18:42 - [MESSAGE][PASSED] - Text 'Form data saved successfully.' is present on page 

2019-06-04 20:18:42 - [MESSAGE][PASSED] - Scroll to object 'Object Repository/LightPollutionReduction/FixtureShielding/icon_pdf' successfully

2019-06-04 20:18:42 - [MESSAGE][PASSED] - Object 'Object Repository/LightPollutionReduction/FixtureShielding/icon_pdf' is present

2019-06-04 20:18:47 - [MESSAGE][PASSED] - Delayed 5 second(s)

2019-06-04 20:18:47 - [MESSAGE][PASSED] - Object: 'Object Repository/LightPollutionReduction/FixtureShielding/icon_pdf' is clicked on

2019-06-04 20:18:57 - [MESSAGE][PASSED] - Delayed 10 second(s)

2019-06-04 20:19:03 - [MESSAGE][PASSED] - Delayed 5 second(s)

2019-06-04 20:19:03 - [MESSAGE][PASSED] - Scroll to object 'Object Repository/LightPollutionReduction/FixtureShielding/Upload_shielding information/p_Upload shielding information' successfully

2019-06-04 20:19:05 - [MESSAGE][PASSED] - Delayed 2 second(s)

2019-06-04 20:19:05 - [MESSAGE][PASSED] - Attribute 'value' of object 'Object Repository/LightPollutionReduction/FixtureShielding/input_PercentIncrease' is: '677'

2019-06-04 20:19:08 - [MESSAGE][PASSED] - Delayed 3 second(s)

2019-06-04 20:19:13 - [MESSAGE][PASSED] - Delayed 5 second(s)

2019-06-04 20:19:13 - [MESSAGE][PASSED] - Scroll to object 'Object Repository/LightPollutionReduction/FixtureShielding/Upload_siteplan/p_Upload a site plan with scal' successfully

2019-06-04 20:19:16 - [MESSAGE][PASSED] - Delayed 2 second(s)

2019-06-04 20:19:21 - [MESSAGE][PASSED] - Delayed 5 second(s)

2019-06-04 20:19:21 - [MESSAGE][PASSED] - Scroll to object 'Object Repository/LightPollutionReduction/FixtureShielding/Htmleditorbox_sc/p_Describe the circumstances l' successfully

2019-06-04 20:19:21 - [MESSAGE][PASSED] - Text of object 'Object Repository/LightPollutionReduction/FixtureShielding/Htmleditorbox_sc/body_SC_Editor' is: 'Known that everybody have the personal aim. It is defferent . For example, there are some people think that the most important thing in them life is career. While there are other people think that is family. me too. The most important thing with my life is my small and big family. Because I see the mind is the most important. Let think that if you are verry rich while you alway are worry and sad, you will feel not happy. So I think we should spend many time for looking after our family. When we have a happy family, we will have power to try. At that time we will work better. How do you think. Anna and Henry go to the doctor. Anna has an ultrasound scan. Q6WHG'

2019-06-04 20:19:23 - [MESSAGE][PASSED] - Delayed 2 second(s)

2019-06-04 20:19:28 - [MESSAGE][PASSED] - Delayed 5 second(s)

2019-06-04 20:19:28 - [MESSAGE][PASSED] - Scroll to object 'Object Repository/LightPollutionReduction/FixtureShielding/Upload_SpecialCircumstances/p_Upload any additional docume' successfully

2019-06-04 20:19:30 - [MESSAGE][PASSED] - Refresh successfully

2019-06-04 20:19:30 - [MESSAGE][PASSED] - Attribute 'value' of object 'Object Repository/LightPollutionReduction/FixtureShielding/input_PercentIncrease' is: '677'

2019-06-04 20:19:30 - [MESSAGE][PASSED] - Actual text '677' and expected text '677' are matched 

2019-06-04 20:19:30 - [MESSAGE][PASSED] - Text of object 'Object Repository/LightPollutionReduction/FixtureShielding/Htmleditorbox_sc/body_SC_Editor' is: 'Known that everybody have the personal aim. It is defferent . For example, there are some people think that the most important thing in them life is career. While there are other people think that is family. me too. The most important thing with my life is my small and big family. Because I see the mind is the most important. Let think that if you are verry rich while you alway are worry and sad, you will feel not happy. So I think we should spend many time for looking after our family. When we have a happy family, we will have power to try. At that time we will work better. How do you think. Anna and Henry go to the doctor. Anna has an ultrasound scan. Q6WHG'

2019-06-04 20:19:30 - [MESSAGE][PASSED] - Actual text 'Known that everybody have the personal aim. It is defferent . For example, there are some people think that the most important thing in them life is career. While there are other people think that is family. me too. The most important thing with my life is my small and big family. Because I see the mind is the most important. Let think that if you are verry rich while you alway are worry and sad, you will feel not happy. So I think we should spend many time for looking after our family. When we have a happy family, we will have power to try. At that time we will work better. How do you think. Anna and Henry go to the doctor. Anna has an ultrasound scan. Q6WHG' and expected text 'Known that everybody have the personal aim. It is defferent . For example, there are some people think that the most important thing in them life is career. While there are other people think that is family. me too. The most important thing with my life is my small and big family. Because I see the mind is the most important. Let think that if you are verry rich while you alway are worry and sad, you will feel not happy. So I think we should spend many time for looking after our family. When we have a happy family, we will have power to try. At that time we will work better. How do you think. Anna and Henry go to the doctor. Anna has an ultrasound scan. Q6WHG' are matched 

2019-06-04 20:19:32 - [MESSAGE][PASSED] - Delayed 2 second(s)

2019-06-04 20:19:33 - [MESSAGE][PASSED] - Navigate back successfully

2019-06-04 20:19:35 - [MESSAGE][PASSED] - Delayed 2 second(s)

2019-06-04 20:19:35 - [MESSAGE][PASSED] - Text of object 'Object Repository/LightPollutionReduction/h3_Status' is: 'ATTEMPTED'

2019-06-04 20:19:35 - [MESSAGE][PASSED] - Object: 'Object Repository/LightPollutionReduction/a_MarkReadyForReview' is clicked on

2019-06-04 20:19:40 - [MESSAGE][PASSED] - Delayed 5 second(s)

2019-06-04 20:19:40 - [MESSAGE][PASSED] - Text of object 'Object Repository/LightPollutionReduction/h3_Status' is: 'READY FOR REVIEW'

2019-06-04 20:19:40 - [MESSAGE][PASSED] - Run with 'lightPollutionReductionForm.Runner_LPR_FixtureSheildingForm' was passed]]></system-out>
         <system-err><![CDATA[]]></system-err>
      </testcase>
      <testcase name="Test Cases/LightPollutionReduction/TC_LPR_PerimeterMeasurements" classname="Test Cases/LightPollutionReduction/TC_LPR_PerimeterMeasurements" status="FAILED">
         <failure type="FAILED" message="Test Cases/LightPollutionReduction/TC_LPR_PerimeterMeasurements FAILED.
Reason:
com.kms.katalon.core.exception.StepFailedException: These following reason:
 [Unable to get attribute 'value' of object 'Object Repository/LightPollutionReduction/FixtureShielding/input_PercentIncrease']
	at com.kms.katalon.core.keyword.internal.KeywordMain.stepFailed(KeywordMain.groovy:48)
	at com.kms.katalon.core.keyword.internal.KeywordMain.stepFailed(KeywordMain.groovy)
	at com.kms.katalon.core.keyword.internal.KeywordMain.stepFailed(KeywordMain.groovy:21)
	at com.kms.katalon.core.keyword.internal.KeywordMain$stepFailed$0.call(Unknown Source)
	at com.kms.katalon.core.cucumber.keyword.CucumberBuiltinKeywords$_runWithCucumberRunner_closure3.doCall(CucumberBuiltinKeywords.groovy:272)
	at com.kms.katalon.core.cucumber.keyword.CucumberBuiltinKeywords$_runWithCucumberRunner_closure3.doCall(CucumberBuiltinKeywords.groovy)
	at com.kms.katalon.core.keyword.internal.KeywordMain.runKeyword(KeywordMain.groovy:66)
	at com.kms.katalon.core.keyword.internal.KeywordMain$runKeyword.call(Unknown Source)
	at com.kms.katalon.core.cucumber.keyword.CucumberBuiltinKeywords.runWithCucumberRunner(CucumberBuiltinKeywords.groovy:257)
	at com.kms.katalon.core.cucumber.keyword.CucumberBuiltinKeywords$runWithCucumberRunner$0.callStatic(Unknown Source)
	at com.kms.katalon.core.cucumber.keyword.CucumberBuiltinKeywords.runWithCucumberRunner(CucumberBuiltinKeywords.groovy:357)
	at com.kms.katalon.core.cucumber.keyword.CucumberBuiltinKeywords$runWithCucumberRunner.call(Unknown Source)
	at TC_LPR_PerimeterMeasurements.run(TC_LPR_PerimeterMeasurements:17)
	at com.kms.katalon.core.main.ScriptEngine.run(ScriptEngine.java:194)
	at com.kms.katalon.core.main.ScriptEngine.runScriptAsRawText(ScriptEngine.java:119)
	at com.kms.katalon.core.main.TestCaseExecutor.runScript(TestCaseExecutor.java:331)
	at com.kms.katalon.core.main.TestCaseExecutor.doExecute(TestCaseExecutor.java:322)
	at com.kms.katalon.core.main.TestCaseExecutor.processExecutionPhase(TestCaseExecutor.java:301)
	at com.kms.katalon.core.main.TestCaseExecutor.accessMainPhase(TestCaseExecutor.java:293)
	at com.kms.katalon.core.main.TestCaseExecutor.execute(TestCaseExecutor.java:227)
	at com.kms.katalon.core.main.TestSuiteExecutor.accessTestCaseMainPhase(TestSuiteExecutor.java:129)
	at com.kms.katalon.core.main.TestSuiteExecutor.accessTestSuiteMainPhase(TestSuiteExecutor.java:112)
	at com.kms.katalon.core.main.TestSuiteExecutor.execute(TestSuiteExecutor.java:81)
	at com.kms.katalon.core.main.TestCaseMain.startTestSuite(TestCaseMain.java:157)
	at com.kms.katalon.core.main.TestCaseMain$startTestSuite$0.call(Unknown Source)
	at TempTestSuite1559659652314.run(TempTestSuite1559659652314.groovy:35)
"/>
         <system-out><![CDATA[2019-06-04 20:19:40 - [TEST_CASE][FAILED] - Test Cases/LightPollutionReduction/TC_LPR_PerimeterMeasurements: Test Cases/LightPollutionReduction/TC_LPR_PerimeterMeasurements FAILED.
Reason:
com.kms.katalon.core.exception.StepFailedException: These following reason:
 [Unable to get attribute 'value' of object 'Object Repository/LightPollutionReduction/FixtureShielding/input_PercentIncrease']
	at com.kms.katalon.core.keyword.internal.KeywordMain.stepFailed(KeywordMain.groovy:48)
	at com.kms.katalon.core.keyword.internal.KeywordMain.stepFailed(KeywordMain.groovy)
	at com.kms.katalon.core.keyword.internal.KeywordMain.stepFailed(KeywordMain.groovy:21)
	at com.kms.katalon.core.keyword.internal.KeywordMain$stepFailed$0.call(Unknown Source)
	at com.kms.katalon.core.cucumber.keyword.CucumberBuiltinKeywords$_runWithCucumberRunner_closure3.doCall(CucumberBuiltinKeywords.groovy:272)
	at com.kms.katalon.core.cucumber.keyword.CucumberBuiltinKeywords$_runWithCucumberRunner_closure3.doCall(CucumberBuiltinKeywords.groovy)
	at com.kms.katalon.core.keyword.internal.KeywordMain.runKeyword(KeywordMain.groovy:66)
	at com.kms.katalon.core.keyword.internal.KeywordMain$runKeyword.call(Unknown Source)
	at com.kms.katalon.core.cucumber.keyword.CucumberBuiltinKeywords.runWithCucumberRunner(CucumberBuiltinKeywords.groovy:257)
	at com.kms.katalon.core.cucumber.keyword.CucumberBuiltinKeywords$runWithCucumberRunner$0.callStatic(Unknown Source)
	at com.kms.katalon.core.cucumber.keyword.CucumberBuiltinKeywords.runWithCucumberRunner(CucumberBuiltinKeywords.groovy:357)
	at com.kms.katalon.core.cucumber.keyword.CucumberBuiltinKeywords$runWithCucumberRunner.call(Unknown Source)
	at TC_LPR_PerimeterMeasurements.run(TC_LPR_PerimeterMeasurements:17)
	at com.kms.katalon.core.main.ScriptEngine.run(ScriptEngine.java:194)
	at com.kms.katalon.core.main.ScriptEngine.runScriptAsRawText(ScriptEngine.java:119)
	at com.kms.katalon.core.main.TestCaseExecutor.runScript(TestCaseExecutor.java:331)
	at com.kms.katalon.core.main.TestCaseExecutor.doExecute(TestCaseExecutor.java:322)
	at com.kms.katalon.core.main.TestCaseExecutor.processExecutionPhase(TestCaseExecutor.java:301)
	at com.kms.katalon.core.main.TestCaseExecutor.accessMainPhase(TestCaseExecutor.java:293)
	at com.kms.katalon.core.main.TestCaseExecutor.execute(TestCaseExecutor.java:227)
	at com.kms.katalon.core.main.TestSuiteExecutor.accessTestCaseMainPhase(TestSuiteExecutor.java:129)
	at com.kms.katalon.core.main.TestSuiteExecutor.accessTestSuiteMainPhase(TestSuiteExecutor.java:112)
	at com.kms.katalon.core.main.TestSuiteExecutor.execute(TestSuiteExecutor.java:81)
	at com.kms.katalon.core.main.TestCaseMain.startTestSuite(TestCaseMain.java:157)
	at com.kms.katalon.core.main.TestCaseMain$startTestSuite$0.call(Unknown Source)
	at TempTestSuite1559659652314.run(TempTestSuite1559659652314.groovy:35)


2019-06-04 20:19:41 - [TEST_STEP][FAILED] - runWithCucumberRunner(lightPollutionReductionForm.Runner_LPR_PreimeterMeasurements): runWithCucumberRunner(lightPollutionReductionForm.Runner_LPR_PreimeterMeasurements) FAILED.
Reason:
com.kms.katalon.core.exception.StepFailedException: These following reason:
 [Unable to get attribute 'value' of object 'Object Repository/LightPollutionReduction/FixtureShielding/input_PercentIncrease']
	at com.kms.katalon.core.keyword.internal.KeywordMain.stepFailed(KeywordMain.groovy:48)
	at com.kms.katalon.core.keyword.internal.KeywordMain.stepFailed(KeywordMain.groovy)
	at com.kms.katalon.core.keyword.internal.KeywordMain.stepFailed(KeywordMain.groovy:21)
	at com.kms.katalon.core.keyword.internal.KeywordMain$stepFailed$0.call(Unknown Source)
	at com.kms.katalon.core.cucumber.keyword.CucumberBuiltinKeywords$_runWithCucumberRunner_closure3.doCall(CucumberBuiltinKeywords.groovy:272)
	at com.kms.katalon.core.cucumber.keyword.CucumberBuiltinKeywords$_runWithCucumberRunner_closure3.doCall(CucumberBuiltinKeywords.groovy)
	at com.kms.katalon.core.keyword.internal.KeywordMain.runKeyword(KeywordMain.groovy:66)
	at com.kms.katalon.core.keyword.internal.KeywordMain$runKeyword.call(Unknown Source)
	at com.kms.katalon.core.cucumber.keyword.CucumberBuiltinKeywords.runWithCucumberRunner(CucumberBuiltinKeywords.groovy:257)
	at com.kms.katalon.core.cucumber.keyword.CucumberBuiltinKeywords$runWithCucumberRunner$0.callStatic(Unknown Source)
	at com.kms.katalon.core.cucumber.keyword.CucumberBuiltinKeywords.runWithCucumberRunner(CucumberBuiltinKeywords.groovy:357)
	at com.kms.katalon.core.cucumber.keyword.CucumberBuiltinKeywords$runWithCucumberRunner.call(Unknown Source)
	at TC_LPR_PerimeterMeasurements.run(TC_LPR_PerimeterMeasurements:17)
	at com.kms.katalon.core.main.ScriptEngine.run(ScriptEngine.java:194)
	at com.kms.katalon.core.main.ScriptEngine.runScriptAsRawText(ScriptEngine.java:119)
	at com.kms.katalon.core.main.TestCaseExecutor.runScript(TestCaseExecutor.java:331)
	at com.kms.katalon.core.main.TestCaseExecutor.doExecute(TestCaseExecutor.java:322)
	at com.kms.katalon.core.main.TestCaseExecutor.processExecutionPhase(TestCaseExecutor.java:301)
	at com.kms.katalon.core.main.TestCaseExecutor.accessMainPhase(TestCaseExecutor.java:293)
	at com.kms.katalon.core.main.TestCaseExecutor.execute(TestCaseExecutor.java:227)
	at com.kms.katalon.core.main.TestSuiteExecutor.accessTestCaseMainPhase(TestSuiteExecutor.java:129)
	at com.kms.katalon.core.main.TestSuiteExecutor.accessTestSuiteMainPhase(TestSuiteExecutor.java:112)
	at com.kms.katalon.core.main.TestSuiteExecutor.execute(TestSuiteExecutor.java:81)
	at com.kms.katalon.core.main.TestCaseMain.startTestSuite(TestCaseMain.java:157)
	at com.kms.katalon.core.main.TestCaseMain$startTestSuite$0.call(Unknown Source)
	at TempTestSuite1559659652314.run(TempTestSuite1559659652314.groovy:35)


2019-06-04 20:19:41 - [TEST_CASE][PASSED] - Test Cases/LightPollutionReduction/TC_NavigateToLPR: Test Cases/LightPollutionReduction/TC_NavigateToLPR

2019-06-04 20:19:41 - [TEST_STEP][PASSED] - runWithCucumberRunner(lightPollutionReductionForm.Runner_NavigateToLPR): Run with 'lightPollutionReductionForm.Runner_NavigateToLPR' was passed

2019-06-04 20:19:41 - [TEST_CASE][PASSED] - Test Cases/Login/TC_Login: Test Cases/Login/TC_Login

2019-06-04 20:19:41 - [TEST_STEP][PASSED] - runWithCucumberRunner(common.Runner_Login): Run with 'common.Runner_Login' was passed

2019-06-04 20:19:41 - [MESSAGE][WARNING] - A browser is already opened. Closing browser and opening a new one

2019-06-04 20:19:42 - [MESSAGE][INFO] - Starting 'Chrome' driver

2019-06-04 20:19:42 - [MESSAGE][INFO] - User set preference: ['args', '[--window-size=1920,1080]']

2019-06-04 20:19:45 - [MESSAGE][PASSED] - Browser is opened with url: ''

2019-06-04 20:19:47 - [MESSAGE][PASSED] - Navigate to 'https://leedonline-stg.usgbc.org' successfully

2019-06-04 20:19:49 - [MESSAGE][PASSED] - Delayed 2 second(s)

2019-06-04 20:19:50 - [MESSAGE][PASSED] - Text 'jaypeejay@hotmail.com' is set on object 'Object Repository/Login/input_username'

2019-06-04 20:19:50 - [MESSAGE][PASSED] - Text 'initpass' is set on object 'Object Repository/Login/input_password'

2019-06-04 20:19:53 - [MESSAGE][PASSED] - Delayed 3 second(s)

2019-06-04 20:19:53 - [MESSAGE][PASSED] - Scroll to object 'Object Repository/Login/span_End User License Agreement' successfully

2019-06-04 20:19:53 - [MESSAGE][PASSED] - Object 'Object Repository/Login/span_End User License Agreement' is visible

2019-06-04 20:19:53 - [MESSAGE][PASSED] - Object 'Object Repository/Login/span_End User License Agreement' is checked

2019-06-04 20:19:54 - [MESSAGE][PASSED] - Delayed 1 second(s)

2019-06-04 20:19:54 - [MESSAGE][PASSED] - Object: 'Object Repository/Login/button_Log In' is clicked on

2019-06-04 20:19:59 - [MESSAGE][PASSED] - Object: '' is clicked on

2019-06-04 20:20:00 - [MESSAGE][PASSED] - Object: 'Object Repository/Login/a_Credits' is clicked on

2019-06-04 20:20:00 - [MESSAGE][PASSED] - Run with 'common.Runner_Login' was passed

2019-06-04 20:20:00 - [MESSAGE][PASSED] - Call Test Case 'Test Cases/Login/TC_Login' successfully

2019-06-04 20:20:00 - [MESSAGE][PASSED] - Scroll to object 'Object Repository/LightPollutionReduction/div_Light Pollution Reduction' successfully

2019-06-04 20:20:00 - [MESSAGE][PASSED] - Object 'Object Repository/LightPollutionReduction/div_Light Pollution Reduction' is present

2019-06-04 20:20:00 - [MESSAGE][PASSED] - Text of object 'Object Repository/LightPollutionReduction/h3_Status' is: 'READY FOR REVIEW'

2019-06-04 20:20:00 - [MESSAGE][PASSED] - Text of object 'Object Repository/Page_LEED Online/div_Attempted Im still working Im done Withdraw Attempt Open to update' is: 'READY FOR REVIEW'

2019-06-04 20:20:00 - [MESSAGE][PASSED] - Object: 'Object Repository/LightPollutionReduction/a_MarkReadyForReview' is clicked on

2019-06-04 20:20:05 - [MESSAGE][PASSED] - Delayed 5 second(s)

2019-06-04 20:20:05 - [MESSAGE][PASSED] - Text of object 'Object Repository/LightPollutionReduction/h3_Status' is: 'ATTEMPTED'

2019-06-04 20:20:06 - [MESSAGE][PASSED] - Object: 'Object Repository/LightPollutionReduction/div_Light Pollution Reduction' is clicked on

2019-06-04 20:20:08 - [MESSAGE][PASSED] - Object: 'Object Repository/LightPollutionReduction/span_(V01)' is clicked on

2019-06-04 20:20:08 - [MESSAGE][PASSED] - Object 'Object Repository/LightPollutionReduction/div_LPRForm' is present

2019-06-04 20:20:08 - [MESSAGE][PASSED] - Run with 'lightPollutionReductionForm.Runner_NavigateToLPR' was passed

2019-06-04 20:20:08 - [MESSAGE][PASSED] - Call Test Case 'Test Cases/LightPollutionReduction/TC_NavigateToLPR' successfully

2019-06-04 20:20:08 - [MESSAGE][PASSED] - Object 'Object Repository/LightPollutionReduction/PremierMeasurements/input_Option2.Perimeter Measurements' is present

2019-06-04 20:20:09 - [MESSAGE][PASSED] - Object: 'Object Repository/LightPollutionReduction/PremierMeasurements/input_Option2.Perimeter Measurements' is clicked on

2019-06-04 20:20:11 - [MESSAGE][PASSED] - Delayed 2 second(s)

2019-06-04 20:20:11 - [MESSAGE][PASSED] - Text 'Option 2. Perimeter Measurements' is present on page 

2019-06-04 20:20:11 - [MESSAGE][PASSED] - Object 'Object Repository/LightPollutionReduction/PremierMeasurements/table_SiteLightnigMeasures' is present

2019-06-04 20:20:11 - [MESSAGE][PASSED] - Text of object 'Object Repository/LightPollutionReduction/PremierMeasurements/input_measurementid' is cleared

2019-06-04 20:20:11 - [MESSAGE][PASSED] - Text '55' is set on object 'Object Repository/LightPollutionReduction/PremierMeasurements/input_measurementid'

2019-06-04 20:20:12 - [MESSAGE][PASSED] - Text of object 'Object Repository/LightPollutionReduction/PremierMeasurements/input_With SiteExterior Lights off' is cleared

2019-06-04 20:20:12 - [MESSAGE][PASSED] - Text '56' is set on object 'Object Repository/LightPollutionReduction/PremierMeasurements/input_With SiteExterior Lights off'

2019-06-04 20:20:12 - [MESSAGE][PASSED] - Text of object 'Object Repository/LightPollutionReduction/PremierMeasurements/input_With SiteExterior Lights on' is cleared

2019-06-04 20:20:12 - [MESSAGE][PASSED] - Text '57' is set on object 'Object Repository/LightPollutionReduction/PremierMeasurements/input_With SiteExterior Lights on'

2019-06-04 20:20:15 - [MESSAGE][PASSED] - Delayed 3 second(s)

2019-06-04 20:20:15 - [MESSAGE][PASSED] - Object: 'Object Repository/LightPollutionReduction/PremierMeasurements/i_SiteExterio_plus icon' is clicked on

2019-06-04 20:20:15 - [MESSAGE][PASSED] - Text '57' is set on object ''

2019-06-04 20:20:16 - [MESSAGE][PASSED] - Text '58' is set on object ''

2019-06-04 20:20:16 - [MESSAGE][PASSED] - Text '59' is set on object ''

2019-06-04 20:20:17 - [MESSAGE][PASSED] - Delayed 1 second(s)

2019-06-04 20:20:17 - [MESSAGE][PASSED] - Object: '' is clicked on

2019-06-04 20:20:17 - [MESSAGE][PASSED] - Text '60' is set on object ''

2019-06-04 20:20:17 - [MESSAGE][PASSED] - Text '61' is set on object ''

2019-06-04 20:20:17 - [MESSAGE][PASSED] - Text '62' is set on object ''

2019-06-04 20:20:18 - [MESSAGE][PASSED] - Delayed 1 second(s)

2019-06-04 20:20:19 - [MESSAGE][PASSED] - Object: 'Object Repository/LightPollutionReduction/FixtureShielding/input_PercentIncrease' is clicked on

2019-06-04 20:20:19 - [MESSAGE][PASSED] - Text of object 'Object Repository/LightPollutionReduction/PremierMeasurements/Input_Percent Increase' is: '1.79'

2019-06-04 20:20:19 - [MESSAGE][PASSED] - Object 'Object Repository/LightPollutionReduction/FixtureShielding/Saveform/btn_Save' is visible

2019-06-04 20:20:19 - [MESSAGE][PASSED] - Object: 'Object Repository/LightPollutionReduction/FixtureShielding/Saveform/btn_Save' is clicked on

2019-06-04 20:20:21 - [MESSAGE][PASSED] - Delayed 2 second(s)

2019-06-04 20:20:21 - [MESSAGE][PASSED] - Text 'Form data saved successfully.' is present on page 

2019-06-04 20:20:22 - [MESSAGE][PASSED] - Refresh successfully

2019-06-04 20:20:23 - [MESSAGE][PASSED] - Attribute 'value' of object '' is: '57'

2019-06-04 20:20:23 - [MESSAGE][PASSED] - Attribute 'value' of object '' is: '58'

2019-06-04 20:20:23 - [MESSAGE][PASSED] - Attribute 'value' of object '' is: '59'

2019-06-04 20:20:23 - [MESSAGE][PASSED] - Actual text '57' and expected text '57' are matched 

2019-06-04 20:20:23 - [MESSAGE][PASSED] - Actual text '58' and expected text '58' are matched 

2019-06-04 20:20:23 - [MESSAGE][PASSED] - Actual text '59' and expected text '59' are matched 

2019-06-04 20:20:23 - [MESSAGE][PASSED] - Attribute 'value' of object '' is: '60'

2019-06-04 20:20:23 - [MESSAGE][PASSED] - Attribute 'value' of object '' is: '61'

2019-06-04 20:20:23 - [MESSAGE][PASSED] - Attribute 'value' of object '' is: '62'

2019-06-04 20:20:23 - [MESSAGE][PASSED] - Actual text '60' and expected text '60' are matched 

2019-06-04 20:20:23 - [MESSAGE][PASSED] - Actual text '61' and expected text '61' are matched 

2019-06-04 20:20:23 - [MESSAGE][PASSED] - Actual text '62' and expected text '62' are matched 

2019-06-04 20:20:23 - [MESSAGE][PASSED] - Scroll to object 'Object Repository/LightPollutionReduction/FixtureShielding/icon_pdf' successfully

2019-06-04 20:20:23 - [MESSAGE][PASSED] - Object 'Object Repository/LightPollutionReduction/FixtureShielding/icon_pdf' is present

2019-06-04 20:20:28 - [MESSAGE][PASSED] - Delayed 5 second(s)

2019-06-04 20:20:28 - [MESSAGE][PASSED] - Object: 'Object Repository/LightPollutionReduction/FixtureShielding/icon_pdf' is clicked on

2019-06-04 20:20:38 - [MESSAGE][PASSED] - Delayed 10 second(s)

2019-06-04 20:20:38 - [MESSAGE][PASSED] - Scroll to object 'Object Repository/LightPollutionReduction/PremierMeasurements/table_SiteLightnigMeasures' successfully

2019-06-04 20:20:39 - [MESSAGE][PASSED] - Attribute 'value' of object 'Object Repository/LightPollutionReduction/PremierMeasurements/input_measurementid' is: '55'

2019-06-04 20:20:39 - [MESSAGE][PASSED] - Attribute 'value' of object 'Object Repository/LightPollutionReduction/PremierMeasurements/input_With SiteExterior Lights off' is: '56'

2019-06-04 20:20:39 - [MESSAGE][PASSED] - Attribute 'value' of object 'Object Repository/LightPollutionReduction/PremierMeasurements/input_With SiteExterior Lights on' is: '57'

2019-06-04 20:20:39 - [MESSAGE][PASSED] - Text of object 'Object Repository/LightPollutionReduction/PremierMeasurements/Input_Percent Increase' is: '1.79'

2019-06-04 20:20:41 - [MESSAGE][PASSED] - Delayed 2 second(s)

2019-06-04 20:20:43 - [MESSAGE][PASSED] - Delayed 2 second(s)

2019-06-04 20:20:44 - [MESSAGE][PASSED] - Navigate back successfully

2019-06-04 20:20:46 - [MESSAGE][PASSED] - Delayed 2 second(s)

2019-06-04 20:20:46 - [MESSAGE][PASSED] - Text of object 'Object Repository/LightPollutionReduction/h3_Status' is: 'ATTEMPTED'

2019-06-04 20:20:46 - [MESSAGE][PASSED] - Object: 'Object Repository/LightPollutionReduction/a_MarkReadyForReview' is clicked on

2019-06-04 20:20:51 - [MESSAGE][PASSED] - Delayed 5 second(s)

2019-06-04 20:20:51 - [MESSAGE][PASSED] - Text of object 'Object Repository/LightPollutionReduction/h3_Status' is: 'READY FOR REVIEW'

2019-06-04 20:21:21 - [MESSAGE][INFO] - Unable to find the element located by 'By.xpath: //div[@id='creditHtmlForm']/iframe'. Please recheck the objects properties to make sure the desired element is located. 

2019-06-04 20:21:22 - [MESSAGE][FAILED] - Unable to get attribute 'value' of object 'Object Repository/LightPollutionReduction/FixtureShielding/input_PercentIncrease'
[[ATTACHMENT|G:\\Sabareesh\\MyGitRepos\\Usgbc_LeedOnline_ScoreCard\\Usgbc_LeedOnline_ScoreCard\\Reports\\SmokeTest\\20190604_201732\\1559659881860.png]]

2019-06-04 20:21:22 - [MESSAGE][FAILED] - These following reason:
 [Unable to get attribute 'value' of object 'Object Repository/LightPollutionReduction/FixtureShielding/input_PercentIncrease']

2019-06-04 20:21:22 - [MESSAGE][FAILED] - Keyword runWithCucumberRunner was failed (Root cause: com.kms.katalon.core.exception.StepFailedException: These following reason:
 [Unable to get attribute 'value' of object 'Object Repository/LightPollutionReduction/FixtureShielding/input_PercentIncrease']
	at com.kms.katalon.core.keyword.internal.KeywordMain.stepFailed(KeywordMain.groovy:48)
	at com.kms.katalon.core.keyword.internal.KeywordMain.stepFailed(KeywordMain.groovy)
	at com.kms.katalon.core.keyword.internal.KeywordMain.stepFailed(KeywordMain.groovy:21)
	at com.kms.katalon.core.keyword.internal.KeywordMain$stepFailed$0.call(Unknown Source)
	at com.kms.katalon.core.cucumber.keyword.CucumberBuiltinKeywords$_runWithCucumberRunner_closure3.doCall(CucumberBuiltinKeywords.groovy:272)
	at com.kms.katalon.core.cucumber.keyword.CucumberBuiltinKeywords$_runWithCucumberRunner_closure3.doCall(CucumberBuiltinKeywords.groovy)
	at com.kms.katalon.core.keyword.internal.KeywordMain.runKeyword(KeywordMain.groovy:66)
	at com.kms.katalon.core.keyword.internal.KeywordMain$runKeyword.call(Unknown Source)
	at com.kms.katalon.core.cucumber.keyword.CucumberBuiltinKeywords.runWithCucumberRunner(CucumberBuiltinKeywords.groovy:257)
	at com.kms.katalon.core.cucumber.keyword.CucumberBuiltinKeywords$runWithCucumberRunner$0.callStatic(Unknown Source)
	at com.kms.katalon.core.cucumber.keyword.CucumberBuiltinKeywords.runWithCucumberRunner(CucumberBuiltinKeywords.groovy:357)
	at com.kms.katalon.core.cucumber.keyword.CucumberBuiltinKeywords$runWithCucumberRunner.call(Unknown Source)
	at TC_LPR_PerimeterMeasurements.run(TC_LPR_PerimeterMeasurements:17)
	at com.kms.katalon.core.main.ScriptEngine.run(ScriptEngine.java:194)
	at com.kms.katalon.core.main.ScriptEngine.runScriptAsRawText(ScriptEngine.java:119)
	at com.kms.katalon.core.main.TestCaseExecutor.runScript(TestCaseExecutor.java:331)
	at com.kms.katalon.core.main.TestCaseExecutor.doExecute(TestCaseExecutor.java:322)
	at com.kms.katalon.core.main.TestCaseExecutor.processExecutionPhase(TestCaseExecutor.java:301)
	at com.kms.katalon.core.main.TestCaseExecutor.accessMainPhase(TestCaseExecutor.java:293)
	at com.kms.katalon.core.main.TestCaseExecutor.execute(TestCaseExecutor.java:227)
	at com.kms.katalon.core.main.TestSuiteExecutor.accessTestCaseMainPhase(TestSuiteExecutor.java:129)
	at com.kms.katalon.core.main.TestSuiteExecutor.accessTestSuiteMainPhase(TestSuiteExecutor.java:112)
	at com.kms.katalon.core.main.TestSuiteExecutor.execute(TestSuiteExecutor.java:81)
	at com.kms.katalon.core.main.TestCaseMain.startTestSuite(TestCaseMain.java:157)
	at com.kms.katalon.core.main.TestCaseMain$startTestSuite$0.call(Unknown Source)
	at TempTestSuite1559659652314.run(TempTestSuite1559659652314.groovy:35)
)

2019-06-04 20:21:22 - [MESSAGE][FAILED] - runWithCucumberRunner(lightPollutionReductionForm.Runner_LPR_PreimeterMeasurements) FAILED.
Reason:
com.kms.katalon.core.exception.StepFailedException: These following reason:
 [Unable to get attribute 'value' of object 'Object Repository/LightPollutionReduction/FixtureShielding/input_PercentIncrease']
	at com.kms.katalon.core.keyword.internal.KeywordMain.stepFailed(KeywordMain.groovy:48)
	at com.kms.katalon.core.keyword.internal.KeywordMain.stepFailed(KeywordMain.groovy)
	at com.kms.katalon.core.keyword.internal.KeywordMain.stepFailed(KeywordMain.groovy:21)
	at com.kms.katalon.core.keyword.internal.KeywordMain$stepFailed$0.call(Unknown Source)
	at com.kms.katalon.core.cucumber.keyword.CucumberBuiltinKeywords$_runWithCucumberRunner_closure3.doCall(CucumberBuiltinKeywords.groovy:272)
	at com.kms.katalon.core.cucumber.keyword.CucumberBuiltinKeywords$_runWithCucumberRunner_closure3.doCall(CucumberBuiltinKeywords.groovy)
	at com.kms.katalon.core.keyword.internal.KeywordMain.runKeyword(KeywordMain.groovy:66)
	at com.kms.katalon.core.keyword.internal.KeywordMain$runKeyword.call(Unknown Source)
	at com.kms.katalon.core.cucumber.keyword.CucumberBuiltinKeywords.runWithCucumberRunner(CucumberBuiltinKeywords.groovy:257)
	at com.kms.katalon.core.cucumber.keyword.CucumberBuiltinKeywords$runWithCucumberRunner$0.callStatic(Unknown Source)
	at com.kms.katalon.core.cucumber.keyword.CucumberBuiltinKeywords.runWithCucumberRunner(CucumberBuiltinKeywords.groovy:357)
	at com.kms.katalon.core.cucumber.keyword.CucumberBuiltinKeywords$runWithCucumberRunner.call(Unknown Source)
	at TC_LPR_PerimeterMeasurements.run(TC_LPR_PerimeterMeasurements:17)
	at com.kms.katalon.core.main.ScriptEngine.run(ScriptEngine.java:194)
	at com.kms.katalon.core.main.ScriptEngine.runScriptAsRawText(ScriptEngine.java:119)
	at com.kms.katalon.core.main.TestCaseExecutor.runScript(TestCaseExecutor.java:331)
	at com.kms.katalon.core.main.TestCaseExecutor.doExecute(TestCaseExecutor.java:322)
	at com.kms.katalon.core.main.TestCaseExecutor.processExecutionPhase(TestCaseExecutor.java:301)
	at com.kms.katalon.core.main.TestCaseExecutor.accessMainPhase(TestCaseExecutor.java:293)
	at com.kms.katalon.core.main.TestCaseExecutor.execute(TestCaseExecutor.java:227)
	at com.kms.katalon.core.main.TestSuiteExecutor.accessTestCaseMainPhase(TestSuiteExecutor.java:129)
	at com.kms.katalon.core.main.TestSuiteExecutor.accessTestSuiteMainPhase(TestSuiteExecutor.java:112)
	at com.kms.katalon.core.main.TestSuiteExecutor.execute(TestSuiteExecutor.java:81)
	at com.kms.katalon.core.main.TestCaseMain.startTestSuite(TestCaseMain.java:157)
	at com.kms.katalon.core.main.TestCaseMain$startTestSuite$0.call(Unknown Source)
	at TempTestSuite1559659652314.run(TempTestSuite1559659652314.groovy:35)]]></system-out>
         <system-err><![CDATA[2019-06-04 20:19:40 - [TEST_CASE][FAILED] - Test Cases/LightPollutionReduction/TC_LPR_PerimeterMeasurements: Test Cases/LightPollutionReduction/TC_LPR_PerimeterMeasurements FAILED.
Reason:
com.kms.katalon.core.exception.StepFailedException: These following reason:
 [Unable to get attribute 'value' of object 'Object Repository/LightPollutionReduction/FixtureShielding/input_PercentIncrease']
	at com.kms.katalon.core.keyword.internal.KeywordMain.stepFailed(KeywordMain.groovy:48)
	at com.kms.katalon.core.keyword.internal.KeywordMain.stepFailed(KeywordMain.groovy)
	at com.kms.katalon.core.keyword.internal.KeywordMain.stepFailed(KeywordMain.groovy:21)
	at com.kms.katalon.core.keyword.internal.KeywordMain$stepFailed$0.call(Unknown Source)
	at com.kms.katalon.core.cucumber.keyword.CucumberBuiltinKeywords$_runWithCucumberRunner_closure3.doCall(CucumberBuiltinKeywords.groovy:272)
	at com.kms.katalon.core.cucumber.keyword.CucumberBuiltinKeywords$_runWithCucumberRunner_closure3.doCall(CucumberBuiltinKeywords.groovy)
	at com.kms.katalon.core.keyword.internal.KeywordMain.runKeyword(KeywordMain.groovy:66)
	at com.kms.katalon.core.keyword.internal.KeywordMain$runKeyword.call(Unknown Source)
	at com.kms.katalon.core.cucumber.keyword.CucumberBuiltinKeywords.runWithCucumberRunner(CucumberBuiltinKeywords.groovy:257)
	at com.kms.katalon.core.cucumber.keyword.CucumberBuiltinKeywords$runWithCucumberRunner$0.callStatic(Unknown Source)
	at com.kms.katalon.core.cucumber.keyword.CucumberBuiltinKeywords.runWithCucumberRunner(CucumberBuiltinKeywords.groovy:357)
	at com.kms.katalon.core.cucumber.keyword.CucumberBuiltinKeywords$runWithCucumberRunner.call(Unknown Source)
	at TC_LPR_PerimeterMeasurements.run(TC_LPR_PerimeterMeasurements:17)
	at com.kms.katalon.core.main.ScriptEngine.run(ScriptEngine.java:194)
	at com.kms.katalon.core.main.ScriptEngine.runScriptAsRawText(ScriptEngine.java:119)
	at com.kms.katalon.core.main.TestCaseExecutor.runScript(TestCaseExecutor.java:331)
	at com.kms.katalon.core.main.TestCaseExecutor.doExecute(TestCaseExecutor.java:322)
	at com.kms.katalon.core.main.TestCaseExecutor.processExecutionPhase(TestCaseExecutor.java:301)
	at com.kms.katalon.core.main.TestCaseExecutor.accessMainPhase(TestCaseExecutor.java:293)
	at com.kms.katalon.core.main.TestCaseExecutor.execute(TestCaseExecutor.java:227)
	at com.kms.katalon.core.main.TestSuiteExecutor.accessTestCaseMainPhase(TestSuiteExecutor.java:129)
	at com.kms.katalon.core.main.TestSuiteExecutor.accessTestSuiteMainPhase(TestSuiteExecutor.java:112)
	at com.kms.katalon.core.main.TestSuiteExecutor.execute(TestSuiteExecutor.java:81)
	at com.kms.katalon.core.main.TestCaseMain.startTestSuite(TestCaseMain.java:157)
	at com.kms.katalon.core.main.TestCaseMain$startTestSuite$0.call(Unknown Source)
	at TempTestSuite1559659652314.run(TempTestSuite1559659652314.groovy:35)]]></system-err>
      </testcase>
      <system-out><![CDATA[2019-06-04 20:17:39 - [TEST_SUITE][FAILED] - SmokeTest: Test Cases/LightPollutionReduction/TC_LPR_PerimeterMeasurements FAILED.
Reason:
com.kms.katalon.core.exception.StepFailedException: These following reason:
 [Unable to get attribute 'value' of object 'Object Repository/LightPollutionReduction/FixtureShielding/input_PercentIncrease']
	at com.kms.katalon.core.keyword.internal.KeywordMain.stepFailed(KeywordMain.groovy:48)
	at com.kms.katalon.core.keyword.internal.KeywordMain.stepFailed(KeywordMain.groovy)
	at com.kms.katalon.core.keyword.internal.KeywordMain.stepFailed(KeywordMain.groovy:21)
	at com.kms.katalon.core.keyword.internal.KeywordMain$stepFailed$0.call(Unknown Source)
	at com.kms.katalon.core.cucumber.keyword.CucumberBuiltinKeywords$_runWithCucumberRunner_closure3.doCall(CucumberBuiltinKeywords.groovy:272)
	at com.kms.katalon.core.cucumber.keyword.CucumberBuiltinKeywords$_runWithCucumberRunner_closure3.doCall(CucumberBuiltinKeywords.groovy)
	at com.kms.katalon.core.keyword.internal.KeywordMain.runKeyword(KeywordMain.groovy:66)
	at com.kms.katalon.core.keyword.internal.KeywordMain$runKeyword.call(Unknown Source)
	at com.kms.katalon.core.cucumber.keyword.CucumberBuiltinKeywords.runWithCucumberRunner(CucumberBuiltinKeywords.groovy:257)
	at com.kms.katalon.core.cucumber.keyword.CucumberBuiltinKeywords$runWithCucumberRunner$0.callStatic(Unknown Source)
	at com.kms.katalon.core.cucumber.keyword.CucumberBuiltinKeywords.runWithCucumberRunner(CucumberBuiltinKeywords.groovy:357)
	at com.kms.katalon.core.cucumber.keyword.CucumberBuiltinKeywords$runWithCucumberRunner.call(Unknown Source)
	at TC_LPR_PerimeterMeasurements.run(TC_LPR_PerimeterMeasurements:17)
	at com.kms.katalon.core.main.ScriptEngine.run(ScriptEngine.java:194)
	at com.kms.katalon.core.main.ScriptEngine.runScriptAsRawText(ScriptEngine.java:119)
	at com.kms.katalon.core.main.TestCaseExecutor.runScript(TestCaseExecutor.java:331)
	at com.kms.katalon.core.main.TestCaseExecutor.doExecute(TestCaseExecutor.java:322)
	at com.kms.katalon.core.main.TestCaseExecutor.processExecutionPhase(TestCaseExecutor.java:301)
	at com.kms.katalon.core.main.TestCaseExecutor.accessMainPhase(TestCaseExecutor.java:293)
	at com.kms.katalon.core.main.TestCaseExecutor.execute(TestCaseExecutor.java:227)
	at com.kms.katalon.core.main.TestSuiteExecutor.accessTestCaseMainPhase(TestSuiteExecutor.java:129)
	at com.kms.katalon.core.main.TestSuiteExecutor.accessTestSuiteMainPhase(TestSuiteExecutor.java:112)
	at com.kms.katalon.core.main.TestSuiteExecutor.execute(TestSuiteExecutor.java:81)
	at com.kms.katalon.core.main.TestCaseMain.startTestSuite(TestCaseMain.java:157)
	at com.kms.katalon.core.main.TestCaseMain$startTestSuite$0.call(Unknown Source)
	at TempTestSuite1559659652314.run(TempTestSuite1559659652314.groovy:35)]]></system-out>
      <system-err><![CDATA[2019-06-04 20:17:39 - [TEST_SUITE][FAILED] - SmokeTest: Test Cases/LightPollutionReduction/TC_LPR_PerimeterMeasurements FAILED.
Reason:
com.kms.katalon.core.exception.StepFailedException: These following reason:
 [Unable to get attribute 'value' of object 'Object Repository/LightPollutionReduction/FixtureShielding/input_PercentIncrease']
	at com.kms.katalon.core.keyword.internal.KeywordMain.stepFailed(KeywordMain.groovy:48)
	at com.kms.katalon.core.keyword.internal.KeywordMain.stepFailed(KeywordMain.groovy)
	at com.kms.katalon.core.keyword.internal.KeywordMain.stepFailed(KeywordMain.groovy:21)
	at com.kms.katalon.core.keyword.internal.KeywordMain$stepFailed$0.call(Unknown Source)
	at com.kms.katalon.core.cucumber.keyword.CucumberBuiltinKeywords$_runWithCucumberRunner_closure3.doCall(CucumberBuiltinKeywords.groovy:272)
	at com.kms.katalon.core.cucumber.keyword.CucumberBuiltinKeywords$_runWithCucumberRunner_closure3.doCall(CucumberBuiltinKeywords.groovy)
	at com.kms.katalon.core.keyword.internal.KeywordMain.runKeyword(KeywordMain.groovy:66)
	at com.kms.katalon.core.keyword.internal.KeywordMain$runKeyword.call(Unknown Source)
	at com.kms.katalon.core.cucumber.keyword.CucumberBuiltinKeywords.runWithCucumberRunner(CucumberBuiltinKeywords.groovy:257)
	at com.kms.katalon.core.cucumber.keyword.CucumberBuiltinKeywords$runWithCucumberRunner$0.callStatic(Unknown Source)
	at com.kms.katalon.core.cucumber.keyword.CucumberBuiltinKeywords.runWithCucumberRunner(CucumberBuiltinKeywords.groovy:357)
	at com.kms.katalon.core.cucumber.keyword.CucumberBuiltinKeywords$runWithCucumberRunner.call(Unknown Source)
	at TC_LPR_PerimeterMeasurements.run(TC_LPR_PerimeterMeasurements:17)
	at com.kms.katalon.core.main.ScriptEngine.run(ScriptEngine.java:194)
	at com.kms.katalon.core.main.ScriptEngine.runScriptAsRawText(ScriptEngine.java:119)
	at com.kms.katalon.core.main.TestCaseExecutor.runScript(TestCaseExecutor.java:331)
	at com.kms.katalon.core.main.TestCaseExecutor.doExecute(TestCaseExecutor.java:322)
	at com.kms.katalon.core.main.TestCaseExecutor.processExecutionPhase(TestCaseExecutor.java:301)
	at com.kms.katalon.core.main.TestCaseExecutor.accessMainPhase(TestCaseExecutor.java:293)
	at com.kms.katalon.core.main.TestCaseExecutor.execute(TestCaseExecutor.java:227)
	at com.kms.katalon.core.main.TestSuiteExecutor.accessTestCaseMainPhase(TestSuiteExecutor.java:129)
	at com.kms.katalon.core.main.TestSuiteExecutor.accessTestSuiteMainPhase(TestSuiteExecutor.java:112)
	at com.kms.katalon.core.main.TestSuiteExecutor.execute(TestSuiteExecutor.java:81)
	at com.kms.katalon.core.main.TestCaseMain.startTestSuite(TestCaseMain.java:157)
	at com.kms.katalon.core.main.TestCaseMain$startTestSuite$0.call(Unknown Source)
	at TempTestSuite1559659652314.run(TempTestSuite1559659652314.groovy:35)]]></system-err>
   </testsuite>
</testsuites>
